Added Component: Designator=C1-1(LED 0603(2))
Add component. Clean all parameters for all variants
Added Component: Designator=C1-2(LED 0603(2))
Add component. Clean all parameters for all variants
Added Component: Designator=C1-3(LED 0603(2))
Add component. Clean all parameters for all variants
Added Component: Designator=C1-4(LED 0603(2))
Add component. Clean all parameters for all variants
Added Component: Designator=C1-5(LED 0603(2))
Add component. Clean all parameters for all variants
Added Component: Designator=C1-6(LED 0603(2))
Add component. Clean all parameters for all variants
Added Component: Designator=C1-7(LED 0603(2))
Add component. Clean all parameters for all variants
Added Component: Designator=C1-8(LED 0603(2))
Add component. Clean all parameters for all variants
Added Component: Designator=C1-9(LED 0603(2))
Add component. Clean all parameters for all variants
Added Component: Designator=C1-10(LED 0603(2))
Add component. Clean all parameters for all variants
Added Component: Designator=C1-11(LED 0603(2))
Add component. Clean all parameters for all variants
Added Component: Designator=C1-12(LED 0603(2))
Add component. Clean all parameters for all variants
Added Component: Designator=C1-13(LED 0603(2))
Add component. Clean all parameters for all variants
Added Component: Designator=C1-14(LED 0603(2))
Add component. Clean all parameters for all variants
Added Component: Designator=C1-15(LED 0603(2))
Add component. Clean all parameters for all variants
Added Component: Designator=C1-16(LED 0603(2))
Add component. Clean all parameters for all variants
Added Component: Designator=C1-17(LED 0603(2))
Add component. Clean all parameters for all variants
Added Component: Designator=C1-18(LED 0603(2))
Add component. Clean all parameters for all variants
Added Component: Designator=C1-19(LED 0603(2))
Add component. Clean all parameters for all variants
Added Component: Designator=C1-20(LED 0603(2))
Add component. Clean all parameters for all variants
Added Component: Designator=C1-21(LED 0603(2))
Add component. Clean all parameters for all variants
Added Component: Designator=C1-22(LED 0603(2))
Add component. Clean all parameters for all variants
Added Component: Designator=C1-23(LED 0603(2))
Add component. Clean all parameters for all variants
Added Component: Designator=C1-24(LED 0603(2))
Add component. Clean all parameters for all variants
Added Component: Designator=C1-25(LED 0603(2))
Add component. Clean all parameters for all variants
Added Component: Designator=C1-26(LED 0603(2))
Add component. Clean all parameters for all variants
Added Component: Designator=C1-27(LED 0603(2))
Add component. Clean all parameters for all variants
Added Component: Designator=C1-28(LED 0603(2))
Add component. Clean all parameters for all variants
Added Component: Designator=C1-29(LED 0603(2))
Add component. Clean all parameters for all variants
Added Component: Designator=C1-30(LED 0603(2))
Add component. Clean all parameters for all variants
Added Component: Designator=C1-31(LED 0603(2))
Add component. Clean all parameters for all variants
Added Component: Designator=C1-32(LED 0603(2))
Add component. Clean all parameters for all variants
Added Component: Designator=C1-33(LED 0603(2))
Add component. Clean all parameters for all variants
Added Component: Designator=C1-34(LED 0603(2))
Add component. Clean all parameters for all variants
Added Component: Designator=C1-35(LED 0603(2))
Add component. Clean all parameters for all variants
Added Component: Designator=C1-36(LED 0603(2))
Add component. Clean all parameters for all variants
Added Component: Designator=C1-37(LED 0603(2))
Add component. Clean all parameters for all variants
Added Component: Designator=C1-38(LED 0603(2))
Add component. Clean all parameters for all variants
Added Component: Designator=C1-39(LED 0603(2))
Add component. Clean all parameters for all variants
Added Component: Designator=C1-40(LED 0603(2))
Add component. Clean all parameters for all variants
Added Component: Designator=C1-41(LED 0603(2))
Add component. Clean all parameters for all variants
Added Component: Designator=C1-42(LED 0603(2))
Add component. Clean all parameters for all variants
Added Component: Designator=C1-43(LED 0603(2))
Add component. Clean all parameters for all variants
Added Component: Designator=C1-44(LED 0603(2))
Add component. Clean all parameters for all variants
Added Component: Designator=C1-45(LED 0603(2))
Add component. Clean all parameters for all variants
Added Component: Designator=C1-46(LED 0603(2))
Add component. Clean all parameters for all variants
Added Component: Designator=C1-47(LED 0603(2))
Add component. Clean all parameters for all variants
Added Component: Designator=C1-48(LED 0603(2))
Add component. Clean all parameters for all variants
Added Component: Designator=C1-49(LED 0603(2))
Add component. Clean all parameters for all variants
Added Component: Designator=C1-50(LED 0603(2))
Add component. Clean all parameters for all variants
Added Component: Designator=C1-51(LED 0603(2))
Add component. Clean all parameters for all variants
Added Component: Designator=C1-52(LED 0603(2))
Add component. Clean all parameters for all variants
Added Component: Designator=C1-53(LED 0603(2))
Add component. Clean all parameters for all variants
Added Component: Designator=C1-54(LED 0603(2))
Add component. Clean all parameters for all variants
Added Component: Designator=C1-55(LED 0603(2))
Add component. Clean all parameters for all variants
Added Component: Designator=C1-56(LED 0603(2))
Add component. Clean all parameters for all variants
Added Component: Designator=C1-57(LED 0603(2))
Add component. Clean all parameters for all variants
Added Component: Designator=C1-58(LED 0603(2))
Add component. Clean all parameters for all variants
Added Component: Designator=C1-59(LED 0603(2))
Add component. Clean all parameters for all variants
Added Component: Designator=C1-60(LED 0603(2))
Add component. Clean all parameters for all variants
Added Component: Designator=C1-61(LED 0603(2))
Add component. Clean all parameters for all variants
Added Component: Designator=C1-62(LED 0603(2))
Add component. Clean all parameters for all variants
Added Component: Designator=C1-63(LED 0603(2))
Add component. Clean all parameters for all variants
Added Component: Designator=C1-64(LED 0603(2))
Add component. Clean all parameters for all variants
Added Component: Designator=C1-65(LED 0603(2))
Add component. Clean all parameters for all variants
Added Component: Designator=C1-66(LED 0603(2))
Add component. Clean all parameters for all variants
Added Component: Designator=C1-67(LED 0603(2))
Add component. Clean all parameters for all variants
Added Component: Designator=C1-68(LED 0603(2))
Add component. Clean all parameters for all variants
Added Component: Designator=C1-69(LED 0603(2))
Add component. Clean all parameters for all variants
Added Component: Designator=C1-70(LED 0603(2))
Add component. Clean all parameters for all variants
Added Component: Designator=C1-71(LED 0603(2))
Add component. Clean all parameters for all variants
Added Component: Designator=C1-72(LED 0603(2))
Add component. Clean all parameters for all variants
Added Component: Designator=C1-73(LED 0603(2))
Add component. Clean all parameters for all variants
Added Component: Designator=C1-74(LED 0603(2))
Add component. Clean all parameters for all variants
Added Component: Designator=C1-75(LED 0603(2))
Add component. Clean all parameters for all variants
Added Component: Designator=C1-76(LED 0603(2))
Add component. Clean all parameters for all variants
Added Component: Designator=C1-77(LED 0603(2))
Add component. Clean all parameters for all variants
Added Component: Designator=C1-78(LED 0603(2))
Add component. Clean all parameters for all variants
Added Component: Designator=C1-79(LED 0603(2))
Add component. Clean all parameters for all variants
Added Component: Designator=C1-80(LED 0603(2))
Add component. Clean all parameters for all variants
Added Component: Designator=C1-81(LED 0603(2))
Add component. Clean all parameters for all variants
Added Component: Designator=C1-82(LED 0603(2))
Add component. Clean all parameters for all variants
Added Component: Designator=C1-83(LED 0603(2))
Add component. Clean all parameters for all variants
Added Component: Designator=C1-84(LED 0603(2))
Add component. Clean all parameters for all variants
Added Component: Designator=C1-85(LED 0603(2))
Add component. Clean all parameters for all variants
Added Component: Designator=C1-86(LED 0603(2))
Add component. Clean all parameters for all variants
Added Component: Designator=C1-87(LED 0603(2))
Add component. Clean all parameters for all variants
Added Component: Designator=C1-88(LED 0603(2))
Add component. Clean all parameters for all variants
Added Component: Designator=C1-89(LED 0603(2))
Add component. Clean all parameters for all variants
Added Component: Designator=C1-90(LED 0603(2))
Add component. Clean all parameters for all variants
Added Component: Designator=C1-91(LED 0603(2))
Add component. Clean all parameters for all variants
Added Component: Designator=C1-92(LED 0603(2))
Add component. Clean all parameters for all variants
Added Component: Designator=C1-93(LED 0603(2))
Add component. Clean all parameters for all variants
Added Component: Designator=C1-94(LED 0603(2))
Add component. Clean all parameters for all variants
Added Component: Designator=C1-95(LED 0603(2))
Add component. Clean all parameters for all variants
Added Component: Designator=C1-96(LED 0603(2))
Add component. Clean all parameters for all variants
Added Component: Designator=C1-97(LED 0603(2))
Add component. Clean all parameters for all variants
Added Component: Designator=C1-98(LED 0603(2))
Add component. Clean all parameters for all variants
Added Component: Designator=C1-99(LED 0603(2))
Add component. Clean all parameters for all variants
Added Component: Designator=C1-100(LED 0603(2))
Add component. Clean all parameters for all variants
Added Component: Designator=C1-101(LED 0603(2))
Add component. Clean all parameters for all variants
Added Component: Designator=C1-102(LED 0603(2))
Add component. Clean all parameters for all variants
Added Component: Designator=C1-103(LED 0603(2))
Add component. Clean all parameters for all variants
Added Component: Designator=C1-104(LED 0603(2))
Add component. Clean all parameters for all variants
Added Component: Designator=C1-105(LED 0603(2))
Add component. Clean all parameters for all variants
Added Component: Designator=C1-106(LED 0603(2))
Add component. Clean all parameters for all variants
Added Component: Designator=C1-107(LED 0603(2))
Add component. Clean all parameters for all variants
Added Component: Designator=C1-108(LED 0603(2))
Add component. Clean all parameters for all variants
Added Component: Designator=C1-109(LED 0603(2))
Add component. Clean all parameters for all variants
Added Component: Designator=C1-110(LED 0603(2))
Add component. Clean all parameters for all variants
Added Component: Designator=C1-111(LED 0603(2))
Add component. Clean all parameters for all variants
Added Component: Designator=C1-112(LED 0603(2))
Add component. Clean all parameters for all variants
Added Component: Designator=C1-113(LED 0603(2))
Add component. Clean all parameters for all variants
Added Component: Designator=C1-114(LED 0603(2))
Add component. Clean all parameters for all variants
Added Component: Designator=C1-115(LED 0603(2))
Add component. Clean all parameters for all variants
Added Component: Designator=C1-116(LED 0603(2))
Add component. Clean all parameters for all variants
Added Component: Designator=C1-117(LED 0603(2))
Add component. Clean all parameters for all variants
Added Component: Designator=C1-118(LED 0603(2))
Add component. Clean all parameters for all variants
Added Component: Designator=C1-119(LED 0603(2))
Add component. Clean all parameters for all variants
Added Component: Designator=C1-120(LED 0603(2))
Add component. Clean all parameters for all variants
Added Component: Designator=C1-121(LED 0603(2))
Add component. Clean all parameters for all variants
Added Component: Designator=C1-122(LED 0603(2))
Add component. Clean all parameters for all variants
Added Component: Designator=C1-123(LED 0603(2))
Add component. Clean all parameters for all variants
Added Component: Designator=C1-124(LED 0603(2))
Add component. Clean all parameters for all variants
Added Component: Designator=C1-125(LED 0603(2))
Add component. Clean all parameters for all variants
Added Component: Designator=C1-126(LED 0603(2))
Add component. Clean all parameters for all variants
Added Component: Designator=C1-127(LED 0603(2))
Add component. Clean all parameters for all variants
Added Component: Designator=C1-128(LED 0603(2))
Add component. Clean all parameters for all variants
Added Component: Designator=C1-129(LED 0603(2))
Add component. Clean all parameters for all variants
Added Component: Designator=C1-130(LED 0603(2))
Add component. Clean all parameters for all variants
Added Component: Designator=C1-131(LED 0603(2))
Add component. Clean all parameters for all variants
Added Component: Designator=C1-132(LED 0603(2))
Add component. Clean all parameters for all variants
Added Component: Designator=C1-133(LED 0603(2))
Add component. Clean all parameters for all variants
Added Component: Designator=C1-134(LED 0603(2))
Add component. Clean all parameters for all variants
Added Component: Designator=C1-135(LED 0603(2))
Add component. Clean all parameters for all variants
Added Component: Designator=C1-136(LED 0603(2))
Add component. Clean all parameters for all variants
Added Component: Designator=C1-137(LED 0603(2))
Add component. Clean all parameters for all variants
Added Component: Designator=C1-138(LED 0603(2))
Add component. Clean all parameters for all variants
Added Component: Designator=C1-139(LED 0603(2))
Add component. Clean all parameters for all variants
Added Component: Designator=C1-140(LED 0603(2))
Add component. Clean all parameters for all variants
Added Component: Designator=C1-141(LED 0603(2))
Add component. Clean all parameters for all variants
Added Component: Designator=C1-142(LED 0603(2))
Add component. Clean all parameters for all variants
Added Component: Designator=C1-143(LED 0603(2))
Add component. Clean all parameters for all variants
Added Component: Designator=C1-144(LED 0603(2))
Add component. Clean all parameters for all variants
Added Component: Designator=C1-145(LED 0603(2))
Add component. Clean all parameters for all variants
Added Component: Designator=C1-146(LED 0603(2))
Add component. Clean all parameters for all variants
Added Component: Designator=C1-147(LED 0603(2))
Add component. Clean all parameters for all variants
Added Component: Designator=C1-148(LED 0603(2))
Add component. Clean all parameters for all variants
Added Component: Designator=C1-149(LED 0603(2))
Add component. Clean all parameters for all variants
Added Component: Designator=C1-150(LED 0603(2))
Add component. Clean all parameters for all variants
Added Component: Designator=C1-151(LED 0603(2))
Add component. Clean all parameters for all variants
Added Component: Designator=C1-152(LED 0603(2))
Add component. Clean all parameters for all variants
Added Component: Designator=C1-153(LED 0603(2))
Add component. Clean all parameters for all variants
Added Component: Designator=C1-154(LED 0603(2))
Add component. Clean all parameters for all variants
Added Component: Designator=C1-155(LED 0603(2))
Add component. Clean all parameters for all variants
Added Component: Designator=C1-156(LED 0603(2))
Add component. Clean all parameters for all variants
Added Component: Designator=C1-157(LED 0603(2))
Add component. Clean all parameters for all variants
Added Component: Designator=C1-158(LED 0603(2))
Add component. Clean all parameters for all variants
Added Component: Designator=C1-159(LED 0603(2))
Add component. Clean all parameters for all variants
Added Component: Designator=C1-160(LED 0603(2))
Add component. Clean all parameters for all variants
Added Component: Designator=C1-161(LED 0603(2))
Add component. Clean all parameters for all variants
Added Component: Designator=C1-162(LED 0603(2))
Add component. Clean all parameters for all variants
Added Component: Designator=C1-163(LED 0603(2))
Add component. Clean all parameters for all variants
Added Component: Designator=C1-164(LED 0603(2))
Add component. Clean all parameters for all variants
Added Component: Designator=C1-165(LED 0603(2))
Add component. Clean all parameters for all variants
Added Component: Designator=C1-166(LED 0603(2))
Add component. Clean all parameters for all variants
Added Component: Designator=C1-167(LED 0603(2))
Add component. Clean all parameters for all variants
Added Component: Designator=C1-168(LED 0603(2))
Add component. Clean all parameters for all variants
Added Component: Designator=C1-169(LED 0603(2))
Add component. Clean all parameters for all variants
Added Component: Designator=C1-170(LED 0603(2))
Add component. Clean all parameters for all variants
Added Component: Designator=C1-171(LED 0603(2))
Add component. Clean all parameters for all variants
Added Component: Designator=C1-172(LED 0603(2))
Add component. Clean all parameters for all variants
Added Component: Designator=C1-173(LED 0603(2))
Add component. Clean all parameters for all variants
Added Component: Designator=C1-174(LED 0603(2))
Add component. Clean all parameters for all variants
Added Component: Designator=C1-175(LED 0603(2))
Add component. Clean all parameters for all variants
Added Component: Designator=C1-176(LED 0603(2))
Add component. Clean all parameters for all variants
Added Component: Designator=C1-177(LED 0603(2))
Add component. Clean all parameters for all variants
Added Component: Designator=C1-178(LED 0603(2))
Add component. Clean all parameters for all variants
Added Component: Designator=C1-179(LED 0603(2))
Add component. Clean all parameters for all variants
Added Component: Designator=C1-180(LED 0603(2))
Add component. Clean all parameters for all variants
Added Component: Designator=C1-181(LED 0603(2))
Add component. Clean all parameters for all variants
Added Component: Designator=C1-182(LED 0603(2))
Add component. Clean all parameters for all variants
Added Component: Designator=C1-183(LED 0603(2))
Add component. Clean all parameters for all variants
Added Component: Designator=C1-184(LED 0603(2))
Add component. Clean all parameters for all variants
Added Component: Designator=C1-185(LED 0603(2))
Add component. Clean all parameters for all variants
Added Component: Designator=C1-186(LED 0603(2))
Add component. Clean all parameters for all variants
Added Component: Designator=C1-187(LED 0603(2))
Add component. Clean all parameters for all variants
Added Component: Designator=C1-188(LED 0603(2))
Add component. Clean all parameters for all variants
Added Component: Designator=C1-189(LED 0603(2))
Add component. Clean all parameters for all variants
Added Component: Designator=C1-190(LED 0603(2))
Add component. Clean all parameters for all variants
Added Component: Designator=C1-191(LED 0603(2))
Add component. Clean all parameters for all variants
Added Component: Designator=C1-192(LED 0603(2))
Add component. Clean all parameters for all variants
Added Component: Designator=C1-193(LED 0603(2))
Add component. Clean all parameters for all variants
Added Component: Designator=C1-194(LED 0603(2))
Add component. Clean all parameters for all variants
Added Component: Designator=C1-195(LED 0603(2))
Add component. Clean all parameters for all variants
Added Component: Designator=C1-196(LED 0603(2))
Add component. Clean all parameters for all variants
Added Component: Designator=C1-197(LED 0603(2))
Add component. Clean all parameters for all variants
Added Component: Designator=C1-198(LED 0603(2))
Add component. Clean all parameters for all variants
Added Component: Designator=C1-199(LED 0603(2))
Add component. Clean all parameters for all variants
Added Component: Designator=C1-200(LED 0603(2))
Add component. Clean all parameters for all variants
Added Component: Designator=C1-201(LED 0603(2))
Add component. Clean all parameters for all variants
Added Component: Designator=C1-202(LED 0603(2))
Add component. Clean all parameters for all variants
Added Component: Designator=C1-203(LED 0603(2))
Add component. Clean all parameters for all variants
Added Component: Designator=C1-204(LED 0603(2))
Add component. Clean all parameters for all variants
Added Component: Designator=C1-205(LED 0603(2))
Add component. Clean all parameters for all variants
Added Component: Designator=C1-206(LED 0603(2))
Add component. Clean all parameters for all variants
Added Component: Designator=C1-207(LED 0603(2))
Add component. Clean all parameters for all variants
Added Component: Designator=C1-208(LED 0603(2))
Add component. Clean all parameters for all variants
Added Component: Designator=C1-209(LED 0603(2))
Add component. Clean all parameters for all variants
Added Component: Designator=C1-210(LED 0603(2))
Add component. Clean all parameters for all variants
Added Component: Designator=C1-211(LED 0603(2))
Add component. Clean all parameters for all variants
Added Component: Designator=C1-212(LED 0603(2))
Add component. Clean all parameters for all variants
Added Component: Designator=C1-213(LED 0603(2))
Add component. Clean all parameters for all variants
Added Component: Designator=C1-214(LED 0603(2))
Add component. Clean all parameters for all variants
Added Component: Designator=C1-215(LED 0603(2))
Add component. Clean all parameters for all variants
Added Component: Designator=C1-216(LED 0603(2))
Add component. Clean all parameters for all variants
Added Component: Designator=C1-217(LED 0603(2))
Add component. Clean all parameters for all variants
Added Component: Designator=C1-218(LED 0603(2))
Add component. Clean all parameters for all variants
Added Component: Designator=C1-219(LED 0603(2))
Add component. Clean all parameters for all variants
Added Component: Designator=C1-220(LED 0603(2))
Add component. Clean all parameters for all variants
Added Component: Designator=C1-221(LED 0603(2))
Add component. Clean all parameters for all variants
Added Component: Designator=C1-222(LED 0603(2))
Add component. Clean all parameters for all variants
Added Component: Designator=C1-223(LED 0603(2))
Add component. Clean all parameters for all variants
Added Component: Designator=C1-224(LED 0603(2))
Add component. Clean all parameters for all variants
Added Component: Designator=C1-225(LED 0603(2))
Add component. Clean all parameters for all variants
Added Component: Designator=C1-226(LED 0603(2))
Add component. Clean all parameters for all variants
Added Component: Designator=C1-227(LED 0603(2))
Add component. Clean all parameters for all variants
Added Component: Designator=C1-228(LED 0603(2))
Add component. Clean all parameters for all variants
Added Component: Designator=C1-229(LED 0603(2))
Add component. Clean all parameters for all variants
Added Component: Designator=C1-230(LED 0603(2))
Add component. Clean all parameters for all variants
Added Component: Designator=C1-231(LED 0603(2))
Add component. Clean all parameters for all variants
Added Component: Designator=C1-232(LED 0603(2))
Add component. Clean all parameters for all variants
Added Component: Designator=C1-233(LED 0603(2))
Add component. Clean all parameters for all variants
Added Component: Designator=C1-234(LED 0603(2))
Add component. Clean all parameters for all variants
Added Component: Designator=C1-235(LED 0603(2))
Add component. Clean all parameters for all variants
Added Component: Designator=C1-236(LED 0603(2))
Add component. Clean all parameters for all variants
Added Component: Designator=C1-237(LED 0603(2))
Add component. Clean all parameters for all variants
Added Component: Designator=C1-238(LED 0603(2))
Add component. Clean all parameters for all variants
Added Component: Designator=C1-239(LED 0603(2))
Add component. Clean all parameters for all variants
Added Component: Designator=C1-240(LED 0603(2))
Add component. Clean all parameters for all variants
Added Component: Designator=C1-241(LED 0603(2))
Add component. Clean all parameters for all variants
Added Component: Designator=C1-242(LED 0603(2))
Add component. Clean all parameters for all variants
Added Component: Designator=C1-243(LED 0603(2))
Add component. Clean all parameters for all variants
Added Component: Designator=C1-244(LED 0603(2))
Add component. Clean all parameters for all variants
Added Component: Designator=C1-245(LED 0603(2))
Add component. Clean all parameters for all variants
Added Component: Designator=C1-246(LED 0603(2))
Add component. Clean all parameters for all variants
Added Component: Designator=C1-247(LED 0603(2))
Add component. Clean all parameters for all variants
Added Component: Designator=C1-248(LED 0603(2))
Add component. Clean all parameters for all variants
Added Component: Designator=C1-249(LED 0603(2))
Add component. Clean all parameters for all variants
Added Component: Designator=C1-250(LED 0603(2))
Add component. Clean all parameters for all variants
Added Component: Designator=C1-251(LED 0603(2))
Add component. Clean all parameters for all variants
Added Component: Designator=C1-252(LED 0603(2))
Add component. Clean all parameters for all variants
Added Component: Designator=C1-253(LED 0603(2))
Add component. Clean all parameters for all variants
Added Component: Designator=C1-254(LED 0603(2))
Add component. Clean all parameters for all variants
Added Component: Designator=C1-255(LED 0603(2))
Add component. Clean all parameters for all variants
Added Component: Designator=C1-256(LED 0603(2))
Add component. Clean all parameters for all variants
Added Component: Designator=C1-257(LED 0603(2))
Add component. Clean all parameters for all variants
Added Component: Designator=C1-258(LED 0603(2))
Add component. Clean all parameters for all variants
Added Component: Designator=C1-259(LED 0603(2))
Add component. Clean all parameters for all variants
Added Component: Designator=C1-260(LED 0603(2))
Add component. Clean all parameters for all variants
Added Component: Designator=C1-261(LED 0603(2))
Add component. Clean all parameters for all variants
Added Component: Designator=C1-262(LED 0603(2))
Add component. Clean all parameters for all variants
Added Component: Designator=C1-263(LED 0603(2))
Add component. Clean all parameters for all variants
Added Component: Designator=C1-264(LED 0603(2))
Add component. Clean all parameters for all variants
Added Component: Designator=C1-265(LED 0603(2))
Add component. Clean all parameters for all variants
Added Component: Designator=C1-266(LED 0603(2))
Add component. Clean all parameters for all variants
Added Component: Designator=C1-267(LED 0603(2))
Add component. Clean all parameters for all variants
Added Component: Designator=C1-268(LED 0603(2))
Add component. Clean all parameters for all variants
Added Component: Designator=C1-269(LED 0603(2))
Add component. Clean all parameters for all variants
Added Component: Designator=C1-270(LED 0603(2))
Add component. Clean all parameters for all variants
Added Component: Designator=C1-271(LED 0603(2))
Add component. Clean all parameters for all variants
Added Component: Designator=C1-272(LED 0603(2))
Add component. Clean all parameters for all variants
Added Component: Designator=C1-273(LED 0603(2))
Add component. Clean all parameters for all variants
Added Component: Designator=C1-274(LED 0603(2))
Add component. Clean all parameters for all variants
Added Component: Designator=C1-275(LED 0603(2))
Add component. Clean all parameters for all variants
Added Component: Designator=C1-276(LED 0603(2))
Add component. Clean all parameters for all variants
Added Component: Designator=C1-277(LED 0603(2))
Add component. Clean all parameters for all variants
Added Component: Designator=C1-278(LED 0603(2))
Add component. Clean all parameters for all variants
Added Component: Designator=C1-279(LED 0603(2))
Add component. Clean all parameters for all variants
Added Component: Designator=C1-280(LED 0603(2))
Add component. Clean all parameters for all variants
Added Component: Designator=C1-281(LED 0603(2))
Add component. Clean all parameters for all variants
Added Component: Designator=C1-282(LED 0603(2))
Add component. Clean all parameters for all variants
Added Component: Designator=C1-283(LED 0603(2))
Add component. Clean all parameters for all variants
Added Component: Designator=C1-284(LED 0603(2))
Add component. Clean all parameters for all variants
Added Component: Designator=C1-285(LED 0603(2))
Add component. Clean all parameters for all variants
Added Component: Designator=C1-286(LED 0603(2))
Add component. Clean all parameters for all variants
Added Component: Designator=C1-287(LED 0603(2))
Add component. Clean all parameters for all variants
Added Component: Designator=C1-288(LED 0603(2))
Add component. Clean all parameters for all variants
Added Component: Designator=C1-289(LED 0603(2))
Add component. Clean all parameters for all variants
Added Component: Designator=C1-290(LED 0603(2))
Add component. Clean all parameters for all variants
Added Component: Designator=C1-291(LED 0603(2))
Add component. Clean all parameters for all variants
Added Component: Designator=C1-292(LED 0603(2))
Add component. Clean all parameters for all variants
Added Component: Designator=C1-293(LED 0603(2))
Add component. Clean all parameters for all variants
Added Component: Designator=C1-294(LED 0603(2))
Add component. Clean all parameters for all variants
Added Component: Designator=C1-295(LED 0603(2))
Add component. Clean all parameters for all variants
Added Component: Designator=C1-296(LED 0603(2))
Add component. Clean all parameters for all variants
Added Component: Designator=C1-297(LED 0603(2))
Add component. Clean all parameters for all variants
Added Component: Designator=C1-298(LED 0603(2))
Add component. Clean all parameters for all variants
Added Component: Designator=C1-299(LED 0603(2))
Add component. Clean all parameters for all variants
Added Component: Designator=C1-300(LED 0603(2))
Add component. Clean all parameters for all variants
Added Component: Designator=C1-301(LED 0603(2))
Add component. Clean all parameters for all variants
Added Component: Designator=C1-302(LED 0603(2))
Add component. Clean all parameters for all variants
Added Component: Designator=C1-303(LED 0603(2))
Add component. Clean all parameters for all variants
Added Component: Designator=C1-304(LED 0603(2))
Add component. Clean all parameters for all variants
Added Component: Designator=C1-305(LED 0603(2))
Add component. Clean all parameters for all variants
Added Component: Designator=C1-306(LED 0603(2))
Add component. Clean all parameters for all variants
Added Component: Designator=C1-307(LED 0603(2))
Add component. Clean all parameters for all variants
Added Component: Designator=C1-308(LED 0603(2))
Add component. Clean all parameters for all variants
Added Component: Designator=C1-309(LED 0603(2))
Add component. Clean all parameters for all variants
Added Component: Designator=C1-310(LED 0603(2))
Add component. Clean all parameters for all variants
Added Component: Designator=C1-311(LED 0603(2))
Add component. Clean all parameters for all variants
Added Component: Designator=C1-312(LED 0603(2))
Add component. Clean all parameters for all variants
Added Component: Designator=C1-313(LED 0603(2))
Add component. Clean all parameters for all variants
Added Component: Designator=C1-314(LED 0603(2))
Add component. Clean all parameters for all variants
Added Component: Designator=C1-315(LED 0603(2))
Add component. Clean all parameters for all variants
Added Component: Designator=C1-316(LED 0603(2))
Add component. Clean all parameters for all variants
Added Component: Designator=C1-317(LED 0603(2))
Add component. Clean all parameters for all variants
Added Component: Designator=C1-318(LED 0603(2))
Add component. Clean all parameters for all variants
Added Component: Designator=C1-319(LED 0603(2))
Add component. Clean all parameters for all variants
Added Component: Designator=C1-320(LED 0603(2))
Add component. Clean all parameters for all variants
Added Component: Designator=C1-321(LED 0603(2))
Add component. Clean all parameters for all variants
Added Component: Designator=C1-322(LED 0603(2))
Add component. Clean all parameters for all variants
Added Component: Designator=C1-323(LED 0603(2))
Add component. Clean all parameters for all variants
Added Component: Designator=C1-324(LED 0603(2))
Add component. Clean all parameters for all variants
Added Component: Designator=C1-325(LED 0603(2))
Add component. Clean all parameters for all variants
Added Component: Designator=C1-326(LED 0603(2))
Add component. Clean all parameters for all variants
Added Component: Designator=C1-327(LED 0603(2))
Add component. Clean all parameters for all variants
Added Component: Designator=C1-328(LED 0603(2))
Add component. Clean all parameters for all variants
Added Component: Designator=C1-329(LED 0603(2))
Add component. Clean all parameters for all variants
Added Component: Designator=C1-330(LED 0603(2))
Add component. Clean all parameters for all variants
Added Component: Designator=C1-331(LED 0603(2))
Add component. Clean all parameters for all variants
Added Component: Designator=C1-332(LED 0603(2))
Add component. Clean all parameters for all variants
Added Component: Designator=C1-333(LED 0603(2))
Add component. Clean all parameters for all variants
Added Component: Designator=C1-334(LED 0603(2))
Add component. Clean all parameters for all variants
Added Component: Designator=C1-335(LED 0603(2))
Add component. Clean all parameters for all variants
Added Component: Designator=C1-336(LED 0603(2))
Add component. Clean all parameters for all variants
Added Component: Designator=C1-337(LED 0603(2))
Add component. Clean all parameters for all variants
Added Component: Designator=C1-338(LED 0603(2))
Add component. Clean all parameters for all variants
Added Component: Designator=C1-339(LED 0603(2))
Add component. Clean all parameters for all variants
Added Component: Designator=C1-340(LED 0603(2))
Add component. Clean all parameters for all variants
Added Component: Designator=C1-341(LED 0603(2))
Add component. Clean all parameters for all variants
Added Component: Designator=C1-342(LED 0603(2))
Add component. Clean all parameters for all variants
Added Component: Designator=C1-343(LED 0603(2))
Add component. Clean all parameters for all variants
Added Component: Designator=C1-344(LED 0603(2))
Add component. Clean all parameters for all variants
Added Component: Designator=C1-345(LED 0603(2))
Add component. Clean all parameters for all variants
Added Component: Designator=C1-346(LED 0603(2))
Add component. Clean all parameters for all variants
Added Component: Designator=C1-347(LED 0603(2))
Add component. Clean all parameters for all variants
Added Component: Designator=C1-348(LED 0603(2))
Add component. Clean all parameters for all variants
Added Component: Designator=C1-349(LED 0603(2))
Add component. Clean all parameters for all variants
Added Component: Designator=C1-350(LED 0603(2))
Add component. Clean all parameters for all variants
Added Component: Designator=C1-351(LED 0603(2))
Add component. Clean all parameters for all variants
Added Pin To Net: NetName=CS1 Pin=C1-1-2
Added Pin To Net: NetName=CS1 Pin=C1-40-2
Added Pin To Net: NetName=CS1 Pin=C1-79-2
Added Pin To Net: NetName=CS1 Pin=C1-118-2
Added Pin To Net: NetName=CS1 Pin=C1-157-2
Added Pin To Net: NetName=CS1 Pin=C1-196-2
Added Pin To Net: NetName=CS1 Pin=C1-235-2
Added Pin To Net: NetName=CS1 Pin=C1-274-2
Added Pin To Net: NetName=CS1 Pin=C1-313-2
Added Net: Name=CS1
Added Pin To Net: NetName=CS2 Pin=C1-2-2
Added Pin To Net: NetName=CS2 Pin=C1-41-2
Added Pin To Net: NetName=CS2 Pin=C1-80-2
Added Pin To Net: NetName=CS2 Pin=C1-119-2
Added Pin To Net: NetName=CS2 Pin=C1-158-2
Added Pin To Net: NetName=CS2 Pin=C1-197-2
Added Pin To Net: NetName=CS2 Pin=C1-236-2
Added Pin To Net: NetName=CS2 Pin=C1-275-2
Added Pin To Net: NetName=CS2 Pin=C1-314-2
Added Net: Name=CS2
Added Pin To Net: NetName=CS3 Pin=C1-3-2
Added Pin To Net: NetName=CS3 Pin=C1-42-2
Added Pin To Net: NetName=CS3 Pin=C1-81-2
Added Pin To Net: NetName=CS3 Pin=C1-120-2
Added Pin To Net: NetName=CS3 Pin=C1-159-2
Added Pin To Net: NetName=CS3 Pin=C1-198-2
Added Pin To Net: NetName=CS3 Pin=C1-237-2
Added Pin To Net: NetName=CS3 Pin=C1-276-2
Added Pin To Net: NetName=CS3 Pin=C1-315-2
Added Net: Name=CS3
Added Pin To Net: NetName=CS4 Pin=C1-4-2
Added Pin To Net: NetName=CS4 Pin=C1-43-2
Added Pin To Net: NetName=CS4 Pin=C1-82-2
Added Pin To Net: NetName=CS4 Pin=C1-121-2
Added Pin To Net: NetName=CS4 Pin=C1-160-2
Added Pin To Net: NetName=CS4 Pin=C1-199-2
Added Pin To Net: NetName=CS4 Pin=C1-238-2
Added Pin To Net: NetName=CS4 Pin=C1-277-2
Added Pin To Net: NetName=CS4 Pin=C1-316-2
Added Net: Name=CS4
Added Pin To Net: NetName=CS5 Pin=C1-5-2
Added Pin To Net: NetName=CS5 Pin=C1-44-2
Added Pin To Net: NetName=CS5 Pin=C1-83-2
Added Pin To Net: NetName=CS5 Pin=C1-122-2
Added Pin To Net: NetName=CS5 Pin=C1-161-2
Added Pin To Net: NetName=CS5 Pin=C1-200-2
Added Pin To Net: NetName=CS5 Pin=C1-239-2
Added Pin To Net: NetName=CS5 Pin=C1-278-2
Added Pin To Net: NetName=CS5 Pin=C1-317-2
Added Net: Name=CS5
Added Pin To Net: NetName=CS6 Pin=C1-6-2
Added Pin To Net: NetName=CS6 Pin=C1-45-2
Added Pin To Net: NetName=CS6 Pin=C1-84-2
Added Pin To Net: NetName=CS6 Pin=C1-123-2
Added Pin To Net: NetName=CS6 Pin=C1-162-2
Added Pin To Net: NetName=CS6 Pin=C1-201-2
Added Pin To Net: NetName=CS6 Pin=C1-240-2
Added Pin To Net: NetName=CS6 Pin=C1-279-2
Added Pin To Net: NetName=CS6 Pin=C1-318-2
Added Net: Name=CS6
Added Pin To Net: NetName=CS7 Pin=C1-7-2
Added Pin To Net: NetName=CS7 Pin=C1-46-2
Added Pin To Net: NetName=CS7 Pin=C1-85-2
Added Pin To Net: NetName=CS7 Pin=C1-124-2
Added Pin To Net: NetName=CS7 Pin=C1-163-2
Added Pin To Net: NetName=CS7 Pin=C1-202-2
Added Pin To Net: NetName=CS7 Pin=C1-241-2
Added Pin To Net: NetName=CS7 Pin=C1-280-2
Added Pin To Net: NetName=CS7 Pin=C1-319-2
Added Net: Name=CS7
Added Pin To Net: NetName=CS8 Pin=C1-8-2
Added Pin To Net: NetName=CS8 Pin=C1-47-2
Added Pin To Net: NetName=CS8 Pin=C1-86-2
Added Pin To Net: NetName=CS8 Pin=C1-125-2
Added Pin To Net: NetName=CS8 Pin=C1-164-2
Added Pin To Net: NetName=CS8 Pin=C1-203-2
Added Pin To Net: NetName=CS8 Pin=C1-242-2
Added Pin To Net: NetName=CS8 Pin=C1-281-2
Added Pin To Net: NetName=CS8 Pin=C1-320-2
Added Net: Name=CS8
Added Pin To Net: NetName=CS9 Pin=C1-9-2
Added Pin To Net: NetName=CS9 Pin=C1-48-2
Added Pin To Net: NetName=CS9 Pin=C1-87-2
Added Pin To Net: NetName=CS9 Pin=C1-126-2
Added Pin To Net: NetName=CS9 Pin=C1-165-2
Added Pin To Net: NetName=CS9 Pin=C1-204-2
Added Pin To Net: NetName=CS9 Pin=C1-243-2
Added Pin To Net: NetName=CS9 Pin=C1-282-2
Added Pin To Net: NetName=CS9 Pin=C1-321-2
Added Net: Name=CS9
Added Pin To Net: NetName=CS10 Pin=C1-10-2
Added Pin To Net: NetName=CS10 Pin=C1-49-2
Added Pin To Net: NetName=CS10 Pin=C1-88-2
Added Pin To Net: NetName=CS10 Pin=C1-127-2
Added Pin To Net: NetName=CS10 Pin=C1-166-2
Added Pin To Net: NetName=CS10 Pin=C1-205-2
Added Pin To Net: NetName=CS10 Pin=C1-244-2
Added Pin To Net: NetName=CS10 Pin=C1-283-2
Added Pin To Net: NetName=CS10 Pin=C1-322-2
Added Net: Name=CS10
Added Pin To Net: NetName=CS11 Pin=C1-11-2
Added Pin To Net: NetName=CS11 Pin=C1-50-2
Added Pin To Net: NetName=CS11 Pin=C1-89-2
Added Pin To Net: NetName=CS11 Pin=C1-128-2
Added Pin To Net: NetName=CS11 Pin=C1-167-2
Added Pin To Net: NetName=CS11 Pin=C1-206-2
Added Pin To Net: NetName=CS11 Pin=C1-245-2
Added Pin To Net: NetName=CS11 Pin=C1-284-2
Added Pin To Net: NetName=CS11 Pin=C1-323-2
Added Net: Name=CS11
Added Pin To Net: NetName=CS12 Pin=C1-12-2
Added Pin To Net: NetName=CS12 Pin=C1-51-2
Added Pin To Net: NetName=CS12 Pin=C1-90-2
Added Pin To Net: NetName=CS12 Pin=C1-129-2
Added Pin To Net: NetName=CS12 Pin=C1-168-2
Added Pin To Net: NetName=CS12 Pin=C1-207-2
Added Pin To Net: NetName=CS12 Pin=C1-246-2
Added Pin To Net: NetName=CS12 Pin=C1-285-2
Added Pin To Net: NetName=CS12 Pin=C1-324-2
Added Net: Name=CS12
Added Pin To Net: NetName=CS13 Pin=C1-13-2
Added Pin To Net: NetName=CS13 Pin=C1-52-2
Added Pin To Net: NetName=CS13 Pin=C1-91-2
Added Pin To Net: NetName=CS13 Pin=C1-130-2
Added Pin To Net: NetName=CS13 Pin=C1-169-2
Added Pin To Net: NetName=CS13 Pin=C1-208-2
Added Pin To Net: NetName=CS13 Pin=C1-247-2
Added Pin To Net: NetName=CS13 Pin=C1-286-2
Added Pin To Net: NetName=CS13 Pin=C1-325-2
Added Net: Name=CS13
Added Pin To Net: NetName=CS14 Pin=C1-14-2
Added Pin To Net: NetName=CS14 Pin=C1-53-2
Added Pin To Net: NetName=CS14 Pin=C1-92-2
Added Pin To Net: NetName=CS14 Pin=C1-131-2
Added Pin To Net: NetName=CS14 Pin=C1-170-2
Added Pin To Net: NetName=CS14 Pin=C1-209-2
Added Pin To Net: NetName=CS14 Pin=C1-248-2
Added Pin To Net: NetName=CS14 Pin=C1-287-2
Added Pin To Net: NetName=CS14 Pin=C1-326-2
Added Net: Name=CS14
Added Pin To Net: NetName=CS15 Pin=C1-15-2
Added Pin To Net: NetName=CS15 Pin=C1-54-2
Added Pin To Net: NetName=CS15 Pin=C1-93-2
Added Pin To Net: NetName=CS15 Pin=C1-132-2
Added Pin To Net: NetName=CS15 Pin=C1-171-2
Added Pin To Net: NetName=CS15 Pin=C1-210-2
Added Pin To Net: NetName=CS15 Pin=C1-249-2
Added Pin To Net: NetName=CS15 Pin=C1-288-2
Added Pin To Net: NetName=CS15 Pin=C1-327-2
Added Net: Name=CS15
Added Pin To Net: NetName=CS16 Pin=C1-16-2
Added Pin To Net: NetName=CS16 Pin=C1-55-2
Added Pin To Net: NetName=CS16 Pin=C1-94-2
Added Pin To Net: NetName=CS16 Pin=C1-133-2
Added Pin To Net: NetName=CS16 Pin=C1-172-2
Added Pin To Net: NetName=CS16 Pin=C1-211-2
Added Pin To Net: NetName=CS16 Pin=C1-250-2
Added Pin To Net: NetName=CS16 Pin=C1-289-2
Added Pin To Net: NetName=CS16 Pin=C1-328-2
Added Net: Name=CS16
Added Pin To Net: NetName=CS17 Pin=C1-17-2
Added Pin To Net: NetName=CS17 Pin=C1-56-2
Added Pin To Net: NetName=CS17 Pin=C1-95-2
Added Pin To Net: NetName=CS17 Pin=C1-134-2
Added Pin To Net: NetName=CS17 Pin=C1-173-2
Added Pin To Net: NetName=CS17 Pin=C1-212-2
Added Pin To Net: NetName=CS17 Pin=C1-251-2
Added Pin To Net: NetName=CS17 Pin=C1-290-2
Added Pin To Net: NetName=CS17 Pin=C1-329-2
Added Net: Name=CS17
Added Pin To Net: NetName=CS18 Pin=C1-18-2
Added Pin To Net: NetName=CS18 Pin=C1-57-2
Added Pin To Net: NetName=CS18 Pin=C1-96-2
Added Pin To Net: NetName=CS18 Pin=C1-135-2
Added Pin To Net: NetName=CS18 Pin=C1-174-2
Added Pin To Net: NetName=CS18 Pin=C1-213-2
Added Pin To Net: NetName=CS18 Pin=C1-252-2
Added Pin To Net: NetName=CS18 Pin=C1-291-2
Added Pin To Net: NetName=CS18 Pin=C1-330-2
Added Net: Name=CS18
Added Pin To Net: NetName=CS19 Pin=C1-19-2
Added Pin To Net: NetName=CS19 Pin=C1-58-2
Added Pin To Net: NetName=CS19 Pin=C1-97-2
Added Pin To Net: NetName=CS19 Pin=C1-136-2
Added Pin To Net: NetName=CS19 Pin=C1-175-2
Added Pin To Net: NetName=CS19 Pin=C1-214-2
Added Pin To Net: NetName=CS19 Pin=C1-253-2
Added Pin To Net: NetName=CS19 Pin=C1-292-2
Added Pin To Net: NetName=CS19 Pin=C1-331-2
Added Net: Name=CS19
Added Pin To Net: NetName=CS20 Pin=C1-20-2
Added Pin To Net: NetName=CS20 Pin=C1-59-2
Added Pin To Net: NetName=CS20 Pin=C1-98-2
Added Pin To Net: NetName=CS20 Pin=C1-137-2
Added Pin To Net: NetName=CS20 Pin=C1-176-2
Added Pin To Net: NetName=CS20 Pin=C1-215-2
Added Pin To Net: NetName=CS20 Pin=C1-254-2
Added Pin To Net: NetName=CS20 Pin=C1-293-2
Added Pin To Net: NetName=CS20 Pin=C1-332-2
Added Net: Name=CS20
Added Pin To Net: NetName=CS21 Pin=C1-21-2
Added Pin To Net: NetName=CS21 Pin=C1-60-2
Added Pin To Net: NetName=CS21 Pin=C1-99-2
Added Pin To Net: NetName=CS21 Pin=C1-138-2
Added Pin To Net: NetName=CS21 Pin=C1-177-2
Added Pin To Net: NetName=CS21 Pin=C1-216-2
Added Pin To Net: NetName=CS21 Pin=C1-255-2
Added Pin To Net: NetName=CS21 Pin=C1-294-2
Added Pin To Net: NetName=CS21 Pin=C1-333-2
Added Net: Name=CS21
Added Pin To Net: NetName=CS22 Pin=C1-22-2
Added Pin To Net: NetName=CS22 Pin=C1-61-2
Added Pin To Net: NetName=CS22 Pin=C1-100-2
Added Pin To Net: NetName=CS22 Pin=C1-139-2
Added Pin To Net: NetName=CS22 Pin=C1-178-2
Added Pin To Net: NetName=CS22 Pin=C1-217-2
Added Pin To Net: NetName=CS22 Pin=C1-256-2
Added Pin To Net: NetName=CS22 Pin=C1-295-2
Added Pin To Net: NetName=CS22 Pin=C1-334-2
Added Net: Name=CS22
Added Pin To Net: NetName=CS23 Pin=C1-23-2
Added Pin To Net: NetName=CS23 Pin=C1-62-2
Added Pin To Net: NetName=CS23 Pin=C1-101-2
Added Pin To Net: NetName=CS23 Pin=C1-140-2
Added Pin To Net: NetName=CS23 Pin=C1-179-2
Added Pin To Net: NetName=CS23 Pin=C1-218-2
Added Pin To Net: NetName=CS23 Pin=C1-257-2
Added Pin To Net: NetName=CS23 Pin=C1-296-2
Added Pin To Net: NetName=CS23 Pin=C1-335-2
Added Net: Name=CS23
Added Pin To Net: NetName=CS24 Pin=C1-24-2
Added Pin To Net: NetName=CS24 Pin=C1-63-2
Added Pin To Net: NetName=CS24 Pin=C1-102-2
Added Pin To Net: NetName=CS24 Pin=C1-141-2
Added Pin To Net: NetName=CS24 Pin=C1-180-2
Added Pin To Net: NetName=CS24 Pin=C1-219-2
Added Pin To Net: NetName=CS24 Pin=C1-258-2
Added Pin To Net: NetName=CS24 Pin=C1-297-2
Added Pin To Net: NetName=CS24 Pin=C1-336-2
Added Net: Name=CS24
Added Pin To Net: NetName=CS25 Pin=C1-25-2
Added Pin To Net: NetName=CS25 Pin=C1-64-2
Added Pin To Net: NetName=CS25 Pin=C1-103-2
Added Pin To Net: NetName=CS25 Pin=C1-142-2
Added Pin To Net: NetName=CS25 Pin=C1-181-2
Added Pin To Net: NetName=CS25 Pin=C1-220-2
Added Pin To Net: NetName=CS25 Pin=C1-259-2
Added Pin To Net: NetName=CS25 Pin=C1-298-2
Added Pin To Net: NetName=CS25 Pin=C1-337-2
Added Net: Name=CS25
Added Pin To Net: NetName=CS26 Pin=C1-26-2
Added Pin To Net: NetName=CS26 Pin=C1-65-2
Added Pin To Net: NetName=CS26 Pin=C1-104-2
Added Pin To Net: NetName=CS26 Pin=C1-143-2
Added Pin To Net: NetName=CS26 Pin=C1-182-2
Added Pin To Net: NetName=CS26 Pin=C1-221-2
Added Pin To Net: NetName=CS26 Pin=C1-260-2
Added Pin To Net: NetName=CS26 Pin=C1-299-2
Added Pin To Net: NetName=CS26 Pin=C1-338-2
Added Net: Name=CS26
Added Pin To Net: NetName=CS27 Pin=C1-27-2
Added Pin To Net: NetName=CS27 Pin=C1-66-2
Added Pin To Net: NetName=CS27 Pin=C1-105-2
Added Pin To Net: NetName=CS27 Pin=C1-144-2
Added Pin To Net: NetName=CS27 Pin=C1-183-2
Added Pin To Net: NetName=CS27 Pin=C1-222-2
Added Pin To Net: NetName=CS27 Pin=C1-261-2
Added Pin To Net: NetName=CS27 Pin=C1-300-2
Added Pin To Net: NetName=CS27 Pin=C1-339-2
Added Net: Name=CS27
Added Pin To Net: NetName=CS28 Pin=C1-28-2
Added Pin To Net: NetName=CS28 Pin=C1-67-2
Added Pin To Net: NetName=CS28 Pin=C1-106-2
Added Pin To Net: NetName=CS28 Pin=C1-145-2
Added Pin To Net: NetName=CS28 Pin=C1-184-2
Added Pin To Net: NetName=CS28 Pin=C1-223-2
Added Pin To Net: NetName=CS28 Pin=C1-262-2
Added Pin To Net: NetName=CS28 Pin=C1-301-2
Added Pin To Net: NetName=CS28 Pin=C1-340-2
Added Net: Name=CS28
Added Pin To Net: NetName=CS29 Pin=C1-29-2
Added Pin To Net: NetName=CS29 Pin=C1-68-2
Added Pin To Net: NetName=CS29 Pin=C1-107-2
Added Pin To Net: NetName=CS29 Pin=C1-146-2
Added Pin To Net: NetName=CS29 Pin=C1-185-2
Added Pin To Net: NetName=CS29 Pin=C1-224-2
Added Pin To Net: NetName=CS29 Pin=C1-263-2
Added Pin To Net: NetName=CS29 Pin=C1-302-2
Added Pin To Net: NetName=CS29 Pin=C1-341-2
Added Net: Name=CS29
Added Pin To Net: NetName=CS30 Pin=C1-30-2
Added Pin To Net: NetName=CS30 Pin=C1-69-2
Added Pin To Net: NetName=CS30 Pin=C1-108-2
Added Pin To Net: NetName=CS30 Pin=C1-147-2
Added Pin To Net: NetName=CS30 Pin=C1-186-2
Added Pin To Net: NetName=CS30 Pin=C1-225-2
Added Pin To Net: NetName=CS30 Pin=C1-264-2
Added Pin To Net: NetName=CS30 Pin=C1-303-2
Added Pin To Net: NetName=CS30 Pin=C1-342-2
Added Net: Name=CS30
Added Pin To Net: NetName=CS31 Pin=C1-31-2
Added Pin To Net: NetName=CS31 Pin=C1-70-2
Added Pin To Net: NetName=CS31 Pin=C1-109-2
Added Pin To Net: NetName=CS31 Pin=C1-148-2
Added Pin To Net: NetName=CS31 Pin=C1-187-2
Added Pin To Net: NetName=CS31 Pin=C1-226-2
Added Pin To Net: NetName=CS31 Pin=C1-265-2
Added Pin To Net: NetName=CS31 Pin=C1-304-2
Added Pin To Net: NetName=CS31 Pin=C1-343-2
Added Net: Name=CS31
Added Pin To Net: NetName=CS32 Pin=C1-32-2
Added Pin To Net: NetName=CS32 Pin=C1-71-2
Added Pin To Net: NetName=CS32 Pin=C1-110-2
Added Pin To Net: NetName=CS32 Pin=C1-149-2
Added Pin To Net: NetName=CS32 Pin=C1-188-2
Added Pin To Net: NetName=CS32 Pin=C1-227-2
Added Pin To Net: NetName=CS32 Pin=C1-266-2
Added Pin To Net: NetName=CS32 Pin=C1-305-2
Added Pin To Net: NetName=CS32 Pin=C1-344-2
Added Net: Name=CS32
Added Pin To Net: NetName=CS33 Pin=C1-33-2
Added Pin To Net: NetName=CS33 Pin=C1-72-2
Added Pin To Net: NetName=CS33 Pin=C1-111-2
Added Pin To Net: NetName=CS33 Pin=C1-150-2
Added Pin To Net: NetName=CS33 Pin=C1-189-2
Added Pin To Net: NetName=CS33 Pin=C1-228-2
Added Pin To Net: NetName=CS33 Pin=C1-267-2
Added Pin To Net: NetName=CS33 Pin=C1-306-2
Added Pin To Net: NetName=CS33 Pin=C1-345-2
Added Net: Name=CS33
Added Pin To Net: NetName=CS34 Pin=C1-34-2
Added Pin To Net: NetName=CS34 Pin=C1-73-2
Added Pin To Net: NetName=CS34 Pin=C1-112-2
Added Pin To Net: NetName=CS34 Pin=C1-151-2
Added Pin To Net: NetName=CS34 Pin=C1-190-2
Added Pin To Net: NetName=CS34 Pin=C1-229-2
Added Pin To Net: NetName=CS34 Pin=C1-268-2
Added Pin To Net: NetName=CS34 Pin=C1-307-2
Added Pin To Net: NetName=CS34 Pin=C1-346-2
Added Net: Name=CS34
Added Pin To Net: NetName=CS35 Pin=C1-35-2
Added Pin To Net: NetName=CS35 Pin=C1-74-2
Added Pin To Net: NetName=CS35 Pin=C1-113-2
Added Pin To Net: NetName=CS35 Pin=C1-152-2
Added Pin To Net: NetName=CS35 Pin=C1-191-2
Added Pin To Net: NetName=CS35 Pin=C1-230-2
Added Pin To Net: NetName=CS35 Pin=C1-269-2
Added Pin To Net: NetName=CS35 Pin=C1-308-2
Added Pin To Net: NetName=CS35 Pin=C1-347-2
Added Net: Name=CS35
Added Pin To Net: NetName=CS36 Pin=C1-36-2
Added Pin To Net: NetName=CS36 Pin=C1-75-2
Added Pin To Net: NetName=CS36 Pin=C1-114-2
Added Pin To Net: NetName=CS36 Pin=C1-153-2
Added Pin To Net: NetName=CS36 Pin=C1-192-2
Added Pin To Net: NetName=CS36 Pin=C1-231-2
Added Pin To Net: NetName=CS36 Pin=C1-270-2
Added Pin To Net: NetName=CS36 Pin=C1-309-2
Added Pin To Net: NetName=CS36 Pin=C1-348-2
Added Net: Name=CS36
Added Pin To Net: NetName=CS37 Pin=C1-37-2
Added Pin To Net: NetName=CS37 Pin=C1-76-2
Added Pin To Net: NetName=CS37 Pin=C1-115-2
Added Pin To Net: NetName=CS37 Pin=C1-154-2
Added Pin To Net: NetName=CS37 Pin=C1-193-2
Added Pin To Net: NetName=CS37 Pin=C1-232-2
Added Pin To Net: NetName=CS37 Pin=C1-271-2
Added Pin To Net: NetName=CS37 Pin=C1-310-2
Added Pin To Net: NetName=CS37 Pin=C1-349-2
Added Net: Name=CS37
Added Pin To Net: NetName=CS38 Pin=C1-38-2
Added Pin To Net: NetName=CS38 Pin=C1-77-2
Added Pin To Net: NetName=CS38 Pin=C1-116-2
Added Pin To Net: NetName=CS38 Pin=C1-155-2
Added Pin To Net: NetName=CS38 Pin=C1-194-2
Added Pin To Net: NetName=CS38 Pin=C1-233-2
Added Pin To Net: NetName=CS38 Pin=C1-272-2
Added Pin To Net: NetName=CS38 Pin=C1-311-2
Added Pin To Net: NetName=CS38 Pin=C1-350-2
Added Net: Name=CS38
Added Pin To Net: NetName=CS39 Pin=C1-39-2
Added Pin To Net: NetName=CS39 Pin=C1-78-2
Added Pin To Net: NetName=CS39 Pin=C1-117-2
Added Pin To Net: NetName=CS39 Pin=C1-156-2
Added Pin To Net: NetName=CS39 Pin=C1-195-2
Added Pin To Net: NetName=CS39 Pin=C1-234-2
Added Pin To Net: NetName=CS39 Pin=C1-273-2
Added Pin To Net: NetName=CS39 Pin=C1-312-2
Added Pin To Net: NetName=CS39 Pin=C1-351-2
Added Net: Name=CS39
Added Pin To Net: NetName=SW1 Pin=C1-1-1
Added Pin To Net: NetName=SW1 Pin=C1-2-1
Added Pin To Net: NetName=SW1 Pin=C1-3-1
Added Pin To Net: NetName=SW1 Pin=C1-4-1
Added Pin To Net: NetName=SW1 Pin=C1-5-1
Added Pin To Net: NetName=SW1 Pin=C1-6-1
Added Pin To Net: NetName=SW1 Pin=C1-7-1
Added Pin To Net: NetName=SW1 Pin=C1-8-1
Added Pin To Net: NetName=SW1 Pin=C1-9-1
Added Pin To Net: NetName=SW1 Pin=C1-10-1
Added Pin To Net: NetName=SW1 Pin=C1-11-1
Added Pin To Net: NetName=SW1 Pin=C1-12-1
Added Pin To Net: NetName=SW1 Pin=C1-13-1
Added Pin To Net: NetName=SW1 Pin=C1-14-1
Added Pin To Net: NetName=SW1 Pin=C1-15-1
Added Pin To Net: NetName=SW1 Pin=C1-16-1
Added Pin To Net: NetName=SW1 Pin=C1-17-1
Added Pin To Net: NetName=SW1 Pin=C1-18-1
Added Pin To Net: NetName=SW1 Pin=C1-19-1
Added Pin To Net: NetName=SW1 Pin=C1-20-1
Added Pin To Net: NetName=SW1 Pin=C1-21-1
Added Pin To Net: NetName=SW1 Pin=C1-22-1
Added Pin To Net: NetName=SW1 Pin=C1-23-1
Added Pin To Net: NetName=SW1 Pin=C1-24-1
Added Pin To Net: NetName=SW1 Pin=C1-25-1
Added Pin To Net: NetName=SW1 Pin=C1-26-1
Added Pin To Net: NetName=SW1 Pin=C1-27-1
Added Pin To Net: NetName=SW1 Pin=C1-28-1
Added Pin To Net: NetName=SW1 Pin=C1-29-1
Added Pin To Net: NetName=SW1 Pin=C1-30-1
Added Pin To Net: NetName=SW1 Pin=C1-31-1
Added Pin To Net: NetName=SW1 Pin=C1-32-1
Added Pin To Net: NetName=SW1 Pin=C1-33-1
Added Pin To Net: NetName=SW1 Pin=C1-34-1
Added Pin To Net: NetName=SW1 Pin=C1-35-1
Added Pin To Net: NetName=SW1 Pin=C1-36-1
Added Pin To Net: NetName=SW1 Pin=C1-37-1
Added Pin To Net: NetName=SW1 Pin=C1-38-1
Added Pin To Net: NetName=SW1 Pin=C1-39-1
Added Net: Name=SW1
Added Pin To Net: NetName=SW2 Pin=C1-40-1
Added Pin To Net: NetName=SW2 Pin=C1-41-1
Added Pin To Net: NetName=SW2 Pin=C1-42-1
Added Pin To Net: NetName=SW2 Pin=C1-43-1
Added Pin To Net: NetName=SW2 Pin=C1-44-1
Added Pin To Net: NetName=SW2 Pin=C1-45-1
Added Pin To Net: NetName=SW2 Pin=C1-46-1
Added Pin To Net: NetName=SW2 Pin=C1-47-1
Added Pin To Net: NetName=SW2 Pin=C1-48-1
Added Pin To Net: NetName=SW2 Pin=C1-49-1
Added Pin To Net: NetName=SW2 Pin=C1-50-1
Added Pin To Net: NetName=SW2 Pin=C1-51-1
Added Pin To Net: NetName=SW2 Pin=C1-52-1
Added Pin To Net: NetName=SW2 Pin=C1-53-1
Added Pin To Net: NetName=SW2 Pin=C1-54-1
Added Pin To Net: NetName=SW2 Pin=C1-55-1
Added Pin To Net: NetName=SW2 Pin=C1-56-1
Added Pin To Net: NetName=SW2 Pin=C1-57-1
Added Pin To Net: NetName=SW2 Pin=C1-58-1
Added Pin To Net: NetName=SW2 Pin=C1-59-1
Added Pin To Net: NetName=SW2 Pin=C1-60-1
Added Pin To Net: NetName=SW2 Pin=C1-61-1
Added Pin To Net: NetName=SW2 Pin=C1-62-1
Added Pin To Net: NetName=SW2 Pin=C1-63-1
Added Pin To Net: NetName=SW2 Pin=C1-64-1
Added Pin To Net: NetName=SW2 Pin=C1-65-1
Added Pin To Net: NetName=SW2 Pin=C1-66-1
Added Pin To Net: NetName=SW2 Pin=C1-67-1
Added Pin To Net: NetName=SW2 Pin=C1-68-1
Added Pin To Net: NetName=SW2 Pin=C1-69-1
Added Pin To Net: NetName=SW2 Pin=C1-70-1
Added Pin To Net: NetName=SW2 Pin=C1-71-1
Added Pin To Net: NetName=SW2 Pin=C1-72-1
Added Pin To Net: NetName=SW2 Pin=C1-73-1
Added Pin To Net: NetName=SW2 Pin=C1-74-1
Added Pin To Net: NetName=SW2 Pin=C1-75-1
Added Pin To Net: NetName=SW2 Pin=C1-76-1
Added Pin To Net: NetName=SW2 Pin=C1-77-1
Added Pin To Net: NetName=SW2 Pin=C1-78-1
Added Net: Name=SW2
Added Pin To Net: NetName=SW3 Pin=C1-79-1
Added Pin To Net: NetName=SW3 Pin=C1-80-1
Added Pin To Net: NetName=SW3 Pin=C1-81-1
Added Pin To Net: NetName=SW3 Pin=C1-82-1
Added Pin To Net: NetName=SW3 Pin=C1-83-1
Added Pin To Net: NetName=SW3 Pin=C1-84-1
Added Pin To Net: NetName=SW3 Pin=C1-85-1
Added Pin To Net: NetName=SW3 Pin=C1-86-1
Added Pin To Net: NetName=SW3 Pin=C1-87-1
Added Pin To Net: NetName=SW3 Pin=C1-88-1
Added Pin To Net: NetName=SW3 Pin=C1-89-1
Added Pin To Net: NetName=SW3 Pin=C1-90-1
Added Pin To Net: NetName=SW3 Pin=C1-91-1
Added Pin To Net: NetName=SW3 Pin=C1-92-1
Added Pin To Net: NetName=SW3 Pin=C1-93-1
Added Pin To Net: NetName=SW3 Pin=C1-94-1
Added Pin To Net: NetName=SW3 Pin=C1-95-1
Added Pin To Net: NetName=SW3 Pin=C1-96-1
Added Pin To Net: NetName=SW3 Pin=C1-97-1
Added Pin To Net: NetName=SW3 Pin=C1-98-1
Added Pin To Net: NetName=SW3 Pin=C1-99-1
Added Pin To Net: NetName=SW3 Pin=C1-100-1
Added Pin To Net: NetName=SW3 Pin=C1-101-1
Added Pin To Net: NetName=SW3 Pin=C1-102-1
Added Pin To Net: NetName=SW3 Pin=C1-103-1
Added Pin To Net: NetName=SW3 Pin=C1-104-1
Added Pin To Net: NetName=SW3 Pin=C1-105-1
Added Pin To Net: NetName=SW3 Pin=C1-106-1
Added Pin To Net: NetName=SW3 Pin=C1-107-1
Added Pin To Net: NetName=SW3 Pin=C1-108-1
Added Pin To Net: NetName=SW3 Pin=C1-109-1
Added Pin To Net: NetName=SW3 Pin=C1-110-1
Added Pin To Net: NetName=SW3 Pin=C1-111-1
Added Pin To Net: NetName=SW3 Pin=C1-112-1
Added Pin To Net: NetName=SW3 Pin=C1-113-1
Added Pin To Net: NetName=SW3 Pin=C1-114-1
Added Pin To Net: NetName=SW3 Pin=C1-115-1
Added Pin To Net: NetName=SW3 Pin=C1-116-1
Added Pin To Net: NetName=SW3 Pin=C1-117-1
Added Net: Name=SW3
Added Pin To Net: NetName=SW4 Pin=C1-118-1
Added Pin To Net: NetName=SW4 Pin=C1-119-1
Added Pin To Net: NetName=SW4 Pin=C1-120-1
Added Pin To Net: NetName=SW4 Pin=C1-121-1
Added Pin To Net: NetName=SW4 Pin=C1-122-1
Added Pin To Net: NetName=SW4 Pin=C1-123-1
Added Pin To Net: NetName=SW4 Pin=C1-124-1
Added Pin To Net: NetName=SW4 Pin=C1-125-1
Added Pin To Net: NetName=SW4 Pin=C1-126-1
Added Pin To Net: NetName=SW4 Pin=C1-127-1
Added Pin To Net: NetName=SW4 Pin=C1-128-1
Added Pin To Net: NetName=SW4 Pin=C1-129-1
Added Pin To Net: NetName=SW4 Pin=C1-130-1
Added Pin To Net: NetName=SW4 Pin=C1-131-1
Added Pin To Net: NetName=SW4 Pin=C1-132-1
Added Pin To Net: NetName=SW4 Pin=C1-133-1
Added Pin To Net: NetName=SW4 Pin=C1-134-1
Added Pin To Net: NetName=SW4 Pin=C1-135-1
Added Pin To Net: NetName=SW4 Pin=C1-136-1
Added Pin To Net: NetName=SW4 Pin=C1-137-1
Added Pin To Net: NetName=SW4 Pin=C1-138-1
Added Pin To Net: NetName=SW4 Pin=C1-139-1
Added Pin To Net: NetName=SW4 Pin=C1-140-1
Added Pin To Net: NetName=SW4 Pin=C1-141-1
Added Pin To Net: NetName=SW4 Pin=C1-142-1
Added Pin To Net: NetName=SW4 Pin=C1-143-1
Added Pin To Net: NetName=SW4 Pin=C1-144-1
Added Pin To Net: NetName=SW4 Pin=C1-145-1
Added Pin To Net: NetName=SW4 Pin=C1-146-1
Added Pin To Net: NetName=SW4 Pin=C1-147-1
Added Pin To Net: NetName=SW4 Pin=C1-148-1
Added Pin To Net: NetName=SW4 Pin=C1-149-1
Added Pin To Net: NetName=SW4 Pin=C1-150-1
Added Pin To Net: NetName=SW4 Pin=C1-151-1
Added Pin To Net: NetName=SW4 Pin=C1-152-1
Added Pin To Net: NetName=SW4 Pin=C1-153-1
Added Pin To Net: NetName=SW4 Pin=C1-154-1
Added Pin To Net: NetName=SW4 Pin=C1-155-1
Added Pin To Net: NetName=SW4 Pin=C1-156-1
Added Net: Name=SW4
Added Pin To Net: NetName=SW5 Pin=C1-157-1
Added Pin To Net: NetName=SW5 Pin=C1-158-1
Added Pin To Net: NetName=SW5 Pin=C1-159-1
Added Pin To Net: NetName=SW5 Pin=C1-160-1
Added Pin To Net: NetName=SW5 Pin=C1-161-1
Added Pin To Net: NetName=SW5 Pin=C1-162-1
Added Pin To Net: NetName=SW5 Pin=C1-163-1
Added Pin To Net: NetName=SW5 Pin=C1-164-1
Added Pin To Net: NetName=SW5 Pin=C1-165-1
Added Pin To Net: NetName=SW5 Pin=C1-166-1
Added Pin To Net: NetName=SW5 Pin=C1-167-1
Added Pin To Net: NetName=SW5 Pin=C1-168-1
Added Pin To Net: NetName=SW5 Pin=C1-169-1
Added Pin To Net: NetName=SW5 Pin=C1-170-1
Added Pin To Net: NetName=SW5 Pin=C1-171-1
Added Pin To Net: NetName=SW5 Pin=C1-172-1
Added Pin To Net: NetName=SW5 Pin=C1-173-1
Added Pin To Net: NetName=SW5 Pin=C1-174-1
Added Pin To Net: NetName=SW5 Pin=C1-175-1
Added Pin To Net: NetName=SW5 Pin=C1-176-1
Added Pin To Net: NetName=SW5 Pin=C1-177-1
Added Pin To Net: NetName=SW5 Pin=C1-178-1
Added Pin To Net: NetName=SW5 Pin=C1-179-1
Added Pin To Net: NetName=SW5 Pin=C1-180-1
Added Pin To Net: NetName=SW5 Pin=C1-181-1
Added Pin To Net: NetName=SW5 Pin=C1-182-1
Added Pin To Net: NetName=SW5 Pin=C1-183-1
Added Pin To Net: NetName=SW5 Pin=C1-184-1
Added Pin To Net: NetName=SW5 Pin=C1-185-1
Added Pin To Net: NetName=SW5 Pin=C1-186-1
Added Pin To Net: NetName=SW5 Pin=C1-187-1
Added Pin To Net: NetName=SW5 Pin=C1-188-1
Added Pin To Net: NetName=SW5 Pin=C1-189-1
Added Pin To Net: NetName=SW5 Pin=C1-190-1
Added Pin To Net: NetName=SW5 Pin=C1-191-1
Added Pin To Net: NetName=SW5 Pin=C1-192-1
Added Pin To Net: NetName=SW5 Pin=C1-193-1
Added Pin To Net: NetName=SW5 Pin=C1-194-1
Added Pin To Net: NetName=SW5 Pin=C1-195-1
Added Net: Name=SW5
Added Pin To Net: NetName=SW6 Pin=C1-196-1
Added Pin To Net: NetName=SW6 Pin=C1-197-1
Added Pin To Net: NetName=SW6 Pin=C1-198-1
Added Pin To Net: NetName=SW6 Pin=C1-199-1
Added Pin To Net: NetName=SW6 Pin=C1-200-1
Added Pin To Net: NetName=SW6 Pin=C1-201-1
Added Pin To Net: NetName=SW6 Pin=C1-202-1
Added Pin To Net: NetName=SW6 Pin=C1-203-1
Added Pin To Net: NetName=SW6 Pin=C1-204-1
Added Pin To Net: NetName=SW6 Pin=C1-205-1
Added Pin To Net: NetName=SW6 Pin=C1-206-1
Added Pin To Net: NetName=SW6 Pin=C1-207-1
Added Pin To Net: NetName=SW6 Pin=C1-208-1
Added Pin To Net: NetName=SW6 Pin=C1-209-1
Added Pin To Net: NetName=SW6 Pin=C1-210-1
Added Pin To Net: NetName=SW6 Pin=C1-211-1
Added Pin To Net: NetName=SW6 Pin=C1-212-1
Added Pin To Net: NetName=SW6 Pin=C1-213-1
Added Pin To Net: NetName=SW6 Pin=C1-214-1
Added Pin To Net: NetName=SW6 Pin=C1-215-1
Added Pin To Net: NetName=SW6 Pin=C1-216-1
Added Pin To Net: NetName=SW6 Pin=C1-217-1
Added Pin To Net: NetName=SW6 Pin=C1-218-1
Added Pin To Net: NetName=SW6 Pin=C1-219-1
Added Pin To Net: NetName=SW6 Pin=C1-220-1
Added Pin To Net: NetName=SW6 Pin=C1-221-1
Added Pin To Net: NetName=SW6 Pin=C1-222-1
Added Pin To Net: NetName=SW6 Pin=C1-223-1
Added Pin To Net: NetName=SW6 Pin=C1-224-1
Added Pin To Net: NetName=SW6 Pin=C1-225-1
Added Pin To Net: NetName=SW6 Pin=C1-226-1
Added Pin To Net: NetName=SW6 Pin=C1-227-1
Added Pin To Net: NetName=SW6 Pin=C1-228-1
Added Pin To Net: NetName=SW6 Pin=C1-229-1
Added Pin To Net: NetName=SW6 Pin=C1-230-1
Added Pin To Net: NetName=SW6 Pin=C1-231-1
Added Pin To Net: NetName=SW6 Pin=C1-232-1
Added Pin To Net: NetName=SW6 Pin=C1-233-1
Added Pin To Net: NetName=SW6 Pin=C1-234-1
Added Net: Name=SW6
Added Pin To Net: NetName=SW7 Pin=C1-235-1
Added Pin To Net: NetName=SW7 Pin=C1-236-1
Added Pin To Net: NetName=SW7 Pin=C1-237-1
Added Pin To Net: NetName=SW7 Pin=C1-238-1
Added Pin To Net: NetName=SW7 Pin=C1-239-1
Added Pin To Net: NetName=SW7 Pin=C1-240-1
Added Pin To Net: NetName=SW7 Pin=C1-241-1
Added Pin To Net: NetName=SW7 Pin=C1-242-1
Added Pin To Net: NetName=SW7 Pin=C1-243-1
Added Pin To Net: NetName=SW7 Pin=C1-244-1
Added Pin To Net: NetName=SW7 Pin=C1-245-1
Added Pin To Net: NetName=SW7 Pin=C1-246-1
Added Pin To Net: NetName=SW7 Pin=C1-247-1
Added Pin To Net: NetName=SW7 Pin=C1-248-1
Added Pin To Net: NetName=SW7 Pin=C1-249-1
Added Pin To Net: NetName=SW7 Pin=C1-250-1
Added Pin To Net: NetName=SW7 Pin=C1-251-1
Added Pin To Net: NetName=SW7 Pin=C1-252-1
Added Pin To Net: NetName=SW7 Pin=C1-253-1
Added Pin To Net: NetName=SW7 Pin=C1-254-1
Added Pin To Net: NetName=SW7 Pin=C1-255-1
Added Pin To Net: NetName=SW7 Pin=C1-256-1
Added Pin To Net: NetName=SW7 Pin=C1-257-1
Added Pin To Net: NetName=SW7 Pin=C1-258-1
Added Pin To Net: NetName=SW7 Pin=C1-259-1
Added Pin To Net: NetName=SW7 Pin=C1-260-1
Added Pin To Net: NetName=SW7 Pin=C1-261-1
Added Pin To Net: NetName=SW7 Pin=C1-262-1
Added Pin To Net: NetName=SW7 Pin=C1-263-1
Added Pin To Net: NetName=SW7 Pin=C1-264-1
Added Pin To Net: NetName=SW7 Pin=C1-265-1
Added Pin To Net: NetName=SW7 Pin=C1-266-1
Added Pin To Net: NetName=SW7 Pin=C1-267-1
Added Pin To Net: NetName=SW7 Pin=C1-268-1
Added Pin To Net: NetName=SW7 Pin=C1-269-1
Added Pin To Net: NetName=SW7 Pin=C1-270-1
Added Pin To Net: NetName=SW7 Pin=C1-271-1
Added Pin To Net: NetName=SW7 Pin=C1-272-1
Added Pin To Net: NetName=SW7 Pin=C1-273-1
Added Net: Name=SW7
Added Pin To Net: NetName=SW8 Pin=C1-274-1
Added Pin To Net: NetName=SW8 Pin=C1-275-1
Added Pin To Net: NetName=SW8 Pin=C1-276-1
Added Pin To Net: NetName=SW8 Pin=C1-277-1
Added Pin To Net: NetName=SW8 Pin=C1-278-1
Added Pin To Net: NetName=SW8 Pin=C1-279-1
Added Pin To Net: NetName=SW8 Pin=C1-280-1
Added Pin To Net: NetName=SW8 Pin=C1-281-1
Added Pin To Net: NetName=SW8 Pin=C1-282-1
Added Pin To Net: NetName=SW8 Pin=C1-283-1
Added Pin To Net: NetName=SW8 Pin=C1-284-1
Added Pin To Net: NetName=SW8 Pin=C1-285-1
Added Pin To Net: NetName=SW8 Pin=C1-286-1
Added Pin To Net: NetName=SW8 Pin=C1-287-1
Added Pin To Net: NetName=SW8 Pin=C1-288-1
Added Pin To Net: NetName=SW8 Pin=C1-289-1
Added Pin To Net: NetName=SW8 Pin=C1-290-1
Added Pin To Net: NetName=SW8 Pin=C1-291-1
Added Pin To Net: NetName=SW8 Pin=C1-292-1
Added Pin To Net: NetName=SW8 Pin=C1-293-1
Added Pin To Net: NetName=SW8 Pin=C1-294-1
Added Pin To Net: NetName=SW8 Pin=C1-295-1
Added Pin To Net: NetName=SW8 Pin=C1-296-1
Added Pin To Net: NetName=SW8 Pin=C1-297-1
Added Pin To Net: NetName=SW8 Pin=C1-298-1
Added Pin To Net: NetName=SW8 Pin=C1-299-1
Added Pin To Net: NetName=SW8 Pin=C1-300-1
Added Pin To Net: NetName=SW8 Pin=C1-301-1
Added Pin To Net: NetName=SW8 Pin=C1-302-1
Added Pin To Net: NetName=SW8 Pin=C1-303-1
Added Pin To Net: NetName=SW8 Pin=C1-304-1
Added Pin To Net: NetName=SW8 Pin=C1-305-1
Added Pin To Net: NetName=SW8 Pin=C1-306-1
Added Pin To Net: NetName=SW8 Pin=C1-307-1
Added Pin To Net: NetName=SW8 Pin=C1-308-1
Added Pin To Net: NetName=SW8 Pin=C1-309-1
Added Pin To Net: NetName=SW8 Pin=C1-310-1
Added Pin To Net: NetName=SW8 Pin=C1-311-1
Added Pin To Net: NetName=SW8 Pin=C1-312-1
Added Net: Name=SW8
Added Pin To Net: NetName=SW9 Pin=C1-313-1
Added Pin To Net: NetName=SW9 Pin=C1-314-1
Added Pin To Net: NetName=SW9 Pin=C1-315-1
Added Pin To Net: NetName=SW9 Pin=C1-316-1
Added Pin To Net: NetName=SW9 Pin=C1-317-1
Added Pin To Net: NetName=SW9 Pin=C1-318-1
Added Pin To Net: NetName=SW9 Pin=C1-319-1
Added Pin To Net: NetName=SW9 Pin=C1-320-1
Added Pin To Net: NetName=SW9 Pin=C1-321-1
Added Pin To Net: NetName=SW9 Pin=C1-322-1
Added Pin To Net: NetName=SW9 Pin=C1-323-1
Added Pin To Net: NetName=SW9 Pin=C1-324-1
Added Pin To Net: NetName=SW9 Pin=C1-325-1
Added Pin To Net: NetName=SW9 Pin=C1-326-1
Added Pin To Net: NetName=SW9 Pin=C1-327-1
Added Pin To Net: NetName=SW9 Pin=C1-328-1
Added Pin To Net: NetName=SW9 Pin=C1-329-1
Added Pin To Net: NetName=SW9 Pin=C1-330-1
Added Pin To Net: NetName=SW9 Pin=C1-331-1
Added Pin To Net: NetName=SW9 Pin=C1-332-1
Added Pin To Net: NetName=SW9 Pin=C1-333-1
Added Pin To Net: NetName=SW9 Pin=C1-334-1
Added Pin To Net: NetName=SW9 Pin=C1-335-1
Added Pin To Net: NetName=SW9 Pin=C1-336-1
Added Pin To Net: NetName=SW9 Pin=C1-337-1
Added Pin To Net: NetName=SW9 Pin=C1-338-1
Added Pin To Net: NetName=SW9 Pin=C1-339-1
Added Pin To Net: NetName=SW9 Pin=C1-340-1
Added Pin To Net: NetName=SW9 Pin=C1-341-1
Added Pin To Net: NetName=SW9 Pin=C1-342-1
Added Pin To Net: NetName=SW9 Pin=C1-343-1
Added Pin To Net: NetName=SW9 Pin=C1-344-1
Added Pin To Net: NetName=SW9 Pin=C1-345-1
Added Pin To Net: NetName=SW9 Pin=C1-346-1
Added Pin To Net: NetName=SW9 Pin=C1-347-1
Added Pin To Net: NetName=SW9 Pin=C1-348-1
Added Pin To Net: NetName=SW9 Pin=C1-349-1
Added Pin To Net: NetName=SW9 Pin=C1-350-1
Added Pin To Net: NetName=SW9 Pin=C1-351-1
Added Net: Name=SW9
Added Class: Name=Sheet4_Matrix
