Removed Pin From Net: NetName=SW1 Pin=P1-1
Removed Pin From Net: NetName=SW2 Pin=P1-2
Removed Pin From Net: NetName=SW3 Pin=P1-3
Removed Pin From Net: NetName=SW4 Pin=P1-4
Removed Pin From Net: NetName=SW6 Pin=P1-6
Removed Pin From Net: NetName=SW7 Pin=P1-7
Removed Pin From Net: NetName=SW8 Pin=P1-8
Removed Pin From Net: NetName=SW9 Pin=P1-9
Change Component Designator: OldDesignator=C1-1 NewDesignator=C157
Change Component Designator: OldDesignator=C1-2 NewDesignator=C158
Change Component Designator: OldDesignator=C1-3 NewDesignator=C159
Change Component Designator: OldDesignator=C1-4 NewDesignator=C160
Change Component Designator: OldDesignator=C1-5 NewDesignator=C161
Change Component Designator: OldDesignator=C1-6 NewDesignator=C162
Change Component Designator: OldDesignator=C1-7 NewDesignator=C163
Change Component Designator: OldDesignator=C1-8 NewDesignator=C164
Change Component Designator: OldDesignator=C1-9 NewDesignator=C165
Change Component Designator: OldDesignator=C1-10 NewDesignator=C166
Change Component Designator: OldDesignator=C1-11 NewDesignator=C167
Change Component Designator: OldDesignator=C1-12 NewDesignator=C168
Change Component Designator: OldDesignator=C1-13 NewDesignator=C169
Change Component Designator: OldDesignator=C1-14 NewDesignator=C170
Change Component Designator: OldDesignator=C1-15 NewDesignator=C171
Change Component Designator: OldDesignator=C1-16 NewDesignator=C172
Change Component Designator: OldDesignator=C1-17 NewDesignator=C173
Change Component Designator: OldDesignator=C1-18 NewDesignator=C174
Change Component Designator: OldDesignator=C1-19 NewDesignator=C175
Change Component Designator: OldDesignator=C1-20 NewDesignator=C176
Change Component Designator: OldDesignator=C1-21 NewDesignator=C177
Change Component Designator: OldDesignator=C1-22 NewDesignator=C178
Change Component Designator: OldDesignator=C1-23 NewDesignator=C179
Change Component Designator: OldDesignator=C1-24 NewDesignator=C180
Change Component Designator: OldDesignator=C1-25 NewDesignator=C181
Change Component Designator: OldDesignator=C1-26 NewDesignator=C182
Change Component Designator: OldDesignator=C1-27 NewDesignator=C183
Change Component Designator: OldDesignator=C1-28 NewDesignator=C184
Change Component Designator: OldDesignator=C1-29 NewDesignator=C185
Change Component Designator: OldDesignator=C1-30 NewDesignator=C186
Change Component Designator: OldDesignator=C1-31 NewDesignator=C187
Change Component Designator: OldDesignator=C1-32 NewDesignator=C188
Change Component Designator: OldDesignator=C1-33 NewDesignator=C189
Change Component Designator: OldDesignator=C1-34 NewDesignator=C190
Change Component Designator: OldDesignator=C1-35 NewDesignator=C191
Change Component Designator: OldDesignator=C1-36 NewDesignator=C192
Change Component Designator: OldDesignator=C1-37 NewDesignator=C193
Change Component Designator: OldDesignator=C1-38 NewDesignator=C194
Change Component Designator: OldDesignator=C1-39 NewDesignator=C195
Change Component Designator: OldDesignator=C1-40 NewDesignator=C196
Change Component Designator: OldDesignator=C1-41 NewDesignator=C197
Change Component Designator: OldDesignator=C1-42 NewDesignator=C198
Change Component Designator: OldDesignator=C1-43 NewDesignator=C199
Change Component Designator: OldDesignator=C1-44 NewDesignator=C200
Change Component Designator: OldDesignator=C1-45 NewDesignator=C201
Change Component Designator: OldDesignator=C1-46 NewDesignator=C202
Change Component Designator: OldDesignator=C1-47 NewDesignator=C203
Change Component Designator: OldDesignator=C1-48 NewDesignator=C204
Change Component Designator: OldDesignator=C1-49 NewDesignator=C205
Change Component Designator: OldDesignator=C1-50 NewDesignator=C206
Change Component Designator: OldDesignator=C1-51 NewDesignator=C207
Change Component Designator: OldDesignator=C1-52 NewDesignator=C208
Change Component Designator: OldDesignator=C1-53 NewDesignator=C209
Change Component Designator: OldDesignator=C1-54 NewDesignator=C210
Change Component Designator: OldDesignator=C1-55 NewDesignator=C211
Change Component Designator: OldDesignator=C1-56 NewDesignator=C212
Change Component Designator: OldDesignator=C1-57 NewDesignator=C213
Change Component Designator: OldDesignator=C1-58 NewDesignator=C214
Change Component Designator: OldDesignator=C1-59 NewDesignator=C215
Change Component Designator: OldDesignator=C1-60 NewDesignator=C216
Change Component Designator: OldDesignator=C1-61 NewDesignator=C217
Change Component Designator: OldDesignator=C1-62 NewDesignator=C218
Change Component Designator: OldDesignator=C1-63 NewDesignator=C219
Change Component Designator: OldDesignator=C1-64 NewDesignator=C220
Change Component Designator: OldDesignator=C1-65 NewDesignator=C221
Change Component Designator: OldDesignator=C1-66 NewDesignator=C222
Change Component Designator: OldDesignator=C1-67 NewDesignator=C223
Change Component Designator: OldDesignator=C1-68 NewDesignator=C224
Change Component Designator: OldDesignator=C1-69 NewDesignator=C225
Change Component Designator: OldDesignator=C1-70 NewDesignator=C226
Change Component Designator: OldDesignator=C1-71 NewDesignator=C227
Change Component Designator: OldDesignator=C1-72 NewDesignator=C228
Change Component Designator: OldDesignator=C1-73 NewDesignator=C229
Change Component Designator: OldDesignator=C1-74 NewDesignator=C230
Change Component Designator: OldDesignator=C1-75 NewDesignator=C231
Change Component Designator: OldDesignator=C1-76 NewDesignator=C232
Change Component Designator: OldDesignator=C1-77 NewDesignator=C233
Change Component Designator: OldDesignator=C1-78 NewDesignator=C234
Change Component Designator: OldDesignator=C1-79 NewDesignator=C235
Change Component Designator: OldDesignator=C1-80 NewDesignator=C236
Change Component Designator: OldDesignator=C1-81 NewDesignator=C237
Change Component Designator: OldDesignator=C1-82 NewDesignator=C238
Change Component Designator: OldDesignator=C1-83 NewDesignator=C239
Change Component Designator: OldDesignator=C1-84 NewDesignator=C240
Change Component Designator: OldDesignator=C1-85 NewDesignator=C241
Change Component Designator: OldDesignator=C1-86 NewDesignator=C242
Change Component Designator: OldDesignator=C1-87 NewDesignator=C243
Change Component Designator: OldDesignator=C1-88 NewDesignator=C244
Change Component Designator: OldDesignator=C1-89 NewDesignator=C245
Change Component Designator: OldDesignator=C1-90 NewDesignator=C246
Change Component Designator: OldDesignator=C1-91 NewDesignator=C247
Change Component Designator: OldDesignator=C1-92 NewDesignator=C248
Change Component Designator: OldDesignator=C1-93 NewDesignator=C249
Change Component Designator: OldDesignator=C1-94 NewDesignator=C250
Change Component Designator: OldDesignator=C1-95 NewDesignator=C251
Change Component Designator: OldDesignator=C1-96 NewDesignator=C252
Change Component Designator: OldDesignator=C1-97 NewDesignator=C253
Change Component Designator: OldDesignator=C1-98 NewDesignator=C254
Change Component Designator: OldDesignator=C1-99 NewDesignator=C255
Change Component Designator: OldDesignator=C1-100 NewDesignator=C256
Change Component Designator: OldDesignator=C1-101 NewDesignator=C257
Change Component Designator: OldDesignator=C1-102 NewDesignator=C258
Change Component Designator: OldDesignator=C1-103 NewDesignator=C259
Change Component Designator: OldDesignator=C1-104 NewDesignator=C260
Change Component Designator: OldDesignator=C1-105 NewDesignator=C261
Change Component Designator: OldDesignator=C1-106 NewDesignator=C262
Change Component Designator: OldDesignator=C1-107 NewDesignator=C263
Change Component Designator: OldDesignator=C1-108 NewDesignator=C264
Change Component Designator: OldDesignator=C1-109 NewDesignator=C265
Change Component Designator: OldDesignator=C1-110 NewDesignator=C266
Change Component Designator: OldDesignator=C1-111 NewDesignator=C267
Change Component Designator: OldDesignator=C1-112 NewDesignator=C268
Change Component Designator: OldDesignator=C1-113 NewDesignator=C269
Change Component Designator: OldDesignator=C1-114 NewDesignator=C270
Change Component Designator: OldDesignator=C1-115 NewDesignator=C271
Change Component Designator: OldDesignator=C1-116 NewDesignator=C272
Change Component Designator: OldDesignator=C1-117 NewDesignator=C273
Change Component Designator: OldDesignator=C1-118 NewDesignator=C274
Change Component Designator: OldDesignator=C1-119 NewDesignator=C275
Change Component Designator: OldDesignator=C1-120 NewDesignator=C276
Change Component Designator: OldDesignator=C1-121 NewDesignator=C277
Change Component Designator: OldDesignator=C1-122 NewDesignator=C278
Change Component Designator: OldDesignator=C1-123 NewDesignator=C279
Change Component Designator: OldDesignator=C1-124 NewDesignator=C280
Change Component Designator: OldDesignator=C1-125 NewDesignator=C281
Change Component Designator: OldDesignator=C1-126 NewDesignator=C282
Change Component Designator: OldDesignator=C1-127 NewDesignator=C283
Change Component Designator: OldDesignator=C1-128 NewDesignator=C284
Change Component Designator: OldDesignator=C1-129 NewDesignator=C285
Change Component Designator: OldDesignator=C1-130 NewDesignator=C286
Change Component Designator: OldDesignator=C1-131 NewDesignator=C287
Change Component Designator: OldDesignator=C1-132 NewDesignator=C288
Change Component Designator: OldDesignator=C1-133 NewDesignator=C289
Change Component Designator: OldDesignator=C1-134 NewDesignator=C290
Change Component Designator: OldDesignator=C1-135 NewDesignator=C291
Change Component Designator: OldDesignator=C1-136 NewDesignator=C292
Change Component Designator: OldDesignator=C1-137 NewDesignator=C293
Change Component Designator: OldDesignator=C1-138 NewDesignator=C294
Change Component Designator: OldDesignator=C1-139 NewDesignator=C295
Change Component Designator: OldDesignator=C1-140 NewDesignator=C296
Change Component Designator: OldDesignator=C1-141 NewDesignator=C297
Change Component Designator: OldDesignator=C1-142 NewDesignator=C298
Change Component Designator: OldDesignator=C1-143 NewDesignator=C299
Change Component Designator: OldDesignator=C1-144 NewDesignator=C300
Change Component Designator: OldDesignator=C1-145 NewDesignator=C301
Change Component Designator: OldDesignator=C1-146 NewDesignator=C302
Change Component Designator: OldDesignator=C1-147 NewDesignator=C303
Change Component Designator: OldDesignator=C1-148 NewDesignator=C304
Change Component Designator: OldDesignator=C1-149 NewDesignator=C305
Change Component Designator: OldDesignator=C1-150 NewDesignator=C306
Change Component Designator: OldDesignator=C1-151 NewDesignator=C307
Change Component Designator: OldDesignator=C1-152 NewDesignator=C308
Change Component Designator: OldDesignator=C1-153 NewDesignator=C309
Change Component Designator: OldDesignator=C1-154 NewDesignator=C310
Change Component Designator: OldDesignator=C1-155 NewDesignator=C311
Change Component Designator: OldDesignator=C1-156 NewDesignator=C312
Change Component Designator: OldDesignator=C1-157 NewDesignator=C313
Change Component Designator: OldDesignator=C1-158 NewDesignator=C314
Change Component Designator: OldDesignator=C1-159 NewDesignator=C315
Change Component Designator: OldDesignator=C1-160 NewDesignator=C316
Change Component Designator: OldDesignator=C1-161 NewDesignator=C317
Change Component Designator: OldDesignator=C1-162 NewDesignator=C318
Change Component Designator: OldDesignator=C1-163 NewDesignator=C319
Change Component Designator: OldDesignator=C1-164 NewDesignator=C320
Change Component Designator: OldDesignator=C1-165 NewDesignator=C321
Change Component Designator: OldDesignator=C1-166 NewDesignator=C322
Change Component Designator: OldDesignator=C1-167 NewDesignator=C323
Change Component Designator: OldDesignator=C1-168 NewDesignator=C324
Change Component Designator: OldDesignator=C1-169 NewDesignator=C325
Change Component Designator: OldDesignator=C1-170 NewDesignator=C326
Change Component Designator: OldDesignator=C1-171 NewDesignator=C327
Change Component Designator: OldDesignator=C1-172 NewDesignator=C328
Change Component Designator: OldDesignator=C1-173 NewDesignator=C329
Change Component Designator: OldDesignator=C1-174 NewDesignator=C330
Change Component Designator: OldDesignator=C1-175 NewDesignator=C331
Change Component Designator: OldDesignator=C1-176 NewDesignator=C332
Change Component Designator: OldDesignator=C1-177 NewDesignator=C333
Change Component Designator: OldDesignator=C1-178 NewDesignator=C334
Change Component Designator: OldDesignator=C1-179 NewDesignator=C335
Change Component Designator: OldDesignator=C1-180 NewDesignator=C336
Change Component Designator: OldDesignator=C1-181 NewDesignator=C337
Change Component Designator: OldDesignator=C1-182 NewDesignator=C338
Change Component Designator: OldDesignator=C1-183 NewDesignator=C339
Change Component Designator: OldDesignator=C1-184 NewDesignator=C340
Change Component Designator: OldDesignator=C1-185 NewDesignator=C341
Change Component Designator: OldDesignator=C1-186 NewDesignator=C342
Change Component Designator: OldDesignator=C1-187 NewDesignator=C343
Change Component Designator: OldDesignator=C1-188 NewDesignator=C344
Change Component Designator: OldDesignator=C1-189 NewDesignator=C345
Change Component Designator: OldDesignator=C1-190 NewDesignator=C346
Change Component Designator: OldDesignator=C1-191 NewDesignator=C347
Change Component Designator: OldDesignator=C1-192 NewDesignator=C348
Change Component Designator: OldDesignator=C1-193 NewDesignator=C349
Change Component Designator: OldDesignator=C1-194 NewDesignator=C350
Change Component Designator: OldDesignator=C1-195 NewDesignator=C351
Change Component Designator: OldDesignator=C1-196 NewDesignator=C352
Change Component Designator: OldDesignator=C1-197 NewDesignator=C353
Change Component Designator: OldDesignator=C1-198 NewDesignator=C354
Change Component Designator: OldDesignator=C1-199 NewDesignator=C355
Change Component Designator: OldDesignator=C1-200 NewDesignator=C356
Change Component Designator: OldDesignator=C1-201 NewDesignator=C357
Change Component Designator: OldDesignator=C1-202 NewDesignator=C358
Change Component Designator: OldDesignator=C1-203 NewDesignator=C359
Change Component Designator: OldDesignator=C1-204 NewDesignator=C360
Change Component Designator: OldDesignator=C1-205 NewDesignator=C361
Change Component Designator: OldDesignator=C1-206 NewDesignator=C362
Change Component Designator: OldDesignator=C1-207 NewDesignator=C363
Change Component Designator: OldDesignator=C1-208 NewDesignator=C364
Change Component Designator: OldDesignator=C1-209 NewDesignator=C365
Change Component Designator: OldDesignator=C1-210 NewDesignator=C366
Change Component Designator: OldDesignator=C1-211 NewDesignator=C367
Change Component Designator: OldDesignator=C1-212 NewDesignator=C368
Change Component Designator: OldDesignator=C1-213 NewDesignator=C369
Change Component Designator: OldDesignator=C1-214 NewDesignator=C370
Change Component Designator: OldDesignator=C1-215 NewDesignator=C371
Change Component Designator: OldDesignator=C1-216 NewDesignator=C372
Change Component Designator: OldDesignator=C1-217 NewDesignator=C373
Change Component Designator: OldDesignator=C1-218 NewDesignator=C374
Change Component Designator: OldDesignator=C1-219 NewDesignator=C375
Change Component Designator: OldDesignator=C1-220 NewDesignator=C376
Change Component Designator: OldDesignator=C1-221 NewDesignator=C377
Change Component Designator: OldDesignator=C1-222 NewDesignator=C378
Change Component Designator: OldDesignator=C1-223 NewDesignator=C379
Change Component Designator: OldDesignator=C1-224 NewDesignator=C380
Change Component Designator: OldDesignator=C1-225 NewDesignator=C381
Change Component Designator: OldDesignator=C1-226 NewDesignator=C382
Change Component Designator: OldDesignator=C1-227 NewDesignator=C383
Change Component Designator: OldDesignator=C1-228 NewDesignator=C384
Change Component Designator: OldDesignator=C1-229 NewDesignator=C385
Change Component Designator: OldDesignator=C1-230 NewDesignator=C386
Change Component Designator: OldDesignator=C1-231 NewDesignator=C387
Change Component Designator: OldDesignator=C1-232 NewDesignator=C388
Change Component Designator: OldDesignator=C1-233 NewDesignator=C389
Change Component Designator: OldDesignator=C1-234 NewDesignator=C390
Change Component Designator: OldDesignator=C1-235 NewDesignator=C391
Change Component Designator: OldDesignator=C1-236 NewDesignator=C392
Change Component Designator: OldDesignator=C1-237 NewDesignator=C393
Change Component Designator: OldDesignator=C1-238 NewDesignator=C394
Change Component Designator: OldDesignator=C1-239 NewDesignator=C395
Change Component Designator: OldDesignator=C1-240 NewDesignator=C396
Change Component Designator: OldDesignator=C1-241 NewDesignator=C397
Change Component Designator: OldDesignator=C1-242 NewDesignator=C398
Change Component Designator: OldDesignator=C1-243 NewDesignator=C399
Change Component Designator: OldDesignator=C1-244 NewDesignator=C400
Change Component Designator: OldDesignator=C1-245 NewDesignator=C401
Change Component Designator: OldDesignator=C1-246 NewDesignator=C402
Change Component Designator: OldDesignator=C1-247 NewDesignator=C403
Change Component Designator: OldDesignator=C1-248 NewDesignator=C404
Change Component Designator: OldDesignator=C1-249 NewDesignator=C405
Change Component Designator: OldDesignator=C1-250 NewDesignator=C406
Change Component Designator: OldDesignator=C1-251 NewDesignator=C407
Change Component Designator: OldDesignator=C1-252 NewDesignator=C408
Change Component Designator: OldDesignator=C1-253 NewDesignator=C409
Change Component Designator: OldDesignator=C1-254 NewDesignator=C410
Change Component Designator: OldDesignator=C1-255 NewDesignator=C411
Change Component Designator: OldDesignator=C1-256 NewDesignator=C412
Change Component Designator: OldDesignator=C1-257 NewDesignator=C413
Change Component Designator: OldDesignator=C1-258 NewDesignator=C414
Change Component Designator: OldDesignator=C1-259 NewDesignator=C415
Change Component Designator: OldDesignator=C1-260 NewDesignator=C416
Change Component Designator: OldDesignator=C1-261 NewDesignator=C417
Change Component Designator: OldDesignator=C1-262 NewDesignator=C418
Change Component Designator: OldDesignator=C1-263 NewDesignator=C419
Change Component Designator: OldDesignator=C1-264 NewDesignator=C420
Change Component Designator: OldDesignator=C1-265 NewDesignator=C421
Change Component Designator: OldDesignator=C1-266 NewDesignator=C422
Change Component Designator: OldDesignator=C1-267 NewDesignator=C423
Change Component Designator: OldDesignator=C1-268 NewDesignator=C424
Change Component Designator: OldDesignator=C1-269 NewDesignator=C425
Change Component Designator: OldDesignator=C1-270 NewDesignator=C426
Change Component Designator: OldDesignator=C1-271 NewDesignator=C427
Change Component Designator: OldDesignator=C1-272 NewDesignator=C428
Change Component Designator: OldDesignator=C1-273 NewDesignator=C429
Change Component Designator: OldDesignator=C1-274 NewDesignator=C430
Change Component Designator: OldDesignator=C1-275 NewDesignator=C431
Change Component Designator: OldDesignator=C1-276 NewDesignator=C432
Change Component Designator: OldDesignator=C1-277 NewDesignator=C433
Change Component Designator: OldDesignator=C1-278 NewDesignator=C434
Change Component Designator: OldDesignator=C1-279 NewDesignator=C435
Change Component Designator: OldDesignator=C1-280 NewDesignator=C436
Change Component Designator: OldDesignator=C1-281 NewDesignator=C437
Change Component Designator: OldDesignator=C1-282 NewDesignator=C438
Change Component Designator: OldDesignator=C1-283 NewDesignator=C439
Change Component Designator: OldDesignator=C1-284 NewDesignator=C440
Change Component Designator: OldDesignator=C1-285 NewDesignator=C441
Change Component Designator: OldDesignator=C1-286 NewDesignator=C442
Change Component Designator: OldDesignator=C1-287 NewDesignator=C443
Change Component Designator: OldDesignator=C1-288 NewDesignator=C444
Change Component Designator: OldDesignator=C1-289 NewDesignator=C445
Change Component Designator: OldDesignator=C1-290 NewDesignator=C446
Change Component Designator: OldDesignator=C1-291 NewDesignator=C447
Change Component Designator: OldDesignator=C1-292 NewDesignator=C448
Change Component Designator: OldDesignator=C1-293 NewDesignator=C449
Change Component Designator: OldDesignator=C1-294 NewDesignator=C450
Change Component Designator: OldDesignator=C1-295 NewDesignator=C451
Change Component Designator: OldDesignator=C1-296 NewDesignator=C452
Change Component Designator: OldDesignator=C1-297 NewDesignator=C453
Change Component Designator: OldDesignator=C1-298 NewDesignator=C454
Change Component Designator: OldDesignator=C1-299 NewDesignator=C455
Change Component Designator: OldDesignator=C1-300 NewDesignator=C456
Change Component Designator: OldDesignator=C1-301 NewDesignator=C457
Change Component Designator: OldDesignator=C1-302 NewDesignator=C458
Change Component Designator: OldDesignator=C1-303 NewDesignator=C459
Change Component Designator: OldDesignator=C1-304 NewDesignator=C460
Change Component Designator: OldDesignator=C1-305 NewDesignator=C461
Change Component Designator: OldDesignator=C1-306 NewDesignator=C462
Change Component Designator: OldDesignator=C1-307 NewDesignator=C463
Change Component Designator: OldDesignator=C1-308 NewDesignator=C464
Change Component Designator: OldDesignator=C1-309 NewDesignator=C465
Change Component Designator: OldDesignator=C1-310 NewDesignator=C466
Change Component Designator: OldDesignator=C1-311 NewDesignator=C467
Change Component Designator: OldDesignator=C1-312 NewDesignator=C468
Change Component Designator: OldDesignator=C1-313 NewDesignator=C469
Change Component Designator: OldDesignator=C1-314 NewDesignator=C470
Change Component Designator: OldDesignator=C1-315 NewDesignator=C471
Change Component Designator: OldDesignator=C1-316 NewDesignator=C472
Change Component Designator: OldDesignator=C1-317 NewDesignator=C473
Change Component Designator: OldDesignator=C1-318 NewDesignator=C474
Change Component Designator: OldDesignator=C1-319 NewDesignator=C475
Change Component Designator: OldDesignator=C1-320 NewDesignator=C476
Change Component Designator: OldDesignator=C1-321 NewDesignator=C477
Change Component Designator: OldDesignator=C1-322 NewDesignator=C478
Change Component Designator: OldDesignator=C1-323 NewDesignator=C479
Change Component Designator: OldDesignator=C1-324 NewDesignator=C480
Change Component Designator: OldDesignator=C1-325 NewDesignator=C481
Change Component Designator: OldDesignator=C1-326 NewDesignator=C482
Change Component Designator: OldDesignator=C1-327 NewDesignator=C483
Change Component Designator: OldDesignator=C1-328 NewDesignator=C484
Change Component Designator: OldDesignator=C1-329 NewDesignator=C485
Change Component Designator: OldDesignator=C1-330 NewDesignator=C486
Change Component Designator: OldDesignator=C1-331 NewDesignator=C487
Change Component Designator: OldDesignator=C1-332 NewDesignator=C488
Change Component Designator: OldDesignator=C1-333 NewDesignator=C489
Change Component Designator: OldDesignator=C1-334 NewDesignator=C490
Change Component Designator: OldDesignator=C1-335 NewDesignator=C491
Change Component Designator: OldDesignator=C1-336 NewDesignator=C492
Change Component Designator: OldDesignator=C1-337 NewDesignator=C493
Change Component Designator: OldDesignator=C1-338 NewDesignator=C494
Change Component Designator: OldDesignator=C1-339 NewDesignator=C495
Change Component Designator: OldDesignator=C1-340 NewDesignator=C496
Change Component Designator: OldDesignator=C1-341 NewDesignator=C497
Change Component Designator: OldDesignator=C1-342 NewDesignator=C498
Change Component Designator: OldDesignator=C1-343 NewDesignator=C499
Change Component Designator: OldDesignator=C1-344 NewDesignator=C500
Change Component Designator: OldDesignator=C1-345 NewDesignator=C501
Change Component Designator: OldDesignator=C1-346 NewDesignator=C502
Change Component Designator: OldDesignator=C1-347 NewDesignator=C503
Change Component Designator: OldDesignator=C1-348 NewDesignator=C504
Change Component Designator: OldDesignator=C1-349 NewDesignator=C505
Change Component Designator: OldDesignator=C1-350 NewDesignator=C506
Change Component Designator: OldDesignator=C1-351 NewDesignator=C507
Change Component Designator: OldDesignator=P1 NewDesignator=P10
Change Component Designator: OldDesignator=P2 NewDesignator=P8
Change Component Designator: OldDesignator=P3 NewDesignator=P9
Added Pin To Net: NetName=SW9 Pin=P10-1
Added Pin To Net: NetName=SW8 Pin=P10-2
Added Pin To Net: NetName=SW7 Pin=P10-3
Added Pin To Net: NetName=SW6 Pin=P10-4
Added Pin To Net: NetName=SW4 Pin=P10-6
Added Pin To Net: NetName=SW3 Pin=P10-7
Added Pin To Net: NetName=SW2 Pin=P10-8
Added Pin To Net: NetName=SW1 Pin=P10-9
Added Member To Class: ClassName=Sheet4_Matrix Member=Component C157 LED
Added Member To Class: ClassName=Sheet4_Matrix Member=Component C158 LED
Added Member To Class: ClassName=Sheet4_Matrix Member=Component C159 LED
Added Member To Class: ClassName=Sheet4_Matrix Member=Component C160 LED
Added Member To Class: ClassName=Sheet4_Matrix Member=Component C161 LED
Added Member To Class: ClassName=Sheet4_Matrix Member=Component C162 LED
Added Member To Class: ClassName=Sheet4_Matrix Member=Component C163 LED
Added Member To Class: ClassName=Sheet4_Matrix Member=Component C164 LED
Added Member To Class: ClassName=Sheet4_Matrix Member=Component C165 LED
Added Member To Class: ClassName=Sheet4_Matrix Member=Component C166 LED
Added Member To Class: ClassName=Sheet4_Matrix Member=Component C167 LED
Added Member To Class: ClassName=Sheet4_Matrix Member=Component C168 LED
Added Member To Class: ClassName=Sheet4_Matrix Member=Component C169 LED
Added Member To Class: ClassName=Sheet4_Matrix Member=Component C170 LED
Added Member To Class: ClassName=Sheet4_Matrix Member=Component C171 LED
Added Member To Class: ClassName=Sheet4_Matrix Member=Component C172 LED
Added Member To Class: ClassName=Sheet4_Matrix Member=Component C173 LED
Added Member To Class: ClassName=Sheet4_Matrix Member=Component C174 LED
Added Member To Class: ClassName=Sheet4_Matrix Member=Component C175 LED
Added Member To Class: ClassName=Sheet4_Matrix Member=Component C176 LED
Added Member To Class: ClassName=Sheet4_Matrix Member=Component C177 LED
Added Member To Class: ClassName=Sheet4_Matrix Member=Component C178 LED
Added Member To Class: ClassName=Sheet4_Matrix Member=Component C179 LED
Added Member To Class: ClassName=Sheet4_Matrix Member=Component C180 LED
Added Member To Class: ClassName=Sheet4_Matrix Member=Component C181 LED
Added Member To Class: ClassName=Sheet4_Matrix Member=Component C182 LED
Added Member To Class: ClassName=Sheet4_Matrix Member=Component C183 LED
Added Member To Class: ClassName=Sheet4_Matrix Member=Component C184 LED
Added Member To Class: ClassName=Sheet4_Matrix Member=Component C185 LED
Added Member To Class: ClassName=Sheet4_Matrix Member=Component C186 LED
Added Member To Class: ClassName=Sheet4_Matrix Member=Component C187 LED
Added Member To Class: ClassName=Sheet4_Matrix Member=Component C188 LED
Added Member To Class: ClassName=Sheet4_Matrix Member=Component C189 LED
Added Member To Class: ClassName=Sheet4_Matrix Member=Component C190 LED
Added Member To Class: ClassName=Sheet4_Matrix Member=Component C191 LED
Added Member To Class: ClassName=Sheet4_Matrix Member=Component C192 LED
Added Member To Class: ClassName=Sheet4_Matrix Member=Component C193 LED
Added Member To Class: ClassName=Sheet4_Matrix Member=Component C194 LED
Added Member To Class: ClassName=Sheet4_Matrix Member=Component C195 LED
Added Member To Class: ClassName=Sheet4_Matrix Member=Component C196 LED
Added Member To Class: ClassName=Sheet4_Matrix Member=Component C197 LED
Added Member To Class: ClassName=Sheet4_Matrix Member=Component C198 LED
Added Member To Class: ClassName=Sheet4_Matrix Member=Component C199 LED
Added Member To Class: ClassName=Sheet4_Matrix Member=Component C200 LED
Added Member To Class: ClassName=Sheet4_Matrix Member=Component C201 LED
Added Member To Class: ClassName=Sheet4_Matrix Member=Component C202 LED
Added Member To Class: ClassName=Sheet4_Matrix Member=Component C203 LED
Added Member To Class: ClassName=Sheet4_Matrix Member=Component C204 LED
Added Member To Class: ClassName=Sheet4_Matrix Member=Component C205 LED
Added Member To Class: ClassName=Sheet4_Matrix Member=Component C206 LED
Added Member To Class: ClassName=Sheet4_Matrix Member=Component C207 LED
Added Member To Class: ClassName=Sheet4_Matrix Member=Component C208 LED
Added Member To Class: ClassName=Sheet4_Matrix Member=Component C209 LED
Added Member To Class: ClassName=Sheet4_Matrix Member=Component C210 LED
Added Member To Class: ClassName=Sheet4_Matrix Member=Component C211 LED
Added Member To Class: ClassName=Sheet4_Matrix Member=Component C212 LED
Added Member To Class: ClassName=Sheet4_Matrix Member=Component C213 LED
Added Member To Class: ClassName=Sheet4_Matrix Member=Component C214 LED
Added Member To Class: ClassName=Sheet4_Matrix Member=Component C215 LED
Added Member To Class: ClassName=Sheet4_Matrix Member=Component C216 LED
Added Member To Class: ClassName=Sheet4_Matrix Member=Component C217 LED
Added Member To Class: ClassName=Sheet4_Matrix Member=Component C218 LED
Added Member To Class: ClassName=Sheet4_Matrix Member=Component C219 LED
Added Member To Class: ClassName=Sheet4_Matrix Member=Component C220 LED
Added Member To Class: ClassName=Sheet4_Matrix Member=Component C221 LED
Added Member To Class: ClassName=Sheet4_Matrix Member=Component C222 LED
Added Member To Class: ClassName=Sheet4_Matrix Member=Component C223 LED
Added Member To Class: ClassName=Sheet4_Matrix Member=Component C224 LED
Added Member To Class: ClassName=Sheet4_Matrix Member=Component C225 LED
Added Member To Class: ClassName=Sheet4_Matrix Member=Component C226 LED
Added Member To Class: ClassName=Sheet4_Matrix Member=Component C227 LED
Added Member To Class: ClassName=Sheet4_Matrix Member=Component C228 LED
Added Member To Class: ClassName=Sheet4_Matrix Member=Component C229 LED
Added Member To Class: ClassName=Sheet4_Matrix Member=Component C230 LED
Added Member To Class: ClassName=Sheet4_Matrix Member=Component C231 LED
Added Member To Class: ClassName=Sheet4_Matrix Member=Component C232 LED
Added Member To Class: ClassName=Sheet4_Matrix Member=Component C233 LED
Added Member To Class: ClassName=Sheet4_Matrix Member=Component C234 LED
Added Member To Class: ClassName=Sheet4_Matrix Member=Component C235 LED
Added Member To Class: ClassName=Sheet4_Matrix Member=Component C236 LED
Added Member To Class: ClassName=Sheet4_Matrix Member=Component C237 LED
Added Member To Class: ClassName=Sheet4_Matrix Member=Component C238 LED
Added Member To Class: ClassName=Sheet4_Matrix Member=Component C239 LED
Added Member To Class: ClassName=Sheet4_Matrix Member=Component C240 LED
Added Member To Class: ClassName=Sheet4_Matrix Member=Component C241 LED
Added Member To Class: ClassName=Sheet4_Matrix Member=Component C242 LED
Added Member To Class: ClassName=Sheet4_Matrix Member=Component C243 LED
Added Member To Class: ClassName=Sheet4_Matrix Member=Component C244 LED
Added Member To Class: ClassName=Sheet4_Matrix Member=Component C245 LED
Added Member To Class: ClassName=Sheet4_Matrix Member=Component C246 LED
Added Member To Class: ClassName=Sheet4_Matrix Member=Component C247 LED
Added Member To Class: ClassName=Sheet4_Matrix Member=Component C248 LED
Added Member To Class: ClassName=Sheet4_Matrix Member=Component C249 LED
Added Member To Class: ClassName=Sheet4_Matrix Member=Component C250 LED
Added Member To Class: ClassName=Sheet4_Matrix Member=Component C251 LED
Added Member To Class: ClassName=Sheet4_Matrix Member=Component C252 LED
Added Member To Class: ClassName=Sheet4_Matrix Member=Component C253 LED
Added Member To Class: ClassName=Sheet4_Matrix Member=Component C254 LED
Added Member To Class: ClassName=Sheet4_Matrix Member=Component C255 LED
Added Member To Class: ClassName=Sheet4_Matrix Member=Component C256 LED
Added Member To Class: ClassName=Sheet4_Matrix Member=Component C257 LED
Added Member To Class: ClassName=Sheet4_Matrix Member=Component C258 LED
Added Member To Class: ClassName=Sheet4_Matrix Member=Component C259 LED
Added Member To Class: ClassName=Sheet4_Matrix Member=Component C260 LED
Added Member To Class: ClassName=Sheet4_Matrix Member=Component C261 LED
Added Member To Class: ClassName=Sheet4_Matrix Member=Component C262 LED
Added Member To Class: ClassName=Sheet4_Matrix Member=Component C263 LED
Added Member To Class: ClassName=Sheet4_Matrix Member=Component C264 LED
Added Member To Class: ClassName=Sheet4_Matrix Member=Component C265 LED
Added Member To Class: ClassName=Sheet4_Matrix Member=Component C266 LED
Added Member To Class: ClassName=Sheet4_Matrix Member=Component C267 LED
Added Member To Class: ClassName=Sheet4_Matrix Member=Component C268 LED
Added Member To Class: ClassName=Sheet4_Matrix Member=Component C269 LED
Added Member To Class: ClassName=Sheet4_Matrix Member=Component C270 LED
Added Member To Class: ClassName=Sheet4_Matrix Member=Component C271 LED
Added Member To Class: ClassName=Sheet4_Matrix Member=Component C272 LED
Added Member To Class: ClassName=Sheet4_Matrix Member=Component C273 LED
Added Member To Class: ClassName=Sheet4_Matrix Member=Component C274 LED
Added Member To Class: ClassName=Sheet4_Matrix Member=Component C275 LED
Added Member To Class: ClassName=Sheet4_Matrix Member=Component C276 LED
Added Member To Class: ClassName=Sheet4_Matrix Member=Component C277 LED
Added Member To Class: ClassName=Sheet4_Matrix Member=Component C278 LED
Added Member To Class: ClassName=Sheet4_Matrix Member=Component C279 LED
Added Member To Class: ClassName=Sheet4_Matrix Member=Component C280 LED
Added Member To Class: ClassName=Sheet4_Matrix Member=Component C281 LED
Added Member To Class: ClassName=Sheet4_Matrix Member=Component C282 LED
Added Member To Class: ClassName=Sheet4_Matrix Member=Component C283 LED
Added Member To Class: ClassName=Sheet4_Matrix Member=Component C284 LED
Added Member To Class: ClassName=Sheet4_Matrix Member=Component C285 LED
Added Member To Class: ClassName=Sheet4_Matrix Member=Component C286 LED
Added Member To Class: ClassName=Sheet4_Matrix Member=Component C287 LED
Added Member To Class: ClassName=Sheet4_Matrix Member=Component C288 LED
Added Member To Class: ClassName=Sheet4_Matrix Member=Component C289 LED
Added Member To Class: ClassName=Sheet4_Matrix Member=Component C290 LED
Added Member To Class: ClassName=Sheet4_Matrix Member=Component C291 LED
Added Member To Class: ClassName=Sheet4_Matrix Member=Component C292 LED
Added Member To Class: ClassName=Sheet4_Matrix Member=Component C293 LED
Added Member To Class: ClassName=Sheet4_Matrix Member=Component C294 LED
Added Member To Class: ClassName=Sheet4_Matrix Member=Component C295 LED
Added Member To Class: ClassName=Sheet4_Matrix Member=Component C296 LED
Added Member To Class: ClassName=Sheet4_Matrix Member=Component C297 LED
Added Member To Class: ClassName=Sheet4_Matrix Member=Component C298 LED
Added Member To Class: ClassName=Sheet4_Matrix Member=Component C299 LED
Added Member To Class: ClassName=Sheet4_Matrix Member=Component C300 LED
Added Member To Class: ClassName=Sheet4_Matrix Member=Component C301 LED
Added Member To Class: ClassName=Sheet4_Matrix Member=Component C302 LED
Added Member To Class: ClassName=Sheet4_Matrix Member=Component C303 LED
Added Member To Class: ClassName=Sheet4_Matrix Member=Component C304 LED
Added Member To Class: ClassName=Sheet4_Matrix Member=Component C305 LED
Added Member To Class: ClassName=Sheet4_Matrix Member=Component C306 LED
Added Member To Class: ClassName=Sheet4_Matrix Member=Component C307 LED
Added Member To Class: ClassName=Sheet4_Matrix Member=Component C308 LED
Added Member To Class: ClassName=Sheet4_Matrix Member=Component C309 LED
Added Member To Class: ClassName=Sheet4_Matrix Member=Component C310 LED
Added Member To Class: ClassName=Sheet4_Matrix Member=Component C311 LED
Added Member To Class: ClassName=Sheet4_Matrix Member=Component C312 LED
Added Member To Class: ClassName=Sheet4_Matrix Member=Component C313 LED
Added Member To Class: ClassName=Sheet4_Matrix Member=Component C314 LED
Added Member To Class: ClassName=Sheet4_Matrix Member=Component C315 LED
Added Member To Class: ClassName=Sheet4_Matrix Member=Component C316 LED
Added Member To Class: ClassName=Sheet4_Matrix Member=Component C317 LED
Added Member To Class: ClassName=Sheet4_Matrix Member=Component C318 LED
Added Member To Class: ClassName=Sheet4_Matrix Member=Component C319 LED
Added Member To Class: ClassName=Sheet4_Matrix Member=Component C320 LED
Added Member To Class: ClassName=Sheet4_Matrix Member=Component C321 LED
Added Member To Class: ClassName=Sheet4_Matrix Member=Component C322 LED
Added Member To Class: ClassName=Sheet4_Matrix Member=Component C323 LED
Added Member To Class: ClassName=Sheet4_Matrix Member=Component C324 LED
Added Member To Class: ClassName=Sheet4_Matrix Member=Component C325 LED
Added Member To Class: ClassName=Sheet4_Matrix Member=Component C326 LED
Added Member To Class: ClassName=Sheet4_Matrix Member=Component C327 LED
Added Member To Class: ClassName=Sheet4_Matrix Member=Component C328 LED
Added Member To Class: ClassName=Sheet4_Matrix Member=Component C329 LED
Added Member To Class: ClassName=Sheet4_Matrix Member=Component C330 LED
Added Member To Class: ClassName=Sheet4_Matrix Member=Component C331 LED
Added Member To Class: ClassName=Sheet4_Matrix Member=Component C332 LED
Added Member To Class: ClassName=Sheet4_Matrix Member=Component C333 LED
Added Member To Class: ClassName=Sheet4_Matrix Member=Component C334 LED
Added Member To Class: ClassName=Sheet4_Matrix Member=Component C335 LED
Added Member To Class: ClassName=Sheet4_Matrix Member=Component C336 LED
Added Member To Class: ClassName=Sheet4_Matrix Member=Component C337 LED
Added Member To Class: ClassName=Sheet4_Matrix Member=Component C338 LED
Added Member To Class: ClassName=Sheet4_Matrix Member=Component C339 LED
Added Member To Class: ClassName=Sheet4_Matrix Member=Component C340 LED
Added Member To Class: ClassName=Sheet4_Matrix Member=Component C341 LED
Added Member To Class: ClassName=Sheet4_Matrix Member=Component C342 LED
Added Member To Class: ClassName=Sheet4_Matrix Member=Component C343 LED
Added Member To Class: ClassName=Sheet4_Matrix Member=Component C344 LED
Added Member To Class: ClassName=Sheet4_Matrix Member=Component C345 LED
Added Member To Class: ClassName=Sheet4_Matrix Member=Component C346 LED
Added Member To Class: ClassName=Sheet4_Matrix Member=Component C347 LED
Added Member To Class: ClassName=Sheet4_Matrix Member=Component C348 LED
Added Member To Class: ClassName=Sheet4_Matrix Member=Component C349 LED
Added Member To Class: ClassName=Sheet4_Matrix Member=Component C350 LED
Added Member To Class: ClassName=Sheet4_Matrix Member=Component C351 LED
Added Member To Class: ClassName=Sheet4_Matrix Member=Component C352 LED
Added Member To Class: ClassName=Sheet4_Matrix Member=Component C353 LED
Added Member To Class: ClassName=Sheet4_Matrix Member=Component C354 LED
Added Member To Class: ClassName=Sheet4_Matrix Member=Component C355 LED
Added Member To Class: ClassName=Sheet4_Matrix Member=Component C356 LED
Added Member To Class: ClassName=Sheet4_Matrix Member=Component C357 LED
Added Member To Class: ClassName=Sheet4_Matrix Member=Component C358 LED
Added Member To Class: ClassName=Sheet4_Matrix Member=Component C359 LED
Added Member To Class: ClassName=Sheet4_Matrix Member=Component C360 LED
Added Member To Class: ClassName=Sheet4_Matrix Member=Component C361 LED
Added Member To Class: ClassName=Sheet4_Matrix Member=Component C362 LED
Added Member To Class: ClassName=Sheet4_Matrix Member=Component C363 LED
Added Member To Class: ClassName=Sheet4_Matrix Member=Component C364 LED
Added Member To Class: ClassName=Sheet4_Matrix Member=Component C365 LED
Added Member To Class: ClassName=Sheet4_Matrix Member=Component C366 LED
Added Member To Class: ClassName=Sheet4_Matrix Member=Component C367 LED
Added Member To Class: ClassName=Sheet4_Matrix Member=Component C368 LED
Added Member To Class: ClassName=Sheet4_Matrix Member=Component C369 LED
Added Member To Class: ClassName=Sheet4_Matrix Member=Component C370 LED
Added Member To Class: ClassName=Sheet4_Matrix Member=Component C371 LED
Added Member To Class: ClassName=Sheet4_Matrix Member=Component C372 LED
Added Member To Class: ClassName=Sheet4_Matrix Member=Component C373 LED
Added Member To Class: ClassName=Sheet4_Matrix Member=Component C374 LED
Added Member To Class: ClassName=Sheet4_Matrix Member=Component C375 LED
Added Member To Class: ClassName=Sheet4_Matrix Member=Component C376 LED
Added Member To Class: ClassName=Sheet4_Matrix Member=Component C377 LED
Added Member To Class: ClassName=Sheet4_Matrix Member=Component C378 LED
Added Member To Class: ClassName=Sheet4_Matrix Member=Component C379 LED
Added Member To Class: ClassName=Sheet4_Matrix Member=Component C380 LED
Added Member To Class: ClassName=Sheet4_Matrix Member=Component C381 LED
Added Member To Class: ClassName=Sheet4_Matrix Member=Component C382 LED
Added Member To Class: ClassName=Sheet4_Matrix Member=Component C383 LED
Added Member To Class: ClassName=Sheet4_Matrix Member=Component C384 LED
Added Member To Class: ClassName=Sheet4_Matrix Member=Component C385 LED
Added Member To Class: ClassName=Sheet4_Matrix Member=Component C386 LED
Added Member To Class: ClassName=Sheet4_Matrix Member=Component C387 LED
Added Member To Class: ClassName=Sheet4_Matrix Member=Component C388 LED
Added Member To Class: ClassName=Sheet4_Matrix Member=Component C389 LED
Added Member To Class: ClassName=Sheet4_Matrix Member=Component C390 LED
Added Member To Class: ClassName=Sheet4_Matrix Member=Component C391 LED
Added Member To Class: ClassName=Sheet4_Matrix Member=Component C392 LED
Added Member To Class: ClassName=Sheet4_Matrix Member=Component C393 LED
Added Member To Class: ClassName=Sheet4_Matrix Member=Component C394 LED
Added Member To Class: ClassName=Sheet4_Matrix Member=Component C395 LED
Added Member To Class: ClassName=Sheet4_Matrix Member=Component C396 LED
Added Member To Class: ClassName=Sheet4_Matrix Member=Component C397 LED
Added Member To Class: ClassName=Sheet4_Matrix Member=Component C398 LED
Added Member To Class: ClassName=Sheet4_Matrix Member=Component C399 LED
Added Member To Class: ClassName=Sheet4_Matrix Member=Component C400 LED
Added Member To Class: ClassName=Sheet4_Matrix Member=Component C401 LED
Added Member To Class: ClassName=Sheet4_Matrix Member=Component C402 LED
Added Member To Class: ClassName=Sheet4_Matrix Member=Component C403 LED
Added Member To Class: ClassName=Sheet4_Matrix Member=Component C404 LED
Added Member To Class: ClassName=Sheet4_Matrix Member=Component C405 LED
Added Member To Class: ClassName=Sheet4_Matrix Member=Component C406 LED
Added Member To Class: ClassName=Sheet4_Matrix Member=Component C407 LED
Added Member To Class: ClassName=Sheet4_Matrix Member=Component C408 LED
Added Member To Class: ClassName=Sheet4_Matrix Member=Component C409 LED
Added Member To Class: ClassName=Sheet4_Matrix Member=Component C410 LED
Added Member To Class: ClassName=Sheet4_Matrix Member=Component C411 LED
Added Member To Class: ClassName=Sheet4_Matrix Member=Component C412 LED
Added Member To Class: ClassName=Sheet4_Matrix Member=Component C413 LED
Added Member To Class: ClassName=Sheet4_Matrix Member=Component C414 LED
Added Member To Class: ClassName=Sheet4_Matrix Member=Component C415 LED
Added Member To Class: ClassName=Sheet4_Matrix Member=Component C416 LED
Added Member To Class: ClassName=Sheet4_Matrix Member=Component C417 LED
Added Member To Class: ClassName=Sheet4_Matrix Member=Component C418 LED
Added Member To Class: ClassName=Sheet4_Matrix Member=Component C419 LED
Added Member To Class: ClassName=Sheet4_Matrix Member=Component C420 LED
Added Member To Class: ClassName=Sheet4_Matrix Member=Component C421 LED
Added Member To Class: ClassName=Sheet4_Matrix Member=Component C422 LED
Added Member To Class: ClassName=Sheet4_Matrix Member=Component C423 LED
Added Member To Class: ClassName=Sheet4_Matrix Member=Component C424 LED
Added Member To Class: ClassName=Sheet4_Matrix Member=Component C425 LED
Added Member To Class: ClassName=Sheet4_Matrix Member=Component C426 LED
Added Member To Class: ClassName=Sheet4_Matrix Member=Component C427 LED
Added Member To Class: ClassName=Sheet4_Matrix Member=Component C428 LED
Added Member To Class: ClassName=Sheet4_Matrix Member=Component C429 LED
Added Member To Class: ClassName=Sheet4_Matrix Member=Component C430 LED
Added Member To Class: ClassName=Sheet4_Matrix Member=Component C431 LED
Added Member To Class: ClassName=Sheet4_Matrix Member=Component C432 LED
Added Member To Class: ClassName=Sheet4_Matrix Member=Component C433 LED
Added Member To Class: ClassName=Sheet4_Matrix Member=Component C434 LED
Added Member To Class: ClassName=Sheet4_Matrix Member=Component C435 LED
Added Member To Class: ClassName=Sheet4_Matrix Member=Component C436 LED
Added Member To Class: ClassName=Sheet4_Matrix Member=Component C437 LED
Added Member To Class: ClassName=Sheet4_Matrix Member=Component C438 LED
Added Member To Class: ClassName=Sheet4_Matrix Member=Component C439 LED
Added Member To Class: ClassName=Sheet4_Matrix Member=Component C440 LED
Added Member To Class: ClassName=Sheet4_Matrix Member=Component C441 LED
Added Member To Class: ClassName=Sheet4_Matrix Member=Component C442 LED
Added Member To Class: ClassName=Sheet4_Matrix Member=Component C443 LED
Added Member To Class: ClassName=Sheet4_Matrix Member=Component C444 LED
Added Member To Class: ClassName=Sheet4_Matrix Member=Component C445 LED
Added Member To Class: ClassName=Sheet4_Matrix Member=Component C446 LED
Added Member To Class: ClassName=Sheet4_Matrix Member=Component C447 LED
Added Member To Class: ClassName=Sheet4_Matrix Member=Component C448 LED
Added Member To Class: ClassName=Sheet4_Matrix Member=Component C449 LED
Added Member To Class: ClassName=Sheet4_Matrix Member=Component C450 LED
Added Member To Class: ClassName=Sheet4_Matrix Member=Component C451 LED
Added Member To Class: ClassName=Sheet4_Matrix Member=Component C452 LED
Added Member To Class: ClassName=Sheet4_Matrix Member=Component C453 LED
Added Member To Class: ClassName=Sheet4_Matrix Member=Component C454 LED
Added Member To Class: ClassName=Sheet4_Matrix Member=Component C455 LED
Added Member To Class: ClassName=Sheet4_Matrix Member=Component C456 LED
Added Member To Class: ClassName=Sheet4_Matrix Member=Component C457 LED
Added Member To Class: ClassName=Sheet4_Matrix Member=Component C458 LED
Added Member To Class: ClassName=Sheet4_Matrix Member=Component C459 LED
Added Member To Class: ClassName=Sheet4_Matrix Member=Component C460 LED
Added Member To Class: ClassName=Sheet4_Matrix Member=Component C461 LED
Added Member To Class: ClassName=Sheet4_Matrix Member=Component C462 LED
Added Member To Class: ClassName=Sheet4_Matrix Member=Component C463 LED
Added Member To Class: ClassName=Sheet4_Matrix Member=Component C464 LED
Added Member To Class: ClassName=Sheet4_Matrix Member=Component C465 LED
Added Member To Class: ClassName=Sheet4_Matrix Member=Component C466 LED
Added Member To Class: ClassName=Sheet4_Matrix Member=Component C467 LED
Added Member To Class: ClassName=Sheet4_Matrix Member=Component C468 LED
Added Member To Class: ClassName=Sheet4_Matrix Member=Component C469 LED
Added Member To Class: ClassName=Sheet4_Matrix Member=Component C470 LED
Added Member To Class: ClassName=Sheet4_Matrix Member=Component C471 LED
Added Member To Class: ClassName=Sheet4_Matrix Member=Component C472 LED
Added Member To Class: ClassName=Sheet4_Matrix Member=Component C473 LED
Added Member To Class: ClassName=Sheet4_Matrix Member=Component C474 LED
Added Member To Class: ClassName=Sheet4_Matrix Member=Component C475 LED
Added Member To Class: ClassName=Sheet4_Matrix Member=Component C476 LED
Added Member To Class: ClassName=Sheet4_Matrix Member=Component C477 LED
Added Member To Class: ClassName=Sheet4_Matrix Member=Component C478 LED
Added Member To Class: ClassName=Sheet4_Matrix Member=Component C479 LED
Added Member To Class: ClassName=Sheet4_Matrix Member=Component C480 LED
Added Member To Class: ClassName=Sheet4_Matrix Member=Component C481 LED
Added Member To Class: ClassName=Sheet4_Matrix Member=Component C482 LED
Added Member To Class: ClassName=Sheet4_Matrix Member=Component C483 LED
Added Member To Class: ClassName=Sheet4_Matrix Member=Component C484 LED
Added Member To Class: ClassName=Sheet4_Matrix Member=Component C485 LED
Added Member To Class: ClassName=Sheet4_Matrix Member=Component C486 LED
Added Member To Class: ClassName=Sheet4_Matrix Member=Component C487 LED
Added Member To Class: ClassName=Sheet4_Matrix Member=Component C488 LED
Added Member To Class: ClassName=Sheet4_Matrix Member=Component C489 LED
Added Member To Class: ClassName=Sheet4_Matrix Member=Component C490 LED
Added Member To Class: ClassName=Sheet4_Matrix Member=Component C491 LED
Added Member To Class: ClassName=Sheet4_Matrix Member=Component C492 LED
Added Member To Class: ClassName=Sheet4_Matrix Member=Component C493 LED
Added Member To Class: ClassName=Sheet4_Matrix Member=Component C494 LED
Added Member To Class: ClassName=Sheet4_Matrix Member=Component C495 LED
Added Member To Class: ClassName=Sheet4_Matrix Member=Component C496 LED
Added Member To Class: ClassName=Sheet4_Matrix Member=Component C497 LED
Added Member To Class: ClassName=Sheet4_Matrix Member=Component C498 LED
Added Member To Class: ClassName=Sheet4_Matrix Member=Component C499 LED
Added Member To Class: ClassName=Sheet4_Matrix Member=Component C500 LED
Added Member To Class: ClassName=Sheet4_Matrix Member=Component C501 LED
Added Member To Class: ClassName=Sheet4_Matrix Member=Component C502 LED
Added Member To Class: ClassName=Sheet4_Matrix Member=Component C503 LED
Added Member To Class: ClassName=Sheet4_Matrix Member=Component C504 LED
Added Member To Class: ClassName=Sheet4_Matrix Member=Component C505 LED
Added Member To Class: ClassName=Sheet4_Matrix Member=Component C506 LED
Added Member To Class: ClassName=Sheet4_Matrix Member=Component C507 LED
Added Member To Class: ClassName=Sheet4_Matrix Member=Component P8 Header 25
Added Member To Class: ClassName=Sheet4_Matrix Member=Component P9 Header 14
Added Member To Class: ClassName=Sheet4_Matrix Member=Component P10 Header 9
