Change Component Designator: Old Designator=? New Designator=2
Change Component Designator: Old Designator=C145 New Designator=C150
Change Component Designator: Old Designator=C147 New Designator=C145
Change Component Designator: Old Designator=C? New Designator=C149
Change Component Designator: Old Designator=J? New Designator=J1
Change Component Designator: Old Designator=P1 New Designator=P3
Change Component Designator: Old Designator=P2 New Designator=P4
Change Component Designator: Old Designator=P3 New Designator=P5
Change Component Designator: Old Designator=P4 New Designator=P6
Change Component Designator: Old Designator=P? New Designator=P7
Change Component Designator: Old Designator=Q? New Designator=Q1
Change Component Designator: Old Designator=Q? New Designator=Q2
Change Component Designator: Old Designator=R2 New Designator=R6
Change Component Designator: Old Designator=R3 New Designator=R11
Change Component Designator: Old Designator=R6 New Designator=R4
Change Component Designator: Old Designator=R6 New Designator=R8
Change Component Designator: Old Designator=R7 New Designator=R2
Change Component Designator: Old Designator=R8 New Designator=R1
Change Component Designator: Old Designator=R8 New Designator=R9
Change Component Designator: Old Designator=R9 New Designator=R10
Change Component Designator: Old Designator=S1 New Designator=S4
Change Component Designator: Old Designator=S2 New Designator=S3
Change Component Designator: Old Designator=S3 New Designator=S2
Change Component Designator: Old Designator=S4 New Designator=S1
Change Component Designator: Old Designator=U? New Designator=U1
Change Component Designator: Old Designator=U? New Designator=U2
