Removed Pin From Net: NetName=CA1 Pin=P1-1
Removed Pin From Net: NetName=CA2 Pin=P1-2
Removed Pin From Net: NetName=CA3 Pin=P1-3
Removed Pin From Net: NetName=CA4 Pin=P1-4
Removed Pin From Net: NetName=CA5 Pin=P1-5
Removed Pin From Net: NetName=CA6 Pin=P1-6
Removed Pin From Net: NetName=CA7 Pin=P1-7
Removed Pin From Net: NetName=CA9 Pin=P1-9
Removed Pin From Net: NetName=CB1 Pin=P2-1
Removed Pin From Net: NetName=CB2 Pin=P2-2
Removed Pin From Net: NetName=CB3 Pin=P2-3
Removed Pin From Net: NetName=CB4 Pin=P2-4
Removed Pin From Net: NetName=CB5 Pin=P2-5
Removed Pin From Net: NetName=CB6 Pin=P2-6
Removed Pin From Net: NetName=CB7 Pin=P2-7
Removed Pin From Net: NetName=CB8 Pin=P2-8
Removed Pin From Net: NetName=CB9 Pin=P2-9
Removed Member From Class: ClassName=Sheet1 Member=P1
Removed Member From Class: ClassName=Sheet1 Member=P2
Added Component: Designator=P?(HDR1X13)
Add component. Clean all parameters for all variants
Add component (AddParameter): Name = "LatestRevisionDate"; Value = "17-Jul-2002"; VariantName = "[No Variations]"
Add component (AddParameter): Name = "LatestRevisionNote"; Value = "Re-released for DXP Platform."; VariantName = "[No Variations]"
Add component (AddParameter): Name = "Publisher"; Value = "Altium Limited"; VariantName = "[No Variations]"
Added Component: Designator=P?(HDR1X13)
Add component. Clean all parameters for all variants
Add component (AddParameter): Name = "LatestRevisionDate"; Value = "17-Jul-2002"; VariantName = "[No Variations]"
Add component (AddParameter): Name = "LatestRevisionNote"; Value = "Re-released for DXP Platform."; VariantName = "[No Variations]"
Add component (AddParameter): Name = "Publisher"; Value = "Altium Limited"; VariantName = "[No Variations]"
Added Pin To Net: NetName=CA1 Pin=P?-1
Added Pin To Net: NetName=CB1 Pin=P?-1
Added Pin To Net: NetName=CA2 Pin=P?-2
Added Pin To Net: NetName=CB2 Pin=P?-2
Added Pin To Net: NetName=CA3 Pin=P?-3
Added Pin To Net: NetName=CB3 Pin=P?-3
Added Pin To Net: NetName=CA4 Pin=P?-4
Added Pin To Net: NetName=CB4 Pin=P?-4
Added Pin To Net: NetName=CA5 Pin=P?-5
Added Pin To Net: NetName=CB5 Pin=P?-5
Added Pin To Net: NetName=CA6 Pin=P?-6
Added Pin To Net: NetName=CB6 Pin=P?-6
Added Pin To Net: NetName=CA7 Pin=P?-7
Added Pin To Net: NetName=CB7 Pin=P?-7
Added Pin To Net: NetName=CB8 Pin=P?-8
Added Pin To Net: NetName=CA9 Pin=P?-9
Added Pin To Net: NetName=CB9 Pin=P?-9
Added Member To Class: ClassName=Sheet1 Member=Component P? Header 13
Added Member To Class: ClassName=Sheet1 Member=Component P? Header 13
