Removed Pin From Net: NetName=CA2 Pin=C1-1-1
Removed Pin From Net: NetName=CA2 Pin=C1-2-1
Removed Pin From Net: NetName=CA2 Pin=C1-3-1
Removed Pin From Net: NetName=CA2 Pin=C1-4-1
Removed Pin From Net: NetName=CA2 Pin=C1-5-1
Removed Pin From Net: NetName=CA2 Pin=C1-6-1
Removed Pin From Net: NetName=CA2 Pin=C1-7-1
Removed Pin From Net: NetName=CA2 Pin=C1-8-1
Removed Pin From Net: NetName=CA2 Pin=C1-9-1
Removed Pin From Net: NetName=CA1 Pin=C1-9-2
Removed Pin From Net: NetName=CA2 Pin=C1-10-1
Removed Pin From Net: NetName=CA1 Pin=C1-10-2
Removed Pin From Net: NetName=CA2 Pin=C1-11-1
Removed Pin From Net: NetName=CA1 Pin=C1-11-2
Removed Pin From Net: NetName=CA2 Pin=C1-12-1
Removed Pin From Net: NetName=CA1 Pin=C1-12-2
Removed Pin From Net: NetName=CA2 Pin=C1-13-1
Removed Pin From Net: NetName=CA1 Pin=C1-13-2
Removed Pin From Net: NetName=CA2 Pin=C1-14-1
Removed Pin From Net: NetName=CA1 Pin=C1-14-2
Removed Pin From Net: NetName=CA2 Pin=C1-15-1
Removed Pin From Net: NetName=CA1 Pin=C1-15-2
Removed Pin From Net: NetName=CA2 Pin=C1-16-1
Removed Pin From Net: NetName=CA1 Pin=C1-16-2
Removed Pin From Net: NetName=CA1 Pin=C2-2-1
Removed Pin From Net: NetName=CA1 Pin=C2-3-1
Removed Pin From Net: NetName=CA1 Pin=C2-4-1
Removed Pin From Net: NetName=CA1 Pin=C2-5-1
Removed Pin From Net: NetName=CA1 Pin=C2-6-1
Removed Pin From Net: NetName=CA1 Pin=C2-7-1
Removed Pin From Net: NetName=CA1 Pin=C2-8-1
Removed Pin From Net: NetName=CA1 Pin=C2-9-1
Removed Pin From Net: NetName=CA2 Pin=C2-9-2
Removed Pin From Net: NetName=CA1 Pin=C2-10-1
Removed Pin From Net: NetName=CA2 Pin=C2-10-2
Removed Pin From Net: NetName=CA1 Pin=C2-11-1
Removed Pin From Net: NetName=CA2 Pin=C2-11-2
Removed Pin From Net: NetName=CA1 Pin=C2-12-1
Removed Pin From Net: NetName=CA2 Pin=C2-12-2
Removed Pin From Net: NetName=CA1 Pin=C2-13-1
Removed Pin From Net: NetName=CA2 Pin=C2-13-2
Removed Pin From Net: NetName=CA1 Pin=C2-14-1
Removed Pin From Net: NetName=CA2 Pin=C2-14-2
Removed Pin From Net: NetName=CA1 Pin=C2-15-1
Removed Pin From Net: NetName=CA2 Pin=C2-15-2
Removed Pin From Net: NetName=CA1 Pin=C2-16-1
Removed Pin From Net: NetName=CA2 Pin=C2-16-2
Removed Pin From Net: NetName=CA1 Pin=C3-2-1
Removed Pin From Net: NetName=CA1 Pin=C3-3-1
Removed Pin From Net: NetName=CA1 Pin=C3-4-1
Removed Pin From Net: NetName=CA1 Pin=C3-5-1
Removed Pin From Net: NetName=CA1 Pin=C3-6-1
Removed Pin From Net: NetName=CA1 Pin=C3-7-1
Removed Pin From Net: NetName=CA1 Pin=C3-8-1
Removed Pin From Net: NetName=CA1 Pin=C3-9-1
Removed Pin From Net: NetName=CA3 Pin=C3-9-2
Removed Pin From Net: NetName=CA1 Pin=C3-10-1
Removed Pin From Net: NetName=CA3 Pin=C3-10-2
Removed Pin From Net: NetName=CA1 Pin=C3-11-1
Removed Pin From Net: NetName=CA3 Pin=C3-11-2
Removed Pin From Net: NetName=CA1 Pin=C3-12-1
Removed Pin From Net: NetName=CA3 Pin=C3-12-2
Removed Pin From Net: NetName=CA1 Pin=C3-13-1
Removed Pin From Net: NetName=CA3 Pin=C3-13-2
Removed Pin From Net: NetName=CA1 Pin=C3-14-1
Removed Pin From Net: NetName=CA3 Pin=C3-14-2
Removed Pin From Net: NetName=CA1 Pin=C3-15-1
Removed Pin From Net: NetName=CA3 Pin=C3-15-2
Removed Pin From Net: NetName=CA1 Pin=C3-16-1
Removed Pin From Net: NetName=CA3 Pin=C3-16-2
Removed Pin From Net: NetName=CA1 Pin=C4-2-1
Removed Pin From Net: NetName=CA1 Pin=C4-3-1
Removed Pin From Net: NetName=CA1 Pin=C4-4-1
Removed Pin From Net: NetName=CA1 Pin=C4-5-1
Removed Pin From Net: NetName=CA1 Pin=C4-6-1
Removed Pin From Net: NetName=CA1 Pin=C4-7-1
Removed Pin From Net: NetName=CA1 Pin=C4-8-1
Removed Pin From Net: NetName=CA1 Pin=C4-9-1
Removed Pin From Net: NetName=CA4 Pin=C4-9-2
Removed Pin From Net: NetName=CA1 Pin=C4-10-1
Removed Pin From Net: NetName=CA4 Pin=C4-10-2
Removed Pin From Net: NetName=CA1 Pin=C4-11-1
Removed Pin From Net: NetName=CA4 Pin=C4-11-2
Removed Pin From Net: NetName=CA1 Pin=C4-12-1
Removed Pin From Net: NetName=CA4 Pin=C4-12-2
Removed Pin From Net: NetName=CA1 Pin=C4-13-1
Removed Pin From Net: NetName=CA4 Pin=C4-13-2
Removed Pin From Net: NetName=CA1 Pin=C4-14-1
Removed Pin From Net: NetName=CA4 Pin=C4-14-2
Removed Pin From Net: NetName=CA1 Pin=C4-15-1
Removed Pin From Net: NetName=CA4 Pin=C4-15-2
Removed Pin From Net: NetName=CA1 Pin=C4-16-1
Removed Pin From Net: NetName=CA4 Pin=C4-16-2
Removed Pin From Net: NetName=CA1 Pin=C5-2-1
Removed Pin From Net: NetName=CA1 Pin=C5-3-1
Removed Pin From Net: NetName=CA1 Pin=C5-4-1
Removed Pin From Net: NetName=CA1 Pin=C5-5-1
Removed Pin From Net: NetName=CA1 Pin=C5-6-1
Removed Pin From Net: NetName=CA1 Pin=C5-7-1
Removed Pin From Net: NetName=CA1 Pin=C5-8-1
Removed Pin From Net: NetName=CA1 Pin=C5-9-1
Removed Pin From Net: NetName=CA5 Pin=C5-9-2
Removed Pin From Net: NetName=CA1 Pin=C5-10-1
Removed Pin From Net: NetName=CA5 Pin=C5-10-2
Removed Pin From Net: NetName=CA1 Pin=C5-11-1
Removed Pin From Net: NetName=CA5 Pin=C5-11-2
Removed Pin From Net: NetName=CA1 Pin=C5-12-1
Removed Pin From Net: NetName=CA5 Pin=C5-12-2
Removed Pin From Net: NetName=CA1 Pin=C5-13-1
Removed Pin From Net: NetName=CA5 Pin=C5-13-2
Removed Pin From Net: NetName=CA1 Pin=C5-14-1
Removed Pin From Net: NetName=CA5 Pin=C5-14-2
Removed Pin From Net: NetName=CA1 Pin=C5-15-1
Removed Pin From Net: NetName=CA5 Pin=C5-15-2
Removed Pin From Net: NetName=CA1 Pin=C5-16-1
Removed Pin From Net: NetName=CA5 Pin=C5-16-2
Removed Pin From Net: NetName=CA1 Pin=C6-2-1
Removed Pin From Net: NetName=CA1 Pin=C6-3-1
Removed Pin From Net: NetName=CA1 Pin=C6-4-1
Removed Pin From Net: NetName=CA1 Pin=C6-5-1
Removed Pin From Net: NetName=CA1 Pin=C6-6-1
Removed Pin From Net: NetName=CA1 Pin=C6-7-1
Removed Pin From Net: NetName=CA1 Pin=C6-8-1
Removed Pin From Net: NetName=CA1 Pin=C6-9-1
Removed Pin From Net: NetName=CA6 Pin=C6-9-2
Removed Pin From Net: NetName=CA1 Pin=C6-10-1
Removed Pin From Net: NetName=CA6 Pin=C6-10-2
Removed Pin From Net: NetName=CA1 Pin=C6-11-1
Removed Pin From Net: NetName=CA6 Pin=C6-11-2
Removed Pin From Net: NetName=CA1 Pin=C6-12-1
Removed Pin From Net: NetName=CA6 Pin=C6-12-2
Removed Pin From Net: NetName=CA1 Pin=C6-13-1
Removed Pin From Net: NetName=CA6 Pin=C6-13-2
Removed Pin From Net: NetName=CA1 Pin=C6-14-1
Removed Pin From Net: NetName=CA6 Pin=C6-14-2
Removed Pin From Net: NetName=CA1 Pin=C6-15-1
Removed Pin From Net: NetName=CA6 Pin=C6-15-2
Removed Pin From Net: NetName=CA1 Pin=C6-16-1
Removed Pin From Net: NetName=CA6 Pin=C6-16-2
Removed Pin From Net: NetName=CA1 Pin=C7-2-1
Removed Pin From Net: NetName=CA1 Pin=C7-3-1
Removed Pin From Net: NetName=CA1 Pin=C7-4-1
Removed Pin From Net: NetName=CA1 Pin=C7-5-1
Removed Pin From Net: NetName=CA1 Pin=C7-6-1
Removed Pin From Net: NetName=CA1 Pin=C7-7-1
Removed Pin From Net: NetName=CA1 Pin=C7-8-1
Removed Pin From Net: NetName=CA1 Pin=C7-9-1
Removed Pin From Net: NetName=CA7 Pin=C7-9-2
Removed Pin From Net: NetName=CA1 Pin=C7-10-1
Removed Pin From Net: NetName=CA7 Pin=C7-10-2
Removed Pin From Net: NetName=CA1 Pin=C7-11-1
Removed Pin From Net: NetName=CA7 Pin=C7-11-2
Removed Pin From Net: NetName=CA1 Pin=C7-12-1
Removed Pin From Net: NetName=CA7 Pin=C7-12-2
Removed Pin From Net: NetName=CA1 Pin=C7-13-1
Removed Pin From Net: NetName=CA7 Pin=C7-13-2
Removed Pin From Net: NetName=CA1 Pin=C7-14-1
Removed Pin From Net: NetName=CA7 Pin=C7-14-2
Removed Pin From Net: NetName=CA1 Pin=C7-15-1
Removed Pin From Net: NetName=CA7 Pin=C7-15-2
Removed Pin From Net: NetName=CA1 Pin=C7-16-1
Removed Pin From Net: NetName=CA7 Pin=C7-16-2
Removed Pin From Net: NetName=CA1 Pin=C8-2-1
Removed Pin From Net: NetName=CA1 Pin=C8-3-1
Removed Pin From Net: NetName=CA1 Pin=C8-4-1
Removed Pin From Net: NetName=CA1 Pin=C8-5-1
Removed Pin From Net: NetName=CA1 Pin=C8-6-1
Removed Pin From Net: NetName=CA1 Pin=C8-7-1
Removed Pin From Net: NetName=CA1 Pin=C8-8-1
Removed Pin From Net: NetName=CA1 Pin=C8-9-1
Removed Pin From Net: NetName=CA8 Pin=C8-9-2
Removed Pin From Net: NetName=CA1 Pin=C8-10-1
Removed Pin From Net: NetName=CA8 Pin=C8-10-2
Removed Pin From Net: NetName=CA1 Pin=C8-11-1
Removed Pin From Net: NetName=CA8 Pin=C8-11-2
Removed Pin From Net: NetName=CA1 Pin=C8-12-1
Removed Pin From Net: NetName=CA8 Pin=C8-12-2
Removed Pin From Net: NetName=CA1 Pin=C8-13-1
Removed Pin From Net: NetName=CA8 Pin=C8-13-2
Removed Pin From Net: NetName=CA1 Pin=C8-14-1
Removed Pin From Net: NetName=CA8 Pin=C8-14-2
Removed Pin From Net: NetName=CA1 Pin=C8-15-1
Removed Pin From Net: NetName=CA8 Pin=C8-15-2
Removed Pin From Net: NetName=CA1 Pin=C8-16-1
Removed Pin From Net: NetName=CA8 Pin=C8-16-2
Removed Pin From Net: NetName=CA1 Pin=C9-2-1
Removed Pin From Net: NetName=CA1 Pin=C9-3-1
Removed Pin From Net: NetName=CA1 Pin=C9-4-1
Removed Pin From Net: NetName=CA1 Pin=C9-5-1
Removed Pin From Net: NetName=CA1 Pin=C9-6-1
Removed Pin From Net: NetName=CA1 Pin=C9-7-1
Removed Pin From Net: NetName=CA1 Pin=C9-8-1
Removed Pin From Net: NetName=CA1 Pin=C9-9-1
Removed Pin From Net: NetName=CA9 Pin=C9-9-2
Removed Pin From Net: NetName=CA1 Pin=C9-10-1
Removed Pin From Net: NetName=CA9 Pin=C9-10-2
Removed Pin From Net: NetName=CA1 Pin=C9-11-1
Removed Pin From Net: NetName=CA9 Pin=C9-11-2
Removed Pin From Net: NetName=CA1 Pin=C9-12-1
Removed Pin From Net: NetName=CA9 Pin=C9-12-2
Removed Pin From Net: NetName=CA1 Pin=C9-13-1
Removed Pin From Net: NetName=CA9 Pin=C9-13-2
Removed Pin From Net: NetName=CA1 Pin=C9-14-1
Removed Pin From Net: NetName=CA9 Pin=C9-14-2
Removed Pin From Net: NetName=CA1 Pin=C9-15-1
Removed Pin From Net: NetName=CA9 Pin=C9-15-2
Removed Pin From Net: NetName=CA1 Pin=C9-16-1
Removed Pin From Net: NetName=CA9 Pin=C9-16-2
Added Component: Designator=P1(HDR1X13)
Add component. Clean all parameters for all variants
Add component (AddParameter): Name = "LatestRevisionDate"; Value = "17-Jul-2002"; VariantName = "[No Variations]"
Add component (AddParameter): Name = "LatestRevisionNote"; Value = "Re-released for DXP Platform."; VariantName = "[No Variations]"
Add component (AddParameter): Name = "Publisher"; Value = "Altium Limited"; VariantName = "[No Variations]"
Added Component: Designator=P2(HDR1X13)
Add component. Clean all parameters for all variants
Add component (AddParameter): Name = "LatestRevisionDate"; Value = "17-Jul-2002"; VariantName = "[No Variations]"
Add component (AddParameter): Name = "LatestRevisionNote"; Value = "Re-released for DXP Platform."; VariantName = "[No Variations]"
Add component (AddParameter): Name = "Publisher"; Value = "Altium Limited"; VariantName = "[No Variations]"
Added Pin To Net: NetName=NetC1-2_1 Pin=C1-2-1
Added Pin To Net: NetName=NetC1-3_1 Pin=C1-3-1
Added Pin To Net: NetName=NetC1-4_1 Pin=C1-4-1
Added Pin To Net: NetName=NetC1-5_1 Pin=C1-5-1
Added Pin To Net: NetName=NetC1-6_1 Pin=C1-6-1
Added Pin To Net: NetName=NetC1-7_1 Pin=C1-7-1
Added Pin To Net: NetName=CA9 Pin=C1-8-1
Added Pin To Net: NetName=NetC1-9_1 Pin=C1-9-1
Added Pin To Net: NetName=CB1 Pin=C1-9-2
Added Pin To Net: NetName=NetC1-10_1 Pin=C1-10-1
Added Pin To Net: NetName=CB1 Pin=C1-10-2
Added Pin To Net: NetName=NetC1-11_1 Pin=C1-11-1
Added Pin To Net: NetName=CB1 Pin=C1-11-2
Added Pin To Net: NetName=NetC1-12_1 Pin=C1-12-1
Added Pin To Net: NetName=CB1 Pin=C1-12-2
Added Pin To Net: NetName=NetC1-13_1 Pin=C1-13-1
Added Pin To Net: NetName=CB1 Pin=C1-13-2
Added Pin To Net: NetName=NetC1-14_1 Pin=C1-14-1
Added Pin To Net: NetName=CB1 Pin=C1-14-2
Added Pin To Net: NetName=NetC1-15_1 Pin=C1-15-1
Added Pin To Net: NetName=CB1 Pin=C1-15-2
Added Pin To Net: NetName=CB9 Pin=C1-16-1
Added Pin To Net: NetName=CB1 Pin=C1-16-2
Added Pin To Net: NetName=NetC1-2_1 Pin=C2-2-1
Added Pin To Net: NetName=NetC1-3_1 Pin=C2-3-1
Added Pin To Net: NetName=NetC1-4_1 Pin=C2-4-1
Added Pin To Net: NetName=NetC1-5_1 Pin=C2-5-1
Added Pin To Net: NetName=NetC1-6_1 Pin=C2-6-1
Added Pin To Net: NetName=NetC1-7_1 Pin=C2-7-1
Added Pin To Net: NetName=CA9 Pin=C2-8-1
Added Pin To Net: NetName=CB1 Pin=C2-9-1
Added Pin To Net: NetName=CB2 Pin=C2-9-2
Added Pin To Net: NetName=NetC1-10_1 Pin=C2-10-1
Added Pin To Net: NetName=CB2 Pin=C2-10-2
Added Pin To Net: NetName=NetC1-11_1 Pin=C2-11-1
Added Pin To Net: NetName=CB2 Pin=C2-11-2
Added Pin To Net: NetName=NetC1-12_1 Pin=C2-12-1
Added Pin To Net: NetName=CB2 Pin=C2-12-2
Added Pin To Net: NetName=NetC1-13_1 Pin=C2-13-1
Added Pin To Net: NetName=CB2 Pin=C2-13-2
Added Pin To Net: NetName=NetC1-14_1 Pin=C2-14-1
Added Pin To Net: NetName=CB2 Pin=C2-14-2
Added Pin To Net: NetName=NetC1-15_1 Pin=C2-15-1
Added Pin To Net: NetName=CB2 Pin=C2-15-2
Added Pin To Net: NetName=CB9 Pin=C2-16-1
Added Pin To Net: NetName=CB2 Pin=C2-16-2
Added Pin To Net: NetName=NetC1-3_1 Pin=C3-3-1
Added Pin To Net: NetName=NetC1-4_1 Pin=C3-4-1
Added Pin To Net: NetName=NetC1-5_1 Pin=C3-5-1
Added Pin To Net: NetName=NetC1-6_1 Pin=C3-6-1
Added Pin To Net: NetName=NetC1-7_1 Pin=C3-7-1
Added Pin To Net: NetName=CA9 Pin=C3-8-1
Added Pin To Net: NetName=CB1 Pin=C3-9-1
Added Pin To Net: NetName=CB3 Pin=C3-9-2
Added Pin To Net: NetName=NetC1-9_1 Pin=C3-10-1
Added Pin To Net: NetName=CB3 Pin=C3-10-2
Added Pin To Net: NetName=NetC1-11_1 Pin=C3-11-1
Added Pin To Net: NetName=CB3 Pin=C3-11-2
Added Pin To Net: NetName=NetC1-12_1 Pin=C3-12-1
Added Pin To Net: NetName=CB3 Pin=C3-12-2
Added Pin To Net: NetName=NetC1-13_1 Pin=C3-13-1
Added Pin To Net: NetName=CB3 Pin=C3-13-2
Added Pin To Net: NetName=NetC1-14_1 Pin=C3-14-1
Added Pin To Net: NetName=CB3 Pin=C3-14-2
Added Pin To Net: NetName=NetC1-15_1 Pin=C3-15-1
Added Pin To Net: NetName=CB3 Pin=C3-15-2
Added Pin To Net: NetName=CB9 Pin=C3-16-1
Added Pin To Net: NetName=CB3 Pin=C3-16-2
Added Pin To Net: NetName=NetC1-2_1 Pin=C4-3-1
Added Pin To Net: NetName=NetC1-4_1 Pin=C4-4-1
Added Pin To Net: NetName=NetC1-5_1 Pin=C4-5-1
Added Pin To Net: NetName=NetC1-6_1 Pin=C4-6-1
Added Pin To Net: NetName=NetC1-7_1 Pin=C4-7-1
Added Pin To Net: NetName=CA9 Pin=C4-8-1
Added Pin To Net: NetName=CB1 Pin=C4-9-1
Added Pin To Net: NetName=CB4 Pin=C4-9-2
Added Pin To Net: NetName=NetC1-9_1 Pin=C4-10-1
Added Pin To Net: NetName=CB4 Pin=C4-10-2
Added Pin To Net: NetName=NetC1-10_1 Pin=C4-11-1
Added Pin To Net: NetName=CB4 Pin=C4-11-2
Added Pin To Net: NetName=NetC1-12_1 Pin=C4-12-1
Added Pin To Net: NetName=CB4 Pin=C4-12-2
Added Pin To Net: NetName=NetC1-13_1 Pin=C4-13-1
Added Pin To Net: NetName=CB4 Pin=C4-13-2
Added Pin To Net: NetName=NetC1-14_1 Pin=C4-14-1
Added Pin To Net: NetName=CB4 Pin=C4-14-2
Added Pin To Net: NetName=NetC1-15_1 Pin=C4-15-1
Added Pin To Net: NetName=CB4 Pin=C4-15-2
Added Pin To Net: NetName=CB9 Pin=C4-16-1
Added Pin To Net: NetName=CB4 Pin=C4-16-2
Added Pin To Net: NetName=NetC1-2_1 Pin=C5-3-1
Added Pin To Net: NetName=NetC1-3_1 Pin=C5-4-1
Added Pin To Net: NetName=NetC1-5_1 Pin=C5-5-1
Added Pin To Net: NetName=NetC1-6_1 Pin=C5-6-1
Added Pin To Net: NetName=NetC1-7_1 Pin=C5-7-1
Added Pin To Net: NetName=CA9 Pin=C5-8-1
Added Pin To Net: NetName=CB1 Pin=C5-9-1
Added Pin To Net: NetName=CB5 Pin=C5-9-2
Added Pin To Net: NetName=NetC1-9_1 Pin=C5-10-1
Added Pin To Net: NetName=CB5 Pin=C5-10-2
Added Pin To Net: NetName=NetC1-10_1 Pin=C5-11-1
Added Pin To Net: NetName=CB5 Pin=C5-11-2
Added Pin To Net: NetName=NetC1-11_1 Pin=C5-12-1
Added Pin To Net: NetName=CB5 Pin=C5-12-2
Added Pin To Net: NetName=NetC1-13_1 Pin=C5-13-1
Added Pin To Net: NetName=CB5 Pin=C5-13-2
Added Pin To Net: NetName=NetC1-14_1 Pin=C5-14-1
Added Pin To Net: NetName=CB5 Pin=C5-14-2
Added Pin To Net: NetName=NetC1-15_1 Pin=C5-15-1
Added Pin To Net: NetName=CB5 Pin=C5-15-2
Added Pin To Net: NetName=CB9 Pin=C5-16-1
Added Pin To Net: NetName=CB5 Pin=C5-16-2
Added Pin To Net: NetName=NetC1-2_1 Pin=C6-3-1
Added Pin To Net: NetName=NetC1-3_1 Pin=C6-4-1
Added Pin To Net: NetName=NetC1-4_1 Pin=C6-5-1
Added Pin To Net: NetName=NetC1-6_1 Pin=C6-6-1
Added Pin To Net: NetName=NetC1-7_1 Pin=C6-7-1
Added Pin To Net: NetName=CA9 Pin=C6-8-1
Added Pin To Net: NetName=CB1 Pin=C6-9-1
Added Pin To Net: NetName=CB6 Pin=C6-9-2
Added Pin To Net: NetName=NetC1-9_1 Pin=C6-10-1
Added Pin To Net: NetName=CB6 Pin=C6-10-2
Added Pin To Net: NetName=NetC1-10_1 Pin=C6-11-1
Added Pin To Net: NetName=CB6 Pin=C6-11-2
Added Pin To Net: NetName=NetC1-11_1 Pin=C6-12-1
Added Pin To Net: NetName=CB6 Pin=C6-12-2
Added Pin To Net: NetName=NetC1-12_1 Pin=C6-13-1
Added Pin To Net: NetName=CB6 Pin=C6-13-2
Added Pin To Net: NetName=NetC1-14_1 Pin=C6-14-1
Added Pin To Net: NetName=CB6 Pin=C6-14-2
Added Pin To Net: NetName=NetC1-15_1 Pin=C6-15-1
Added Pin To Net: NetName=CB6 Pin=C6-15-2
Added Pin To Net: NetName=CB9 Pin=C6-16-1
Added Pin To Net: NetName=CB6 Pin=C6-16-2
Added Pin To Net: NetName=NetC1-2_1 Pin=C7-3-1
Added Pin To Net: NetName=NetC1-3_1 Pin=C7-4-1
Added Pin To Net: NetName=NetC1-4_1 Pin=C7-5-1
Added Pin To Net: NetName=NetC1-5_1 Pin=C7-6-1
Added Pin To Net: NetName=NetC1-7_1 Pin=C7-7-1
Added Pin To Net: NetName=CA9 Pin=C7-8-1
Added Pin To Net: NetName=CB1 Pin=C7-9-1
Added Pin To Net: NetName=CB7 Pin=C7-9-2
Added Pin To Net: NetName=NetC1-9_1 Pin=C7-10-1
Added Pin To Net: NetName=CB7 Pin=C7-10-2
Added Pin To Net: NetName=NetC1-10_1 Pin=C7-11-1
Added Pin To Net: NetName=CB7 Pin=C7-11-2
Added Pin To Net: NetName=NetC1-11_1 Pin=C7-12-1
Added Pin To Net: NetName=CB7 Pin=C7-12-2
Added Pin To Net: NetName=NetC1-12_1 Pin=C7-13-1
Added Pin To Net: NetName=CB7 Pin=C7-13-2
Added Pin To Net: NetName=NetC1-13_1 Pin=C7-14-1
Added Pin To Net: NetName=CB7 Pin=C7-14-2
Added Pin To Net: NetName=NetC1-15_1 Pin=C7-15-1
Added Pin To Net: NetName=CB7 Pin=C7-15-2
Added Pin To Net: NetName=CB9 Pin=C7-16-1
Added Pin To Net: NetName=CB7 Pin=C7-16-2
Added Pin To Net: NetName=NetC1-2_1 Pin=C8-3-1
Added Pin To Net: NetName=NetC1-3_1 Pin=C8-4-1
Added Pin To Net: NetName=NetC1-4_1 Pin=C8-5-1
Added Pin To Net: NetName=NetC1-5_1 Pin=C8-6-1
Added Pin To Net: NetName=NetC1-6_1 Pin=C8-7-1
Added Pin To Net: NetName=CA9 Pin=C8-8-1
Added Pin To Net: NetName=CB1 Pin=C8-9-1
Added Pin To Net: NetName=CB8 Pin=C8-9-2
Added Pin To Net: NetName=NetC1-9_1 Pin=C8-10-1
Added Pin To Net: NetName=CB8 Pin=C8-10-2
Added Pin To Net: NetName=NetC1-10_1 Pin=C8-11-1
Added Pin To Net: NetName=CB8 Pin=C8-11-2
Added Pin To Net: NetName=NetC1-11_1 Pin=C8-12-1
Added Pin To Net: NetName=CB8 Pin=C8-12-2
Added Pin To Net: NetName=NetC1-12_1 Pin=C8-13-1
Added Pin To Net: NetName=CB8 Pin=C8-13-2
Added Pin To Net: NetName=NetC1-13_1 Pin=C8-14-1
Added Pin To Net: NetName=CB8 Pin=C8-14-2
Added Pin To Net: NetName=NetC1-14_1 Pin=C8-15-1
Added Pin To Net: NetName=CB8 Pin=C8-15-2
Added Pin To Net: NetName=CB9 Pin=C8-16-1
Added Pin To Net: NetName=CB8 Pin=C8-16-2
Added Pin To Net: NetName=NetC1-2_1 Pin=C9-3-1
Added Pin To Net: NetName=NetC1-3_1 Pin=C9-4-1
Added Pin To Net: NetName=NetC1-4_1 Pin=C9-5-1
Added Pin To Net: NetName=NetC1-5_1 Pin=C9-6-1
Added Pin To Net: NetName=NetC1-6_1 Pin=C9-7-1
Added Pin To Net: NetName=NetC1-7_1 Pin=C9-8-1
Added Pin To Net: NetName=CB1 Pin=C9-9-1
Added Pin To Net: NetName=CB9 Pin=C9-9-2
Added Pin To Net: NetName=NetC1-9_1 Pin=C9-10-1
Added Pin To Net: NetName=CB9 Pin=C9-10-2
Added Pin To Net: NetName=NetC1-10_1 Pin=C9-11-1
Added Pin To Net: NetName=CB9 Pin=C9-11-2
Added Pin To Net: NetName=NetC1-11_1 Pin=C9-12-1
Added Pin To Net: NetName=CB9 Pin=C9-12-2
Added Pin To Net: NetName=NetC1-12_1 Pin=C9-13-1
Added Pin To Net: NetName=CB9 Pin=C9-13-2
Added Pin To Net: NetName=NetC1-13_1 Pin=C9-14-1
Added Pin To Net: NetName=CB9 Pin=C9-14-2
Added Pin To Net: NetName=NetC1-14_1 Pin=C9-15-1
Added Pin To Net: NetName=CB9 Pin=C9-15-2
Added Pin To Net: NetName=NetC1-15_1 Pin=C9-16-1
Added Pin To Net: NetName=CB9 Pin=C9-16-2
Added Pin To Net: NetName=CA1 Pin=P1-1
Added Pin To Net: NetName=CA2 Pin=P1-2
Added Pin To Net: NetName=CA3 Pin=P1-3
Added Pin To Net: NetName=CA4 Pin=P1-4
Added Pin To Net: NetName=CA5 Pin=P1-5
Added Pin To Net: NetName=CA6 Pin=P1-6
Added Pin To Net: NetName=CA7 Pin=P1-7
Added Pin To Net: NetName=CA9 Pin=P1-9
Added Pin To Net: NetName=CB1 Pin=P2-1
Added Pin To Net: NetName=CB2 Pin=P2-2
Added Pin To Net: NetName=CB3 Pin=P2-3
Added Pin To Net: NetName=CB4 Pin=P2-4
Added Pin To Net: NetName=CB5 Pin=P2-5
Added Pin To Net: NetName=CB6 Pin=P2-6
Added Pin To Net: NetName=CB7 Pin=P2-7
Added Pin To Net: NetName=CB8 Pin=P2-8
Added Pin To Net: NetName=CB9 Pin=P2-9
Added Pin To Net: NetName=NetC1-1_1 Pin=C1-1-1
Added Pin To Net: NetName=NetC1-1_1 Pin=C3-2-1
Added Pin To Net: NetName=NetC1-1_1 Pin=C4-2-1
Added Pin To Net: NetName=NetC1-1_1 Pin=C5-2-1
Added Pin To Net: NetName=NetC1-1_1 Pin=C6-2-1
Added Pin To Net: NetName=NetC1-1_1 Pin=C7-2-1
Added Pin To Net: NetName=NetC1-1_1 Pin=C8-2-1
Added Pin To Net: NetName=NetC1-1_1 Pin=C9-2-1
Added Net: Name=NetC1-1_1
Added Member To Class: ClassName=Sheet1 Member=Component C1-1 LED
Added Member To Class: ClassName=Sheet1 Member=Component C1-2 LED
Added Member To Class: ClassName=Sheet1 Member=Component C1-3 LED
Added Member To Class: ClassName=Sheet1 Member=Component C1-4 LED
Added Member To Class: ClassName=Sheet1 Member=Component C1-5 LED
Added Member To Class: ClassName=Sheet1 Member=Component C1-6 LED
Added Member To Class: ClassName=Sheet1 Member=Component C1-7 LED
Added Member To Class: ClassName=Sheet1 Member=Component C1-8 LED
Added Member To Class: ClassName=Sheet1 Member=Component C1-9 LED
Added Member To Class: ClassName=Sheet1 Member=Component C1-10 LED
Added Member To Class: ClassName=Sheet1 Member=Component C1-11 LED
Added Member To Class: ClassName=Sheet1 Member=Component C1-12 LED
Added Member To Class: ClassName=Sheet1 Member=Component C1-13 LED
Added Member To Class: ClassName=Sheet1 Member=Component C1-14 LED
Added Member To Class: ClassName=Sheet1 Member=Component C1-15 LED
Added Member To Class: ClassName=Sheet1 Member=Component C1-16 LED
Added Member To Class: ClassName=Sheet1 Member=Component C2-1 LED
Added Member To Class: ClassName=Sheet1 Member=Component C2-2 LED
Added Member To Class: ClassName=Sheet1 Member=Component C2-3 LED
Added Member To Class: ClassName=Sheet1 Member=Component C2-4 LED
Added Member To Class: ClassName=Sheet1 Member=Component C2-5 LED
Added Member To Class: ClassName=Sheet1 Member=Component C2-6 LED
Added Member To Class: ClassName=Sheet1 Member=Component C2-7 LED
Added Member To Class: ClassName=Sheet1 Member=Component C2-8 LED
Added Member To Class: ClassName=Sheet1 Member=Component C2-9 LED
Added Member To Class: ClassName=Sheet1 Member=Component C2-10 LED
Added Member To Class: ClassName=Sheet1 Member=Component C2-11 LED
Added Member To Class: ClassName=Sheet1 Member=Component C2-12 LED
Added Member To Class: ClassName=Sheet1 Member=Component C2-13 LED
Added Member To Class: ClassName=Sheet1 Member=Component C2-14 LED
Added Member To Class: ClassName=Sheet1 Member=Component C2-15 LED
Added Member To Class: ClassName=Sheet1 Member=Component C2-16 LED
Added Member To Class: ClassName=Sheet1 Member=Component C3-1 LED
Added Member To Class: ClassName=Sheet1 Member=Component C3-2 LED
Added Member To Class: ClassName=Sheet1 Member=Component C3-3 LED
Added Member To Class: ClassName=Sheet1 Member=Component C3-4 LED
Added Member To Class: ClassName=Sheet1 Member=Component C3-5 LED
Added Member To Class: ClassName=Sheet1 Member=Component C3-6 LED
Added Member To Class: ClassName=Sheet1 Member=Component C3-7 LED
Added Member To Class: ClassName=Sheet1 Member=Component C3-8 LED
Added Member To Class: ClassName=Sheet1 Member=Component C3-9 LED
Added Member To Class: ClassName=Sheet1 Member=Component C3-10 LED
Added Member To Class: ClassName=Sheet1 Member=Component C3-11 LED
Added Member To Class: ClassName=Sheet1 Member=Component C3-12 LED
Added Member To Class: ClassName=Sheet1 Member=Component C3-13 LED
Added Member To Class: ClassName=Sheet1 Member=Component C3-14 LED
Added Member To Class: ClassName=Sheet1 Member=Component C3-15 LED
Added Member To Class: ClassName=Sheet1 Member=Component C3-16 LED
Added Member To Class: ClassName=Sheet1 Member=Component C4-1 LED
Added Member To Class: ClassName=Sheet1 Member=Component C4-2 LED
Added Member To Class: ClassName=Sheet1 Member=Component C4-3 LED
Added Member To Class: ClassName=Sheet1 Member=Component C4-4 LED
Added Member To Class: ClassName=Sheet1 Member=Component C4-5 LED
Added Member To Class: ClassName=Sheet1 Member=Component C4-6 LED
Added Member To Class: ClassName=Sheet1 Member=Component C4-7 LED
Added Member To Class: ClassName=Sheet1 Member=Component C4-8 LED
Added Member To Class: ClassName=Sheet1 Member=Component C4-9 LED
Added Member To Class: ClassName=Sheet1 Member=Component C4-10 LED
Added Member To Class: ClassName=Sheet1 Member=Component C4-11 LED
Added Member To Class: ClassName=Sheet1 Member=Component C4-12 LED
Added Member To Class: ClassName=Sheet1 Member=Component C4-13 LED
Added Member To Class: ClassName=Sheet1 Member=Component C4-14 LED
Added Member To Class: ClassName=Sheet1 Member=Component C4-15 LED
Added Member To Class: ClassName=Sheet1 Member=Component C4-16 LED
Added Member To Class: ClassName=Sheet1 Member=Component C5-1 LED
Added Member To Class: ClassName=Sheet1 Member=Component C5-2 LED
Added Member To Class: ClassName=Sheet1 Member=Component C5-3 LED
Added Member To Class: ClassName=Sheet1 Member=Component C5-4 LED
Added Member To Class: ClassName=Sheet1 Member=Component C5-5 LED
Added Member To Class: ClassName=Sheet1 Member=Component C5-6 LED
Added Member To Class: ClassName=Sheet1 Member=Component C5-7 LED
Added Member To Class: ClassName=Sheet1 Member=Component C5-8 LED
Added Member To Class: ClassName=Sheet1 Member=Component C5-9 LED
Added Member To Class: ClassName=Sheet1 Member=Component C5-10 LED
Added Member To Class: ClassName=Sheet1 Member=Component C5-11 LED
Added Member To Class: ClassName=Sheet1 Member=Component C5-12 LED
Added Member To Class: ClassName=Sheet1 Member=Component C5-13 LED
Added Member To Class: ClassName=Sheet1 Member=Component C5-14 LED
Added Member To Class: ClassName=Sheet1 Member=Component C5-15 LED
Added Member To Class: ClassName=Sheet1 Member=Component C5-16 LED
Added Member To Class: ClassName=Sheet1 Member=Component C6-1 LED
Added Member To Class: ClassName=Sheet1 Member=Component C6-2 LED
Added Member To Class: ClassName=Sheet1 Member=Component C6-3 LED
Added Member To Class: ClassName=Sheet1 Member=Component C6-4 LED
Added Member To Class: ClassName=Sheet1 Member=Component C6-5 LED
Added Member To Class: ClassName=Sheet1 Member=Component C6-6 LED
Added Member To Class: ClassName=Sheet1 Member=Component C6-7 LED
Added Member To Class: ClassName=Sheet1 Member=Component C6-8 LED
Added Member To Class: ClassName=Sheet1 Member=Component C6-9 LED
Added Member To Class: ClassName=Sheet1 Member=Component C6-10 LED
Added Member To Class: ClassName=Sheet1 Member=Component C6-11 LED
Added Member To Class: ClassName=Sheet1 Member=Component C6-12 LED
Added Member To Class: ClassName=Sheet1 Member=Component C6-13 LED
Added Member To Class: ClassName=Sheet1 Member=Component C6-14 LED
Added Member To Class: ClassName=Sheet1 Member=Component C6-15 LED
Added Member To Class: ClassName=Sheet1 Member=Component C6-16 LED
Added Member To Class: ClassName=Sheet1 Member=Component C7-1 LED
Added Member To Class: ClassName=Sheet1 Member=Component C7-2 LED
Added Member To Class: ClassName=Sheet1 Member=Component C7-3 LED
Added Member To Class: ClassName=Sheet1 Member=Component C7-4 LED
Added Member To Class: ClassName=Sheet1 Member=Component C7-5 LED
Added Member To Class: ClassName=Sheet1 Member=Component C7-6 LED
Added Member To Class: ClassName=Sheet1 Member=Component C7-7 LED
Added Member To Class: ClassName=Sheet1 Member=Component C7-8 LED
Added Member To Class: ClassName=Sheet1 Member=Component C7-9 LED
Added Member To Class: ClassName=Sheet1 Member=Component C7-10 LED
Added Member To Class: ClassName=Sheet1 Member=Component C7-11 LED
Added Member To Class: ClassName=Sheet1 Member=Component C7-12 LED
Added Member To Class: ClassName=Sheet1 Member=Component C7-13 LED
Added Member To Class: ClassName=Sheet1 Member=Component C7-14 LED
Added Member To Class: ClassName=Sheet1 Member=Component C7-15 LED
Added Member To Class: ClassName=Sheet1 Member=Component C7-16 LED
Added Member To Class: ClassName=Sheet1 Member=Component C8-1 LED
Added Member To Class: ClassName=Sheet1 Member=Component C8-2 LED
Added Member To Class: ClassName=Sheet1 Member=Component C8-3 LED
Added Member To Class: ClassName=Sheet1 Member=Component C8-4 LED
Added Member To Class: ClassName=Sheet1 Member=Component C8-5 LED
Added Member To Class: ClassName=Sheet1 Member=Component C8-6 LED
Added Member To Class: ClassName=Sheet1 Member=Component C8-7 LED
Added Member To Class: ClassName=Sheet1 Member=Component C8-8 LED
Added Member To Class: ClassName=Sheet1 Member=Component C8-9 LED
Added Member To Class: ClassName=Sheet1 Member=Component C8-10 LED
Added Member To Class: ClassName=Sheet1 Member=Component C8-11 LED
Added Member To Class: ClassName=Sheet1 Member=Component C8-12 LED
Added Member To Class: ClassName=Sheet1 Member=Component C8-13 LED
Added Member To Class: ClassName=Sheet1 Member=Component C8-14 LED
Added Member To Class: ClassName=Sheet1 Member=Component C8-15 LED
Added Member To Class: ClassName=Sheet1 Member=Component C8-16 LED
Added Member To Class: ClassName=Sheet1 Member=Component C9-1 LED
Added Member To Class: ClassName=Sheet1 Member=Component C9-2 LED
Added Member To Class: ClassName=Sheet1 Member=Component C9-3 LED
Added Member To Class: ClassName=Sheet1 Member=Component C9-4 LED
Added Member To Class: ClassName=Sheet1 Member=Component C9-5 LED
Added Member To Class: ClassName=Sheet1 Member=Component C9-6 LED
Added Member To Class: ClassName=Sheet1 Member=Component C9-7 LED
Added Member To Class: ClassName=Sheet1 Member=Component C9-8 LED
Added Member To Class: ClassName=Sheet1 Member=Component C9-9 LED
Added Member To Class: ClassName=Sheet1 Member=Component C9-10 LED
Added Member To Class: ClassName=Sheet1 Member=Component C9-11 LED
Added Member To Class: ClassName=Sheet1 Member=Component C9-12 LED
Added Member To Class: ClassName=Sheet1 Member=Component C9-13 LED
Added Member To Class: ClassName=Sheet1 Member=Component C9-14 LED
Added Member To Class: ClassName=Sheet1 Member=Component C9-15 LED
Added Member To Class: ClassName=Sheet1 Member=Component C9-16 LED
Added Member To Class: ClassName=Sheet1 Member=Component P1 Header 13
Added Member To Class: ClassName=Sheet1 Member=Component P2 Header 13
