Added Component: Designator=C1-1(LED 0603(2))
Add component. Clean all parameters for all variants
Added Component: Designator=C1-2(LED 0603(2))
Add component. Clean all parameters for all variants
Added Component: Designator=C1-3(LED 0603(2))
Add component. Clean all parameters for all variants
Added Component: Designator=C1-4(LED 0603(2))
Add component. Clean all parameters for all variants
Added Component: Designator=C1-5(LED 0603(2))
Add component. Clean all parameters for all variants
Added Component: Designator=C1-6(LED 0603(2))
Add component. Clean all parameters for all variants
Added Component: Designator=C1-7(LED 0603(2))
Add component. Clean all parameters for all variants
Added Component: Designator=C1-8(LED 0603(2))
Add component. Clean all parameters for all variants
Added Component: Designator=C1-9(LED 0603(2))
Add component. Clean all parameters for all variants
Added Component: Designator=C1-10(LED 0603(2))
Add component. Clean all parameters for all variants
Added Component: Designator=C1-11(LED 0603(2))
Add component. Clean all parameters for all variants
Added Component: Designator=C1-12(LED 0603(2))
Add component. Clean all parameters for all variants
Added Component: Designator=C1-13(LED 0603(2))
Add component. Clean all parameters for all variants
Added Component: Designator=C1-14(LED 0603(2))
Add component. Clean all parameters for all variants
Added Component: Designator=C1-15(LED 0603(2))
Add component. Clean all parameters for all variants
Added Component: Designator=C1-16(LED 0603(2))
Add component. Clean all parameters for all variants
Added Component: Designator=C1(C 0603 / 1608)
Add component. Clean all parameters for all variants
Added Component: Designator=C2-1(LED 0603(2))
Add component. Clean all parameters for all variants
Added Component: Designator=C2-2(LED 0603(2))
Add component. Clean all parameters for all variants
Added Component: Designator=C2-3(LED 0603(2))
Add component. Clean all parameters for all variants
Added Component: Designator=C2-4(LED 0603(2))
Add component. Clean all parameters for all variants
Added Component: Designator=C2-5(LED 0603(2))
Add component. Clean all parameters for all variants
Added Component: Designator=C2-6(LED 0603(2))
Add component. Clean all parameters for all variants
Added Component: Designator=C2-7(LED 0603(2))
Add component. Clean all parameters for all variants
Added Component: Designator=C2-8(LED 0603(2))
Add component. Clean all parameters for all variants
Added Component: Designator=C2-9(LED 0603(2))
Add component. Clean all parameters for all variants
Added Component: Designator=C2-10(LED 0603(2))
Add component. Clean all parameters for all variants
Added Component: Designator=C2-11(LED 0603(2))
Add component. Clean all parameters for all variants
Added Component: Designator=C2-12(LED 0603(2))
Add component. Clean all parameters for all variants
Added Component: Designator=C2-13(LED 0603(2))
Add component. Clean all parameters for all variants
Added Component: Designator=C2-14(LED 0603(2))
Add component. Clean all parameters for all variants
Added Component: Designator=C2-15(LED 0603(2))
Add component. Clean all parameters for all variants
Added Component: Designator=C2-16(LED 0603(2))
Add component. Clean all parameters for all variants
Added Component: Designator=C3-1(LED 0603(2))
Add component. Clean all parameters for all variants
Added Component: Designator=C3-2(LED 0603(2))
Add component. Clean all parameters for all variants
Added Component: Designator=C3-3(LED 0603(2))
Add component. Clean all parameters for all variants
Added Component: Designator=C3-4(LED 0603(2))
Add component. Clean all parameters for all variants
Added Component: Designator=C3-5(LED 0603(2))
Add component. Clean all parameters for all variants
Added Component: Designator=C3-6(LED 0603(2))
Add component. Clean all parameters for all variants
Added Component: Designator=C3-7(LED 0603(2))
Add component. Clean all parameters for all variants
Added Component: Designator=C3-8(LED 0603(2))
Add component. Clean all parameters for all variants
Added Component: Designator=C3-9(LED 0603(2))
Add component. Clean all parameters for all variants
Added Component: Designator=C3-10(LED 0603(2))
Add component. Clean all parameters for all variants
Added Component: Designator=C3-11(LED 0603(2))
Add component. Clean all parameters for all variants
Added Component: Designator=C3-12(LED 0603(2))
Add component. Clean all parameters for all variants
Added Component: Designator=C3-13(LED 0603(2))
Add component. Clean all parameters for all variants
Added Component: Designator=C3-14(LED 0603(2))
Add component. Clean all parameters for all variants
Added Component: Designator=C3-15(LED 0603(2))
Add component. Clean all parameters for all variants
Added Component: Designator=C3-16(LED 0603(2))
Add component. Clean all parameters for all variants
Added Component: Designator=C4-1(LED 0603(2))
Add component. Clean all parameters for all variants
Added Component: Designator=C4-2(LED 0603(2))
Add component. Clean all parameters for all variants
Added Component: Designator=C4-3(LED 0603(2))
Add component. Clean all parameters for all variants
Added Component: Designator=C4-4(LED 0603(2))
Add component. Clean all parameters for all variants
Added Component: Designator=C4-5(LED 0603(2))
Add component. Clean all parameters for all variants
Added Component: Designator=C4-6(LED 0603(2))
Add component. Clean all parameters for all variants
Added Component: Designator=C4-7(LED 0603(2))
Add component. Clean all parameters for all variants
Added Component: Designator=C4-8(LED 0603(2))
Add component. Clean all parameters for all variants
Added Component: Designator=C4-9(LED 0603(2))
Add component. Clean all parameters for all variants
Added Component: Designator=C4-10(LED 0603(2))
Add component. Clean all parameters for all variants
Added Component: Designator=C4-11(LED 0603(2))
Add component. Clean all parameters for all variants
Added Component: Designator=C4-12(LED 0603(2))
Add component. Clean all parameters for all variants
Added Component: Designator=C4-13(LED 0603(2))
Add component. Clean all parameters for all variants
Added Component: Designator=C4-14(LED 0603(2))
Add component. Clean all parameters for all variants
Added Component: Designator=C4-15(LED 0603(2))
Add component. Clean all parameters for all variants
Added Component: Designator=C4-16(LED 0603(2))
Add component. Clean all parameters for all variants
Added Component: Designator=C5-1(LED 0603(2))
Add component. Clean all parameters for all variants
Added Component: Designator=C5-2(LED 0603(2))
Add component. Clean all parameters for all variants
Added Component: Designator=C5-3(LED 0603(2))
Add component. Clean all parameters for all variants
Added Component: Designator=C5-4(LED 0603(2))
Add component. Clean all parameters for all variants
Added Component: Designator=C5-5(LED 0603(2))
Add component. Clean all parameters for all variants
Added Component: Designator=C5-6(LED 0603(2))
Add component. Clean all parameters for all variants
Added Component: Designator=C5-7(LED 0603(2))
Add component. Clean all parameters for all variants
Added Component: Designator=C5-8(LED 0603(2))
Add component. Clean all parameters for all variants
Added Component: Designator=C5-9(LED 0603(2))
Add component. Clean all parameters for all variants
Added Component: Designator=C5-10(LED 0603(2))
Add component. Clean all parameters for all variants
Added Component: Designator=C5-11(LED 0603(2))
Add component. Clean all parameters for all variants
Added Component: Designator=C5-12(LED 0603(2))
Add component. Clean all parameters for all variants
Added Component: Designator=C5-13(LED 0603(2))
Add component. Clean all parameters for all variants
Added Component: Designator=C5-14(LED 0603(2))
Add component. Clean all parameters for all variants
Added Component: Designator=C5-15(LED 0603(2))
Add component. Clean all parameters for all variants
Added Component: Designator=C5-16(LED 0603(2))
Add component. Clean all parameters for all variants
Added Component: Designator=C6-1(LED 0603(2))
Add component. Clean all parameters for all variants
Added Component: Designator=C6-2(LED 0603(2))
Add component. Clean all parameters for all variants
Added Component: Designator=C6-3(LED 0603(2))
Add component. Clean all parameters for all variants
Added Component: Designator=C6-4(LED 0603(2))
Add component. Clean all parameters for all variants
Added Component: Designator=C6-5(LED 0603(2))
Add component. Clean all parameters for all variants
Added Component: Designator=C6-6(LED 0603(2))
Add component. Clean all parameters for all variants
Added Component: Designator=C6-7(LED 0603(2))
Add component. Clean all parameters for all variants
Added Component: Designator=C6-8(LED 0603(2))
Add component. Clean all parameters for all variants
Added Component: Designator=C6-9(LED 0603(2))
Add component. Clean all parameters for all variants
Added Component: Designator=C6-10(LED 0603(2))
Add component. Clean all parameters for all variants
Added Component: Designator=C6-11(LED 0603(2))
Add component. Clean all parameters for all variants
Added Component: Designator=C6-12(LED 0603(2))
Add component. Clean all parameters for all variants
Added Component: Designator=C6-13(LED 0603(2))
Add component. Clean all parameters for all variants
Added Component: Designator=C6-14(LED 0603(2))
Add component. Clean all parameters for all variants
Added Component: Designator=C6-15(LED 0603(2))
Add component. Clean all parameters for all variants
Added Component: Designator=C6-16(LED 0603(2))
Add component. Clean all parameters for all variants
Added Component: Designator=C7-1(LED 0603(2))
Add component. Clean all parameters for all variants
Added Component: Designator=C7-2(LED 0603(2))
Add component. Clean all parameters for all variants
Added Component: Designator=C7-3(LED 0603(2))
Add component. Clean all parameters for all variants
Added Component: Designator=C7-4(LED 0603(2))
Add component. Clean all parameters for all variants
Added Component: Designator=C7-5(LED 0603(2))
Add component. Clean all parameters for all variants
Added Component: Designator=C7-6(LED 0603(2))
Add component. Clean all parameters for all variants
Added Component: Designator=C7-7(LED 0603(2))
Add component. Clean all parameters for all variants
Added Component: Designator=C7-8(LED 0603(2))
Add component. Clean all parameters for all variants
Added Component: Designator=C7-9(LED 0603(2))
Add component. Clean all parameters for all variants
Added Component: Designator=C7-10(LED 0603(2))
Add component. Clean all parameters for all variants
Added Component: Designator=C7-11(LED 0603(2))
Add component. Clean all parameters for all variants
Added Component: Designator=C7-12(LED 0603(2))
Add component. Clean all parameters for all variants
Added Component: Designator=C7-13(LED 0603(2))
Add component. Clean all parameters for all variants
Added Component: Designator=C7-14(LED 0603(2))
Add component. Clean all parameters for all variants
Added Component: Designator=C7-15(LED 0603(2))
Add component. Clean all parameters for all variants
Added Component: Designator=C7-16(LED 0603(2))
Add component. Clean all parameters for all variants
Added Component: Designator=C8-1(LED 0603(2))
Add component. Clean all parameters for all variants
Added Component: Designator=C8-2(LED 0603(2))
Add component. Clean all parameters for all variants
Added Component: Designator=C8-3(LED 0603(2))
Add component. Clean all parameters for all variants
Added Component: Designator=C8-4(LED 0603(2))
Add component. Clean all parameters for all variants
Added Component: Designator=C8-5(LED 0603(2))
Add component. Clean all parameters for all variants
Added Component: Designator=C8-6(LED 0603(2))
Add component. Clean all parameters for all variants
Added Component: Designator=C8-7(LED 0603(2))
Add component. Clean all parameters for all variants
Added Component: Designator=C8-8(LED 0603(2))
Add component. Clean all parameters for all variants
Added Component: Designator=C8-9(LED 0603(2))
Add component. Clean all parameters for all variants
Added Component: Designator=C8-10(LED 0603(2))
Add component. Clean all parameters for all variants
Added Component: Designator=C8-11(LED 0603(2))
Add component. Clean all parameters for all variants
Added Component: Designator=C8-12(LED 0603(2))
Add component. Clean all parameters for all variants
Added Component: Designator=C8-13(LED 0603(2))
Add component. Clean all parameters for all variants
Added Component: Designator=C8-14(LED 0603(2))
Add component. Clean all parameters for all variants
Added Component: Designator=C8-15(LED 0603(2))
Add component. Clean all parameters for all variants
Added Component: Designator=C8-16(LED 0603(2))
Add component. Clean all parameters for all variants
Added Component: Designator=C9-1(LED 0603(2))
Add component. Clean all parameters for all variants
Added Component: Designator=C9-2(LED 0603(2))
Add component. Clean all parameters for all variants
Added Component: Designator=C9-3(LED 0603(2))
Add component. Clean all parameters for all variants
Added Component: Designator=C9-4(LED 0603(2))
Add component. Clean all parameters for all variants
Added Component: Designator=C9-5(LED 0603(2))
Add component. Clean all parameters for all variants
Added Component: Designator=C9-6(LED 0603(2))
Add component. Clean all parameters for all variants
Added Component: Designator=C9-7(LED 0603(2))
Add component. Clean all parameters for all variants
Added Component: Designator=C9-8(LED 0603(2))
Add component. Clean all parameters for all variants
Added Component: Designator=C9-9(LED 0603(2))
Add component. Clean all parameters for all variants
Added Component: Designator=C9-10(LED 0603(2))
Add component. Clean all parameters for all variants
Added Component: Designator=C9-11(LED 0603(2))
Add component. Clean all parameters for all variants
Added Component: Designator=C9-12(LED 0603(2))
Add component. Clean all parameters for all variants
Added Component: Designator=C9-13(LED 0603(2))
Add component. Clean all parameters for all variants
Added Component: Designator=C9-14(LED 0603(2))
Add component. Clean all parameters for all variants
Added Component: Designator=C9-15(LED 0603(2))
Add component. Clean all parameters for all variants
Added Component: Designator=C9-16(LED 0603(2))
Add component. Clean all parameters for all variants
Added Component: Designator=P1(HDR2X3)
Add component. Clean all parameters for all variants
Add component (AddParameter): Name = "LatestRevisionDate"; Value = "17-Jul-2002"; VariantName = "[No Variations]"
Add component (AddParameter): Name = "LatestRevisionNote"; Value = "Re-released for DXP Platform."; VariantName = "[No Variations]"
Add component (AddParameter): Name = "Publisher"; Value = "Altium Limited"; VariantName = "[No Variations]"
Added Component: Designator=P1(HDR1X13)
Add component. Clean all parameters for all variants
Add component (AddParameter): Name = "LatestRevisionDate"; Value = "17-Jul-2002"; VariantName = "[No Variations]"
Add component (AddParameter): Name = "LatestRevisionNote"; Value = "Re-released for DXP Platform."; VariantName = "[No Variations]"
Add component (AddParameter): Name = "Publisher"; Value = "Altium Limited"; VariantName = "[No Variations]"
Added Component: Designator=P2(HDR1X13)
Add component. Clean all parameters for all variants
Add component (AddParameter): Name = "LatestRevisionDate"; Value = "17-Jul-2002"; VariantName = "[No Variations]"
Add component (AddParameter): Name = "LatestRevisionNote"; Value = "Re-released for DXP Platform."; VariantName = "[No Variations]"
Add component (AddParameter): Name = "Publisher"; Value = "Altium Limited"; VariantName = "[No Variations]"
Added Component: Designator=P2(HDR1X13)
Add component. Clean all parameters for all variants
Add component (AddParameter): Name = "LatestRevisionDate"; Value = "17-Jul-2002"; VariantName = "[No Variations]"
Add component (AddParameter): Name = "LatestRevisionNote"; Value = "Re-released for DXP Platform."; VariantName = "[No Variations]"
Add component (AddParameter): Name = "Publisher"; Value = "Altium Limited"; VariantName = "[No Variations]"
Added Component: Designator=P3(HDR1X13)
Add component. Clean all parameters for all variants
Add component (AddParameter): Name = "LatestRevisionDate"; Value = "17-Jul-2002"; VariantName = "[No Variations]"
Add component (AddParameter): Name = "LatestRevisionNote"; Value = "Re-released for DXP Platform."; VariantName = "[No Variations]"
Add component (AddParameter): Name = "Publisher"; Value = "Altium Limited"; VariantName = "[No Variations]"
Added Component: Designator=R1(C 0603 / 1608)
Add component. Clean all parameters for all variants
Add component (AddParameter): Name = "LatestRevisionDate"; Value = "17-Jul-2002"; VariantName = "[No Variations]"
Add component (AddParameter): Name = "LatestRevisionNote"; Value = "Re-released for DXP Platform."; VariantName = "[No Variations]"
Add component (AddParameter): Name = "PackageDescription"; Value = "Axial Device, Thru-Hole; 2 Leads; 0.3 in Pin Spacing"; VariantName = "[No Variations]"
Add component (AddParameter): Name = "PackageReference"; Value = "AXIAL-0.3"; VariantName = "[No Variations]"
Add component (AddParameter): Name = "Published"; Value = "8-Jun-2000"; VariantName = "[No Variations]"
Add component (AddParameter): Name = "Publisher"; Value = "Altium Limited"; VariantName = "[No Variations]"
Add component (AddParameter): Name = "Value"; Value = "1K"; VariantName = "[No Variations]"
Added Component: Designator=R2(C 0603 / 1608)
Add component. Clean all parameters for all variants
Add component (AddParameter): Name = "LatestRevisionDate"; Value = "17-Jul-2002"; VariantName = "[No Variations]"
Add component (AddParameter): Name = "LatestRevisionNote"; Value = "Re-released for DXP Platform."; VariantName = "[No Variations]"
Add component (AddParameter): Name = "PackageDescription"; Value = "Axial Device, Thru-Hole; 2 Leads; 0.3 in Pin Spacing"; VariantName = "[No Variations]"
Add component (AddParameter): Name = "PackageReference"; Value = "AXIAL-0.3"; VariantName = "[No Variations]"
Add component (AddParameter): Name = "Published"; Value = "8-Jun-2000"; VariantName = "[No Variations]"
Add component (AddParameter): Name = "Publisher"; Value = "Altium Limited"; VariantName = "[No Variations]"
Add component (AddParameter): Name = "Value"; Value = "1K"; VariantName = "[No Variations]"
Added Component: Designator=R3(C 0603 / 1608)
Add component. Clean all parameters for all variants
Add component (AddParameter): Name = "LatestRevisionDate"; Value = "17-Jul-2002"; VariantName = "[No Variations]"
Add component (AddParameter): Name = "LatestRevisionNote"; Value = "Re-released for DXP Platform."; VariantName = "[No Variations]"
Add component (AddParameter): Name = "PackageDescription"; Value = "Axial Device, Thru-Hole; 2 Leads; 0.3 in Pin Spacing"; VariantName = "[No Variations]"
Add component (AddParameter): Name = "PackageReference"; Value = "AXIAL-0.3"; VariantName = "[No Variations]"
Add component (AddParameter): Name = "Published"; Value = "8-Jun-2000"; VariantName = "[No Variations]"
Add component (AddParameter): Name = "Publisher"; Value = "Altium Limited"; VariantName = "[No Variations]"
Add component (AddParameter): Name = "Value"; Value = "10k"; VariantName = "[No Variations]"
Added Component: Designator=S1(DTSM-6)
Add component. Clean all parameters for all variants
Added Component: Designator=U1(LQFP48_7X7MM_0.5MMPP)
Add component. Clean all parameters for all variants
Add component (AddParameter): Name = "Availability"; Value = "Good"; VariantName = "[No Variations]"
Add component (AddParameter): Name = "MF"; Value = "STMicroelectronics"; VariantName = "[No Variations]"
Add component (AddParameter): Name = "MP"; Value = "STM32F103C8T6"; VariantName = "[No Variations]"
Add component (AddParameter): Name = "Package"; Value = "LQFP-48 STMicroelectronics"; VariantName = "[No Variations]"
Add component (AddParameter): Name = "Price"; Value = "4.41 USD"; VariantName = "[No Variations]"
Add component (AddParameter): Name = "Value"; Value = ""; VariantName = "[No Variations]"
Added Component: Designator=U2(QFN40P400X400X80-29N)
Add component. Clean all parameters for all variants
Add component (AddParameter): Name = "Arrow_Part_Number"; Value = "IS31FL3731-QFLS2-TR"; VariantName = "[No Variations]"
Add component (AddParameter): Name = "Arrow_Price-Stock"; Value = "https://www.arrow.com/en/products/is31fl3731-qfls2-tr/integrated-silicon-solution-inc"; VariantName = "[No Variations]"
Add component (AddParameter): Name = "Height"; Value = "0.8mm"; VariantName = "[No Variations]"
Add component (AddParameter): Name = "Manufacturer_Name"; Value = "Integrated Silicon Solution Inc."; VariantName = "[No Variations]"
Add component (AddParameter): Name = "Manufacturer_Part_Number"; Value = "IS31FL3731-QFLS2-TR"; VariantName = "[No Variations]"
Add component (AddParameter): Name = "RS_Part_Number"; Value = ""; VariantName = "[No Variations]"
Add component (AddParameter): Name = "RS_Price-Stock"; Value = ""; VariantName = "[No Variations]"
Added Component: Designator=Y1(OSC_CSTCE8M00G55-R0)
Add component. Clean all parameters for all variants
Add component (AddParameter): Name = "Availability"; Value = "Good"; VariantName = "[No Variations]"
Add component (AddParameter): Name = "MF"; Value = "Murata"; VariantName = "[No Variations]"
Add component (AddParameter): Name = "MP"; Value = "CSTCE8M00G55-R0"; VariantName = "[No Variations]"
Add component (AddParameter): Name = "Package"; Value = "SMD-3 Murata"; VariantName = "[No Variations]"
Add component (AddParameter): Name = "Price"; Value = "0.27 USD"; VariantName = "[No Variations]"
Add component (AddParameter): Name = "SnapEDA_Link"; Value = "https://www.snapeda.com/parts/CSTCE8M00G55-R0/Murata%20Electronics%20North%20America/view-part/?ref=snap"; VariantName = "[No Variations]"
Add component (AddParameter): Name = "Value"; Value = ""; VariantName = "[No Variations]"
Added Pin To Net: NetName=BOOT0 Pin=R1-1
Added Pin To Net: NetName=BOOT0 Pin=U1-44
Added Net: Name=BOOT0
Added Pin To Net: NetName=BOOT1 Pin=R2-2
Added Pin To Net: NetName=BOOT1 Pin=U1-20
Added Net: Name=BOOT1
Added Pin To Net: NetName=CA1 Pin=C1-1-2
Added Pin To Net: NetName=CA1 Pin=C1-2-2
Added Pin To Net: NetName=CA1 Pin=C1-3-2
Added Pin To Net: NetName=CA1 Pin=C1-4-2
Added Pin To Net: NetName=CA1 Pin=C1-5-2
Added Pin To Net: NetName=CA1 Pin=C1-6-2
Added Pin To Net: NetName=CA1 Pin=C1-7-2
Added Pin To Net: NetName=CA1 Pin=C1-8-2
Added Pin To Net: NetName=CA1 Pin=C2-1-1
Added Pin To Net: NetName=CA1 Pin=C3-1-1
Added Pin To Net: NetName=CA1 Pin=C4-1-1
Added Pin To Net: NetName=CA1 Pin=C5-1-1
Added Pin To Net: NetName=CA1 Pin=C6-1-1
Added Pin To Net: NetName=CA1 Pin=C7-1-1
Added Pin To Net: NetName=CA1 Pin=C8-1-1
Added Pin To Net: NetName=CA1 Pin=C9-1-1
Added Pin To Net: NetName=CA1 Pin=P1-1
Added Net: Name=CA1
Added Pin To Net: NetName=CA2 Pin=C1-1-1
Added Pin To Net: NetName=CA2 Pin=C2-1-2
Added Pin To Net: NetName=CA2 Pin=C2-2-2
Added Pin To Net: NetName=CA2 Pin=C2-3-2
Added Pin To Net: NetName=CA2 Pin=C2-4-2
Added Pin To Net: NetName=CA2 Pin=C2-5-2
Added Pin To Net: NetName=CA2 Pin=C2-6-2
Added Pin To Net: NetName=CA2 Pin=C2-7-2
Added Pin To Net: NetName=CA2 Pin=C2-8-2
Added Pin To Net: NetName=CA2 Pin=C3-2-1
Added Pin To Net: NetName=CA2 Pin=C4-2-1
Added Pin To Net: NetName=CA2 Pin=C5-2-1
Added Pin To Net: NetName=CA2 Pin=C6-2-1
Added Pin To Net: NetName=CA2 Pin=C7-2-1
Added Pin To Net: NetName=CA2 Pin=C8-2-1
Added Pin To Net: NetName=CA2 Pin=C9-2-1
Added Pin To Net: NetName=CA2 Pin=P1-2
Added Net: Name=CA2
Added Pin To Net: NetName=CA3 Pin=C1-2-1
Added Pin To Net: NetName=CA3 Pin=C2-2-1
Added Pin To Net: NetName=CA3 Pin=C3-1-2
Added Pin To Net: NetName=CA3 Pin=C3-2-2
Added Pin To Net: NetName=CA3 Pin=C3-3-2
Added Pin To Net: NetName=CA3 Pin=C3-4-2
Added Pin To Net: NetName=CA3 Pin=C3-5-2
Added Pin To Net: NetName=CA3 Pin=C3-6-2
Added Pin To Net: NetName=CA3 Pin=C3-7-2
Added Pin To Net: NetName=CA3 Pin=C3-8-2
Added Pin To Net: NetName=CA3 Pin=C4-3-1
Added Pin To Net: NetName=CA3 Pin=C5-3-1
Added Pin To Net: NetName=CA3 Pin=C6-3-1
Added Pin To Net: NetName=CA3 Pin=C7-3-1
Added Pin To Net: NetName=CA3 Pin=C8-3-1
Added Pin To Net: NetName=CA3 Pin=C9-3-1
Added Pin To Net: NetName=CA3 Pin=P1-3
Added Net: Name=CA3
Added Pin To Net: NetName=CA4 Pin=C1-3-1
Added Pin To Net: NetName=CA4 Pin=C2-3-1
Added Pin To Net: NetName=CA4 Pin=C3-3-1
Added Pin To Net: NetName=CA4 Pin=C4-1-2
Added Pin To Net: NetName=CA4 Pin=C4-2-2
Added Pin To Net: NetName=CA4 Pin=C4-3-2
Added Pin To Net: NetName=CA4 Pin=C4-4-2
Added Pin To Net: NetName=CA4 Pin=C4-5-2
Added Pin To Net: NetName=CA4 Pin=C4-6-2
Added Pin To Net: NetName=CA4 Pin=C4-7-2
Added Pin To Net: NetName=CA4 Pin=C4-8-2
Added Pin To Net: NetName=CA4 Pin=C5-4-1
Added Pin To Net: NetName=CA4 Pin=C6-4-1
Added Pin To Net: NetName=CA4 Pin=C7-4-1
Added Pin To Net: NetName=CA4 Pin=C8-4-1
Added Pin To Net: NetName=CA4 Pin=C9-4-1
Added Pin To Net: NetName=CA4 Pin=P1-4
Added Net: Name=CA4
Added Pin To Net: NetName=CA5 Pin=C1-4-1
Added Pin To Net: NetName=CA5 Pin=C2-4-1
Added Pin To Net: NetName=CA5 Pin=C3-4-1
Added Pin To Net: NetName=CA5 Pin=C4-4-1
Added Pin To Net: NetName=CA5 Pin=C5-1-2
Added Pin To Net: NetName=CA5 Pin=C5-2-2
Added Pin To Net: NetName=CA5 Pin=C5-3-2
Added Pin To Net: NetName=CA5 Pin=C5-4-2
Added Pin To Net: NetName=CA5 Pin=C5-5-2
Added Pin To Net: NetName=CA5 Pin=C5-6-2
Added Pin To Net: NetName=CA5 Pin=C5-7-2
Added Pin To Net: NetName=CA5 Pin=C5-8-2
Added Pin To Net: NetName=CA5 Pin=C6-5-1
Added Pin To Net: NetName=CA5 Pin=C7-5-1
Added Pin To Net: NetName=CA5 Pin=C8-5-1
Added Pin To Net: NetName=CA5 Pin=C9-5-1
Added Pin To Net: NetName=CA5 Pin=P1-5
Added Net: Name=CA5
Added Pin To Net: NetName=CA6 Pin=C1-5-1
Added Pin To Net: NetName=CA6 Pin=C2-5-1
Added Pin To Net: NetName=CA6 Pin=C3-5-1
Added Pin To Net: NetName=CA6 Pin=C4-5-1
Added Pin To Net: NetName=CA6 Pin=C5-5-1
Added Pin To Net: NetName=CA6 Pin=C6-1-2
Added Pin To Net: NetName=CA6 Pin=C6-2-2
Added Pin To Net: NetName=CA6 Pin=C6-3-2
Added Pin To Net: NetName=CA6 Pin=C6-4-2
Added Pin To Net: NetName=CA6 Pin=C6-5-2
Added Pin To Net: NetName=CA6 Pin=C6-6-2
Added Pin To Net: NetName=CA6 Pin=C6-7-2
Added Pin To Net: NetName=CA6 Pin=C6-8-2
Added Pin To Net: NetName=CA6 Pin=C7-6-1
Added Pin To Net: NetName=CA6 Pin=C8-6-1
Added Pin To Net: NetName=CA6 Pin=C9-6-1
Added Pin To Net: NetName=CA6 Pin=P1-6
Added Net: Name=CA6
Added Pin To Net: NetName=CA7 Pin=C1-6-1
Added Pin To Net: NetName=CA7 Pin=C2-6-1
Added Pin To Net: NetName=CA7 Pin=C3-6-1
Added Pin To Net: NetName=CA7 Pin=C4-6-1
Added Pin To Net: NetName=CA7 Pin=C5-6-1
Added Pin To Net: NetName=CA7 Pin=C6-6-1
Added Pin To Net: NetName=CA7 Pin=C7-1-2
Added Pin To Net: NetName=CA7 Pin=C7-2-2
Added Pin To Net: NetName=CA7 Pin=C7-3-2
Added Pin To Net: NetName=CA7 Pin=C7-4-2
Added Pin To Net: NetName=CA7 Pin=C7-5-2
Added Pin To Net: NetName=CA7 Pin=C7-6-2
Added Pin To Net: NetName=CA7 Pin=C7-7-2
Added Pin To Net: NetName=CA7 Pin=C7-8-2
Added Pin To Net: NetName=CA7 Pin=C8-7-1
Added Pin To Net: NetName=CA7 Pin=C9-7-1
Added Pin To Net: NetName=CA7 Pin=P1-7
Added Net: Name=CA7
Added Pin To Net: NetName=CA8 Pin=C1-7-1
Added Pin To Net: NetName=CA8 Pin=C2-7-1
Added Pin To Net: NetName=CA8 Pin=C3-7-1
Added Pin To Net: NetName=CA8 Pin=C4-7-1
Added Pin To Net: NetName=CA8 Pin=C5-7-1
Added Pin To Net: NetName=CA8 Pin=C6-7-1
Added Pin To Net: NetName=CA8 Pin=C7-7-1
Added Pin To Net: NetName=CA8 Pin=C8-1-2
Added Pin To Net: NetName=CA8 Pin=C8-2-2
Added Pin To Net: NetName=CA8 Pin=C8-3-2
Added Pin To Net: NetName=CA8 Pin=C8-4-2
Added Pin To Net: NetName=CA8 Pin=C8-5-2
Added Pin To Net: NetName=CA8 Pin=C8-6-2
Added Pin To Net: NetName=CA8 Pin=C8-7-2
Added Pin To Net: NetName=CA8 Pin=C8-8-2
Added Pin To Net: NetName=CA8 Pin=C9-8-1
Added Pin To Net: NetName=CA8 Pin=P1-8
Added Net: Name=CA8
Added Pin To Net: NetName=CA9 Pin=C1-8-1
Added Pin To Net: NetName=CA9 Pin=C2-8-1
Added Pin To Net: NetName=CA9 Pin=C3-8-1
Added Pin To Net: NetName=CA9 Pin=C4-8-1
Added Pin To Net: NetName=CA9 Pin=C5-8-1
Added Pin To Net: NetName=CA9 Pin=C6-8-1
Added Pin To Net: NetName=CA9 Pin=C7-8-1
Added Pin To Net: NetName=CA9 Pin=C8-8-1
Added Pin To Net: NetName=CA9 Pin=C9-1-2
Added Pin To Net: NetName=CA9 Pin=C9-2-2
Added Pin To Net: NetName=CA9 Pin=C9-3-2
Added Pin To Net: NetName=CA9 Pin=C9-4-2
Added Pin To Net: NetName=CA9 Pin=C9-5-2
Added Pin To Net: NetName=CA9 Pin=C9-6-2
Added Pin To Net: NetName=CA9 Pin=C9-7-2
Added Pin To Net: NetName=CA9 Pin=C9-8-2
Added Pin To Net: NetName=CA9 Pin=P1-9
Added Net: Name=CA9
Added Pin To Net: NetName=CB1 Pin=C1-9-2
Added Pin To Net: NetName=CB1 Pin=C1-10-2
Added Pin To Net: NetName=CB1 Pin=C1-11-2
Added Pin To Net: NetName=CB1 Pin=C1-12-2
Added Pin To Net: NetName=CB1 Pin=C1-13-2
Added Pin To Net: NetName=CB1 Pin=C1-14-2
Added Pin To Net: NetName=CB1 Pin=C1-15-2
Added Pin To Net: NetName=CB1 Pin=C1-16-2
Added Pin To Net: NetName=CB1 Pin=C2-9-1
Added Pin To Net: NetName=CB1 Pin=C3-9-1
Added Pin To Net: NetName=CB1 Pin=C4-9-1
Added Pin To Net: NetName=CB1 Pin=C5-9-1
Added Pin To Net: NetName=CB1 Pin=C6-9-1
Added Pin To Net: NetName=CB1 Pin=C7-9-1
Added Pin To Net: NetName=CB1 Pin=C8-9-1
Added Pin To Net: NetName=CB1 Pin=C9-9-1
Added Pin To Net: NetName=CB1 Pin=P2-9
Added Net: Name=CB1
Added Pin To Net: NetName=CB2 Pin=C1-9-1
Added Pin To Net: NetName=CB2 Pin=C2-9-2
Added Pin To Net: NetName=CB2 Pin=C2-10-2
Added Pin To Net: NetName=CB2 Pin=C2-11-2
Added Pin To Net: NetName=CB2 Pin=C2-12-2
Added Pin To Net: NetName=CB2 Pin=C2-13-2
Added Pin To Net: NetName=CB2 Pin=C2-14-2
Added Pin To Net: NetName=CB2 Pin=C2-15-2
Added Pin To Net: NetName=CB2 Pin=C2-16-2
Added Pin To Net: NetName=CB2 Pin=C3-10-1
Added Pin To Net: NetName=CB2 Pin=C4-10-1
Added Pin To Net: NetName=CB2 Pin=C5-10-1
Added Pin To Net: NetName=CB2 Pin=C6-10-1
Added Pin To Net: NetName=CB2 Pin=C7-10-1
Added Pin To Net: NetName=CB2 Pin=C8-10-1
Added Pin To Net: NetName=CB2 Pin=C9-10-1
Added Pin To Net: NetName=CB2 Pin=P2-8
Added Net: Name=CB2
Added Pin To Net: NetName=CB3 Pin=C1-10-1
Added Pin To Net: NetName=CB3 Pin=C2-10-1
Added Pin To Net: NetName=CB3 Pin=C3-9-2
Added Pin To Net: NetName=CB3 Pin=C3-10-2
Added Pin To Net: NetName=CB3 Pin=C3-11-2
Added Pin To Net: NetName=CB3 Pin=C3-12-2
Added Pin To Net: NetName=CB3 Pin=C3-13-2
Added Pin To Net: NetName=CB3 Pin=C3-14-2
Added Pin To Net: NetName=CB3 Pin=C3-15-2
Added Pin To Net: NetName=CB3 Pin=C3-16-2
Added Pin To Net: NetName=CB3 Pin=C4-11-1
Added Pin To Net: NetName=CB3 Pin=C5-11-1
Added Pin To Net: NetName=CB3 Pin=C6-11-1
Added Pin To Net: NetName=CB3 Pin=C7-11-1
Added Pin To Net: NetName=CB3 Pin=C8-11-1
Added Pin To Net: NetName=CB3 Pin=C9-11-1
Added Pin To Net: NetName=CB3 Pin=P2-7
Added Net: Name=CB3
Added Pin To Net: NetName=CB4 Pin=C1-11-1
Added Pin To Net: NetName=CB4 Pin=C2-11-1
Added Pin To Net: NetName=CB4 Pin=C3-11-1
Added Pin To Net: NetName=CB4 Pin=C4-9-2
Added Pin To Net: NetName=CB4 Pin=C4-10-2
Added Pin To Net: NetName=CB4 Pin=C4-11-2
Added Pin To Net: NetName=CB4 Pin=C4-12-2
Added Pin To Net: NetName=CB4 Pin=C4-13-2
Added Pin To Net: NetName=CB4 Pin=C4-14-2
Added Pin To Net: NetName=CB4 Pin=C4-15-2
Added Pin To Net: NetName=CB4 Pin=C4-16-2
Added Pin To Net: NetName=CB4 Pin=C5-12-1
Added Pin To Net: NetName=CB4 Pin=C6-12-1
Added Pin To Net: NetName=CB4 Pin=C7-12-1
Added Pin To Net: NetName=CB4 Pin=C8-12-1
Added Pin To Net: NetName=CB4 Pin=C9-12-1
Added Pin To Net: NetName=CB4 Pin=P2-6
Added Net: Name=CB4
Added Pin To Net: NetName=CB5 Pin=C1-12-1
Added Pin To Net: NetName=CB5 Pin=C2-12-1
Added Pin To Net: NetName=CB5 Pin=C3-12-1
Added Pin To Net: NetName=CB5 Pin=C4-12-1
Added Pin To Net: NetName=CB5 Pin=C5-9-2
Added Pin To Net: NetName=CB5 Pin=C5-10-2
Added Pin To Net: NetName=CB5 Pin=C5-11-2
Added Pin To Net: NetName=CB5 Pin=C5-12-2
Added Pin To Net: NetName=CB5 Pin=C5-13-2
Added Pin To Net: NetName=CB5 Pin=C5-14-2
Added Pin To Net: NetName=CB5 Pin=C5-15-2
Added Pin To Net: NetName=CB5 Pin=C5-16-2
Added Pin To Net: NetName=CB5 Pin=C6-13-1
Added Pin To Net: NetName=CB5 Pin=C7-13-1
Added Pin To Net: NetName=CB5 Pin=C8-13-1
Added Pin To Net: NetName=CB5 Pin=C9-13-1
Added Pin To Net: NetName=CB5 Pin=P2-5
Added Net: Name=CB5
Added Pin To Net: NetName=CB6 Pin=C1-13-1
Added Pin To Net: NetName=CB6 Pin=C2-13-1
Added Pin To Net: NetName=CB6 Pin=C3-13-1
Added Pin To Net: NetName=CB6 Pin=C4-13-1
Added Pin To Net: NetName=CB6 Pin=C5-13-1
Added Pin To Net: NetName=CB6 Pin=C6-9-2
Added Pin To Net: NetName=CB6 Pin=C6-10-2
Added Pin To Net: NetName=CB6 Pin=C6-11-2
Added Pin To Net: NetName=CB6 Pin=C6-12-2
Added Pin To Net: NetName=CB6 Pin=C6-13-2
Added Pin To Net: NetName=CB6 Pin=C6-14-2
Added Pin To Net: NetName=CB6 Pin=C6-15-2
Added Pin To Net: NetName=CB6 Pin=C6-16-2
Added Pin To Net: NetName=CB6 Pin=C7-14-1
Added Pin To Net: NetName=CB6 Pin=C8-14-1
Added Pin To Net: NetName=CB6 Pin=C9-14-1
Added Pin To Net: NetName=CB6 Pin=P2-4
Added Net: Name=CB6
Added Pin To Net: NetName=CB7 Pin=C1-14-1
Added Pin To Net: NetName=CB7 Pin=C2-14-1
Added Pin To Net: NetName=CB7 Pin=C3-14-1
Added Pin To Net: NetName=CB7 Pin=C4-14-1
Added Pin To Net: NetName=CB7 Pin=C5-14-1
Added Pin To Net: NetName=CB7 Pin=C6-14-1
Added Pin To Net: NetName=CB7 Pin=C7-9-2
Added Pin To Net: NetName=CB7 Pin=C7-10-2
Added Pin To Net: NetName=CB7 Pin=C7-11-2
Added Pin To Net: NetName=CB7 Pin=C7-12-2
Added Pin To Net: NetName=CB7 Pin=C7-13-2
Added Pin To Net: NetName=CB7 Pin=C7-14-2
Added Pin To Net: NetName=CB7 Pin=C7-15-2
Added Pin To Net: NetName=CB7 Pin=C7-16-2
Added Pin To Net: NetName=CB7 Pin=C8-15-1
Added Pin To Net: NetName=CB7 Pin=C9-15-1
Added Pin To Net: NetName=CB7 Pin=P2-3
Added Net: Name=CB7
Added Pin To Net: NetName=CB8 Pin=C1-15-1
Added Pin To Net: NetName=CB8 Pin=C2-15-1
Added Pin To Net: NetName=CB8 Pin=C3-15-1
Added Pin To Net: NetName=CB8 Pin=C4-15-1
Added Pin To Net: NetName=CB8 Pin=C5-15-1
Added Pin To Net: NetName=CB8 Pin=C6-15-1
Added Pin To Net: NetName=CB8 Pin=C7-15-1
Added Pin To Net: NetName=CB8 Pin=C8-9-2
Added Pin To Net: NetName=CB8 Pin=C8-10-2
Added Pin To Net: NetName=CB8 Pin=C8-11-2
Added Pin To Net: NetName=CB8 Pin=C8-12-2
Added Pin To Net: NetName=CB8 Pin=C8-13-2
Added Pin To Net: NetName=CB8 Pin=C8-14-2
Added Pin To Net: NetName=CB8 Pin=C8-15-2
Added Pin To Net: NetName=CB8 Pin=C8-16-2
Added Pin To Net: NetName=CB8 Pin=C9-16-1
Added Pin To Net: NetName=CB8 Pin=P2-2
Added Net: Name=CB8
Added Pin To Net: NetName=CB9 Pin=C1-16-1
Added Pin To Net: NetName=CB9 Pin=C2-16-1
Added Pin To Net: NetName=CB9 Pin=C3-16-1
Added Pin To Net: NetName=CB9 Pin=C4-16-1
Added Pin To Net: NetName=CB9 Pin=C5-16-1
Added Pin To Net: NetName=CB9 Pin=C6-16-1
Added Pin To Net: NetName=CB9 Pin=C7-16-1
Added Pin To Net: NetName=CB9 Pin=C8-16-1
Added Pin To Net: NetName=CB9 Pin=C9-9-2
Added Pin To Net: NetName=CB9 Pin=C9-10-2
Added Pin To Net: NetName=CB9 Pin=C9-11-2
Added Pin To Net: NetName=CB9 Pin=C9-12-2
Added Pin To Net: NetName=CB9 Pin=C9-13-2
Added Pin To Net: NetName=CB9 Pin=C9-14-2
Added Pin To Net: NetName=CB9 Pin=C9-15-2
Added Pin To Net: NetName=CB9 Pin=C9-16-2
Added Pin To Net: NetName=CB9 Pin=P2-1
Added Net: Name=CB9
Added Pin To Net: NetName=GND Pin=C1-2
Added Pin To Net: NetName=GND Pin=P1-5
Added Pin To Net: NetName=GND Pin=P1-6
Added Pin To Net: NetName=GND Pin=S1-1
Added Pin To Net: NetName=GND Pin=S1-2
Added Pin To Net: NetName=GND Pin=U1-8
Added Pin To Net: NetName=GND Pin=U1-23
Added Pin To Net: NetName=GND Pin=U1-35
Added Pin To Net: NetName=GND Pin=U1-47
Added Pin To Net: NetName=GND Pin=Y1-2
Added Net: Name=GND
Added Pin To Net: NetName=NetP1_3 Pin=P1-3
Added Pin To Net: NetName=NetP1_3 Pin=R1-2
Added Net: Name=NetP1_3
Added Pin To Net: NetName=NetP1_4 Pin=P1-4
Added Pin To Net: NetName=NetP1_4 Pin=R2-1
Added Net: Name=NetP1_4
Added Pin To Net: NetName=OSC_IN Pin=U1-5
Added Pin To Net: NetName=OSC_IN Pin=Y1-1
Added Net: Name=OSC_IN
Added Pin To Net: NetName=OSC_OUT Pin=U1-6
Added Pin To Net: NetName=OSC_OUT Pin=Y1-3
Added Net: Name=OSC_OUT
Added Pin To Net: NetName=RESET Pin=C1-1
Added Pin To Net: NetName=RESET Pin=R3-2
Added Pin To Net: NetName=RESET Pin=S1-3
Added Pin To Net: NetName=RESET Pin=S1-4
Added Pin To Net: NetName=RESET Pin=U1-7
Added Net: Name=RESET
Added Pin To Net: NetName=SWCLK Pin=U1-37
Added Net: Name=SWCLK
Added Pin To Net: NetName=SWIO Pin=U1-34
Added Net: Name=SWIO
Added Pin To Net: NetName=VBAT Pin=U1-1
Added Net: Name=VBAT
Added Pin To Net: NetName=VCC3V3 Pin=P1-1
Added Pin To Net: NetName=VCC3V3 Pin=P1-2
Added Pin To Net: NetName=VCC3V3 Pin=R3-1
Added Pin To Net: NetName=VCC3V3 Pin=U1-9
Added Pin To Net: NetName=VCC3V3 Pin=U1-24
Added Pin To Net: NetName=VCC3V3 Pin=U1-36
Added Pin To Net: NetName=VCC3V3 Pin=U1-48
Added Net: Name=VCC3V3
Added Class: Name=Sheet2
