Removed Pin From Net: NetName=CS4 Pin=RN1-5
Removed Pin From Net: NetName=CS3 Pin=RN1-6
Removed Pin From Net: NetName=CS2 Pin=RN1-7
Removed Pin From Net: NetName=CS1 Pin=RN1-8
Removed Pin From Net: NetName=CS8 Pin=RN2-5
Removed Pin From Net: NetName=CS7 Pin=RN2-6
Removed Pin From Net: NetName=CS6 Pin=RN2-7
Removed Pin From Net: NetName=CS5 Pin=RN2-8
Removed Pin From Net: NetName=CS12 Pin=RN3-5
Removed Pin From Net: NetName=CS11 Pin=RN3-6
Removed Pin From Net: NetName=CS10 Pin=RN3-7
Removed Pin From Net: NetName=CS9 Pin=RN3-8
Removed Pin From Net: NetName=CS16 Pin=RN4-5
Removed Pin From Net: NetName=CS15 Pin=RN4-6
Removed Pin From Net: NetName=CS14 Pin=RN4-7
Removed Pin From Net: NetName=CS13 Pin=RN4-8
Removed Pin From Net: NetName=CS20 Pin=RN5-5
Removed Pin From Net: NetName=CS19 Pin=RN5-6
Removed Pin From Net: NetName=CS18 Pin=RN5-7
Removed Pin From Net: NetName=CS17 Pin=RN5-8
Removed Pin From Net: NetName=CS24 Pin=RN6-5
Removed Pin From Net: NetName=CS23 Pin=RN6-6
Removed Pin From Net: NetName=CS22 Pin=RN6-7
Removed Pin From Net: NetName=CS21 Pin=RN6-8
Removed Pin From Net: NetName=CS28 Pin=RN7-5
Removed Pin From Net: NetName=CS27 Pin=RN7-6
Removed Pin From Net: NetName=CS26 Pin=RN7-7
Removed Pin From Net: NetName=CS25 Pin=RN7-8
Removed Pin From Net: NetName=CS32 Pin=RN8-5
Removed Pin From Net: NetName=CS31 Pin=RN8-6
Removed Pin From Net: NetName=CS30 Pin=RN8-7
Removed Pin From Net: NetName=CS29 Pin=RN8-8
Removed Pin From Net: NetName=CS36 Pin=RN9-5
Removed Pin From Net: NetName=CS35 Pin=RN9-6
Removed Pin From Net: NetName=CS34 Pin=RN9-7
Removed Pin From Net: NetName=CS33 Pin=RN9-8
Removed Pin From Net: NetName=CS39 Pin=RN10-6
Removed Pin From Net: NetName=CS38 Pin=RN10-7
Removed Pin From Net: NetName=CS37 Pin=RN10-8
Removed Pin From Net: NetName=NetRN9_2 Pin=U5-1
Removed Pin From Net: NetName=NetRN9_3 Pin=U5-2
Removed Pin From Net: NetName=NetRN9_4 Pin=U5-3
Removed Pin From Net: NetName=NetRN10_2 Pin=U5-5
Removed Pin From Net: NetName=NetRN10_3 Pin=U5-6
Removed Pin From Net: NetName=NetRN1_1 Pin=U5-26
Removed Pin From Net: NetName=NetRN1_2 Pin=U5-27
Removed Pin From Net: NetName=NetRN1_3 Pin=U5-28
Removed Pin From Net: NetName=NetRN1_4 Pin=U5-29
Removed Pin From Net: NetName=NetRN2_1 Pin=U5-30
Removed Pin From Net: NetName=NetRN2_2 Pin=U5-31
Removed Pin From Net: NetName=NetRN2_3 Pin=U5-32
Removed Pin From Net: NetName=NetRN2_4 Pin=U5-33
Removed Pin From Net: NetName=NetRN3_1 Pin=U5-34
Removed Pin From Net: NetName=NetRN3_2 Pin=U5-35
Removed Pin From Net: NetName=NetRN3_3 Pin=U5-37
Removed Pin From Net: NetName=NetRN3_4 Pin=U5-38
Removed Pin From Net: NetName=NetRN4_1 Pin=U5-39
Removed Pin From Net: NetName=NetRN4_2 Pin=U5-40
Removed Pin From Net: NetName=NetRN4_3 Pin=U5-41
Removed Pin From Net: NetName=NetRN4_4 Pin=U5-42
Removed Pin From Net: NetName=NetRN5_1 Pin=U5-43
Removed Pin From Net: NetName=NetRN5_2 Pin=U5-44
Removed Pin From Net: NetName=NetRN5_3 Pin=U5-45
Removed Pin From Net: NetName=NetRN5_4 Pin=U5-46
Removed Pin From Net: NetName=NetRN6_1 Pin=U5-47
Removed Pin From Net: NetName=NetRN6_2 Pin=U5-48
Removed Pin From Net: NetName=NetRN6_3 Pin=U5-49
Removed Pin From Net: NetName=NetRN6_4 Pin=U5-50
Removed Pin From Net: NetName=NetRN7_1 Pin=U5-51
Removed Pin From Net: NetName=NetRN7_2 Pin=U5-52
Removed Pin From Net: NetName=NetRN7_3 Pin=U5-53
Removed Pin From Net: NetName=NetRN7_4 Pin=U5-54
Removed Pin From Net: NetName=NetRN8_1 Pin=U5-56
Removed Pin From Net: NetName=NetRN8_2 Pin=U5-57
Removed Pin From Net: NetName=NetRN8_3 Pin=U5-58
Removed Pin From Net: NetName=NetRN8_4 Pin=U5-59
Removed Pin From Net: NetName=NetRN9_1 Pin=U5-60
Added Pin To Net: NetName=CS1 Pin=RN1-5
Added Pin To Net: NetName=CS2 Pin=RN1-6
Added Pin To Net: NetName=CS3 Pin=RN1-7
Added Pin To Net: NetName=CS4 Pin=RN1-8
Added Pin To Net: NetName=CS5 Pin=RN2-5
Added Pin To Net: NetName=CS6 Pin=RN2-6
Added Pin To Net: NetName=CS7 Pin=RN2-7
Added Pin To Net: NetName=CS8 Pin=RN2-8
Added Pin To Net: NetName=CS9 Pin=RN3-5
Added Pin To Net: NetName=CS10 Pin=RN3-6
Added Pin To Net: NetName=CS11 Pin=RN3-7
Added Pin To Net: NetName=CS12 Pin=RN3-8
Added Pin To Net: NetName=CS13 Pin=RN4-5
Added Pin To Net: NetName=CS14 Pin=RN4-6
Added Pin To Net: NetName=CS15 Pin=RN4-7
Added Pin To Net: NetName=CS16 Pin=RN4-8
Added Pin To Net: NetName=CS17 Pin=RN5-5
Added Pin To Net: NetName=CS18 Pin=RN5-6
Added Pin To Net: NetName=CS19 Pin=RN5-7
Added Pin To Net: NetName=CS20 Pin=RN5-8
Added Pin To Net: NetName=CS21 Pin=RN6-5
Added Pin To Net: NetName=CS22 Pin=RN6-6
Added Pin To Net: NetName=CS23 Pin=RN6-7
Added Pin To Net: NetName=CS24 Pin=RN6-8
Added Pin To Net: NetName=CS25 Pin=RN7-5
Added Pin To Net: NetName=CS26 Pin=RN7-6
Added Pin To Net: NetName=CS27 Pin=RN7-7
Added Pin To Net: NetName=CS28 Pin=RN7-8
Added Pin To Net: NetName=CS29 Pin=RN8-5
Added Pin To Net: NetName=CS30 Pin=RN8-6
Added Pin To Net: NetName=CS31 Pin=RN8-7
Added Pin To Net: NetName=CS32 Pin=RN8-8
Added Pin To Net: NetName=CS33 Pin=RN9-5
Added Pin To Net: NetName=CS34 Pin=RN9-6
Added Pin To Net: NetName=CS35 Pin=RN9-7
Added Pin To Net: NetName=CS36 Pin=RN9-8
Added Pin To Net: NetName=CS37 Pin=RN10-5
Added Pin To Net: NetName=CS38 Pin=RN10-6
Added Pin To Net: NetName=CS39 Pin=RN10-7
Added Pin To Net: NetName=NetRN9_3 Pin=U5-1
Added Pin To Net: NetName=NetRN9_2 Pin=U5-2
Added Pin To Net: NetName=NetRN9_1 Pin=U5-3
Added Pin To Net: NetName=NetRN10_3 Pin=U5-5
Added Pin To Net: NetName=NetRN10_2 Pin=U5-6
Added Pin To Net: NetName=NetRN1_4 Pin=U5-26
Added Pin To Net: NetName=NetRN1_3 Pin=U5-27
Added Pin To Net: NetName=NetRN1_2 Pin=U5-28
Added Pin To Net: NetName=NetRN1_1 Pin=U5-29
Added Pin To Net: NetName=NetRN2_4 Pin=U5-30
Added Pin To Net: NetName=NetRN2_3 Pin=U5-31
Added Pin To Net: NetName=NetRN2_2 Pin=U5-32
Added Pin To Net: NetName=NetRN2_1 Pin=U5-33
Added Pin To Net: NetName=NetRN3_4 Pin=U5-34
Added Pin To Net: NetName=NetRN3_3 Pin=U5-35
Added Pin To Net: NetName=NetRN3_2 Pin=U5-37
Added Pin To Net: NetName=NetRN3_1 Pin=U5-38
Added Pin To Net: NetName=NetRN4_4 Pin=U5-39
Added Pin To Net: NetName=NetRN4_3 Pin=U5-40
Added Pin To Net: NetName=NetRN4_2 Pin=U5-41
Added Pin To Net: NetName=NetRN4_1 Pin=U5-42
Added Pin To Net: NetName=NetRN5_4 Pin=U5-43
Added Pin To Net: NetName=NetRN5_3 Pin=U5-44
Added Pin To Net: NetName=NetRN5_2 Pin=U5-45
Added Pin To Net: NetName=NetRN5_1 Pin=U5-46
Added Pin To Net: NetName=NetRN6_4 Pin=U5-47
Added Pin To Net: NetName=NetRN6_3 Pin=U5-48
Added Pin To Net: NetName=NetRN6_2 Pin=U5-49
Added Pin To Net: NetName=NetRN6_1 Pin=U5-50
Added Pin To Net: NetName=NetRN7_4 Pin=U5-51
Added Pin To Net: NetName=NetRN7_3 Pin=U5-52
Added Pin To Net: NetName=NetRN7_2 Pin=U5-53
Added Pin To Net: NetName=NetRN7_1 Pin=U5-54
Added Pin To Net: NetName=NetRN8_4 Pin=U5-56
Added Pin To Net: NetName=NetRN8_3 Pin=U5-57
Added Pin To Net: NetName=NetRN8_2 Pin=U5-58
Added Pin To Net: NetName=NetRN8_1 Pin=U5-59
Added Pin To Net: NetName=NetRN9_4 Pin=U5-60
Added Pin To Net: NetName=NetRN10_4 Pin=RN10-4
Added Pin To Net: NetName=NetRN10_4 Pin=U5-4
Added Net: Name=NetRN10_4
