Removed Pin From Net: NetName=GND Pin=3-L1
Removed Pin From Net: NetName=Net3_L2 Pin=U2-6
Added Component: Designator=AMS1117(SOT-223-3)
Add component. Clean all parameters for all variants
Added Component: Designator=R22(C 0603 / 1608)
Add component. Clean all parameters for all variants
Add component (AddParameter): Name = "LatestRevisionDate"; Value = "17-Jul-2002"; VariantName = "[No Variations]"
Add component (AddParameter): Name = "LatestRevisionNote"; Value = "Re-released for DXP Platform."; VariantName = "[No Variations]"
Add component (AddParameter): Name = "PackageDescription"; Value = "Axial Device, Thru-Hole; 2 Leads; 0.3 in Pin Spacing"; VariantName = "[No Variations]"
Add component (AddParameter): Name = "PackageReference"; Value = "AXIAL-0.3"; VariantName = "[No Variations]"
Add component (AddParameter): Name = "Published"; Value = "8-Jun-2000"; VariantName = "[No Variations]"
Add component (AddParameter): Name = "Publisher"; Value = "Altium Limited"; VariantName = "[No Variations]"
Add component (AddParameter): Name = "Value"; Value = "1k"; VariantName = "[No Variations]"
Added Pin To Net: NetName=GND Pin=AMS1117-1
Added Pin To Net: NetName=VCC3V3 Pin=AMS1117-2
Added Pin To Net: NetName=Net3_COM Pin=R22-1
Added Pin To Net: NetName=Net3_COM Pin=U2-6
Added Pin To Net: NetName=NetAMS1117_3 Pin=AMS1117-3
Added Pin To Net: NetName=NetAMS1117_3 Pin=R22-2
Added Net: Name=NetAMS1117_3
Added Member To Class: ClassName=Sheet2 Member=Component AMS1117
Added Member To Class: ClassName=Sheet2 Member=Component R22 Res1
