Added Pin To Net: NetName=VBus Pin=J2-1
Added Pin To Net: NetName=D- Pin=J2-2
Added Pin To Net: NetName=D+ Pin=J2-3
Added Pin To Net: NetName=GND Pin=J2-5
Added Pin To Net: NetName=CS1 Pin=P3-1
Added Pin To Net: NetName=CS2 Pin=P3-2
Added Pin To Net: NetName=CS3 Pin=P3-3
Added Pin To Net: NetName=CS4 Pin=P3-4
Added Pin To Net: NetName=CS5 Pin=P3-5
Added Pin To Net: NetName=CS6 Pin=P3-6
Added Pin To Net: NetName=CS7 Pin=P3-7
Added Pin To Net: NetName=CS8 Pin=P3-8
Added Pin To Net: NetName=CS9 Pin=P3-9
Added Pin To Net: NetName=CS10 Pin=P3-10
Added Pin To Net: NetName=CS11 Pin=P3-11
Added Pin To Net: NetName=CS12 Pin=P3-12
Added Pin To Net: NetName=CS13 Pin=P3-13
Added Pin To Net: NetName=CS14 Pin=P3-14
Added Pin To Net: NetName=CS15 Pin=P3-15
Added Pin To Net: NetName=CS16 Pin=P3-16
Added Pin To Net: NetName=CS17 Pin=P3-17
Added Pin To Net: NetName=CS18 Pin=P3-18
Added Pin To Net: NetName=CS19 Pin=P3-19
Added Pin To Net: NetName=CS20 Pin=P3-20
Added Pin To Net: NetName=CS21 Pin=P3-21
Added Pin To Net: NetName=CS22 Pin=P3-22
Added Pin To Net: NetName=CS23 Pin=P3-23
Added Pin To Net: NetName=CS24 Pin=P3-24
Added Pin To Net: NetName=CS25 Pin=P3-25
Added Pin To Net: NetName=CS26 Pin=P4-1
Added Pin To Net: NetName=CS27 Pin=P4-2
Added Pin To Net: NetName=CS28 Pin=P4-3
Added Pin To Net: NetName=CS29 Pin=P4-4
Added Pin To Net: NetName=CS30 Pin=P4-5
Added Pin To Net: NetName=CS31 Pin=P4-6
Added Pin To Net: NetName=CS32 Pin=P4-7
Added Pin To Net: NetName=CS33 Pin=P4-8
Added Pin To Net: NetName=CS34 Pin=P4-9
Added Pin To Net: NetName=CS35 Pin=P4-10
Added Pin To Net: NetName=CS36 Pin=P4-11
Added Pin To Net: NetName=CS37 Pin=P4-12
Added Pin To Net: NetName=CS38 Pin=P4-13
Added Pin To Net: NetName=CS39 Pin=P4-14
