Added Component: Designator=C5(C 0603 / 1608)
Add component. Clean all parameters for all variants
Added Component: Designator=C6(C 0603 / 1608)
Add component. Clean all parameters for all variants
Added Component: Designator=C17(C 0603 / 1608)
Add component. Clean all parameters for all variants
Added Component: Designator=C18(C 0603 / 1608)
Add component. Clean all parameters for all variants
Added Component: Designator=R25(C 0603 / 1608)
Add component. Clean all parameters for all variants
Add component (AddParameter): Name = "LatestRevisionDate"; Value = "17-Jul-2002"; VariantName = "[No Variations]"
Add component (AddParameter): Name = "LatestRevisionNote"; Value = "Re-released for DXP Platform."; VariantName = "[No Variations]"
Add component (AddParameter): Name = "PackageDescription"; Value = "Axial Device, Thru-Hole; 2 Leads; 0.3 in Pin Spacing"; VariantName = "[No Variations]"
Add component (AddParameter): Name = "PackageReference"; Value = "AXIAL-0.3"; VariantName = "[No Variations]"
Add component (AddParameter): Name = "Published"; Value = "8-Jun-2000"; VariantName = "[No Variations]"
Add component (AddParameter): Name = "Publisher"; Value = "Altium Limited"; VariantName = "[No Variations]"
Add component (AddParameter): Name = "Value"; Value = "470"; VariantName = "[No Variations]"
Added Component: Designator=R26(C 0603 / 1608)
Add component. Clean all parameters for all variants
Add component (AddParameter): Name = "LatestRevisionDate"; Value = "17-Jul-2002"; VariantName = "[No Variations]"
Add component (AddParameter): Name = "LatestRevisionNote"; Value = "Re-released for DXP Platform."; VariantName = "[No Variations]"
Add component (AddParameter): Name = "PackageDescription"; Value = "Axial Device, Thru-Hole; 2 Leads; 0.3 in Pin Spacing"; VariantName = "[No Variations]"
Add component (AddParameter): Name = "PackageReference"; Value = "AXIAL-0.3"; VariantName = "[No Variations]"
Add component (AddParameter): Name = "Published"; Value = "8-Jun-2000"; VariantName = "[No Variations]"
Add component (AddParameter): Name = "Publisher"; Value = "Altium Limited"; VariantName = "[No Variations]"
Add component (AddParameter): Name = "Value"; Value = "470"; VariantName = "[No Variations]"
Added Component: Designator=U4(QFN28_5X5)
Add component. Clean all parameters for all variants
Add component (AddParameter): Name = "Built_By"; Value = "EMA_UL_Team"; VariantName = "[No Variations]"
Add component (AddParameter): Name = "Copyright"; Value = "Copyright (C) 2018 Accelerated Designs. All rights reserved"; VariantName = "[No Variations]"
Add component (AddParameter): Name = "Manufacturer_Part_Number"; Value = "CP2102-GM"; VariantName = "[No Variations]"
Add component (AddParameter): Name = "RefDes"; Value = "RefDes"; VariantName = "[No Variations]"
Add component (AddParameter): Name = "Type"; Value = "DEV"; VariantName = "[No Variations]"
Add component (AddParameter): Name = "Value"; Value = "Value"; VariantName = "[No Variations]"
Add component (AddParameter): Name = "Vendor"; Value = "Silicon Labs"; VariantName = "[No Variations]"
Added Pin To Net: NetName=GND Pin=C5-1
Added Pin To Net: NetName=VCC3V3 Pin=C5-2
Added Pin To Net: NetName=GND Pin=C6-1
Added Pin To Net: NetName=VCC3V3 Pin=C6-2
Added Pin To Net: NetName=GND Pin=C17-1
Added Pin To Net: NetName=VBus Pin=C17-2
Added Pin To Net: NetName=GND Pin=C18-1
Added Pin To Net: NetName=VBus Pin=C18-2
Added Pin To Net: NetName=RX_CP Pin=R25-1
Added Pin To Net: NetName=NetR25_2 Pin=R25-2
Added Pin To Net: NetName=TX_CP Pin=R26-1
Added Pin To Net: NetName=NetR26_2 Pin=R26-2
Added Pin To Net: NetName=DCD Pin=U4-1
Added Pin To Net: NetName=RI Pin=U4-2
Added Pin To Net: NetName=GND Pin=U4-3
Added Pin To Net: NetName=D+ Pin=U4-4
Added Pin To Net: NetName=D- Pin=U4-5
Added Pin To Net: NetName=VCC3V3 Pin=U4-6
Added Pin To Net: NetName=VCC3V3 Pin=U4-7
Added Pin To Net: NetName=VBus Pin=U4-8
Added Pin To Net: NetName=CTS Pin=U4-23
Added Pin To Net: NetName=RTS Pin=U4-24
Added Pin To Net: NetName=RX_CP Pin=U4-25
Added Pin To Net: NetName=TX_CP Pin=U4-26
Added Pin To Net: NetName=DSR Pin=U4-27
Added Pin To Net: NetName=DTR Pin=U4-28
Added Member To Class: ClassName=Sheet2 Member=Component C5 10uF
Added Member To Class: ClassName=Sheet2 Member=Component C6 1uF
Added Member To Class: ClassName=Sheet2 Member=Component C17 10uF
Added Member To Class: ClassName=Sheet2 Member=Component C18 1uF
Added Member To Class: ClassName=Sheet2 Member=Component R25 Res1
Added Member To Class: ClassName=Sheet2 Member=Component R26 Res1
Added Member To Class: ClassName=Sheet2 Member=Component U4 CP2102-GM
