Added Component: Designator=2(SOIC16)
Add component. Clean all parameters for all variants
Added Component: Designator=3(MSK-12C02)
Add component. Clean all parameters for all variants
Added Component: Designator=C1(C 0603 / 1608)
Add component. Clean all parameters for all variants
Added Component: Designator=C2(C 0603 / 1608)
Add component. Clean all parameters for all variants
Added Component: Designator=C3(C 0603 / 1608)
Add component. Clean all parameters for all variants
Added Component: Designator=C4(C 0603 / 1608)
Add component. Clean all parameters for all variants
Added Component: Designator=C5(C 0603 / 1608)
Add component. Clean all parameters for all variants
Added Component: Designator=C6(C 0603 / 1608)
Add component. Clean all parameters for all variants
Added Component: Designator=C7(C 0603 / 1608)
Add component. Clean all parameters for all variants
Added Component: Designator=C8(LED 0603(2))
Add component. Clean all parameters for all variants
Added Component: Designator=C9(C 0603 / 1608)
Add component. Clean all parameters for all variants
Added Component: Designator=C10(C 0603 / 1608)
Add component. Clean all parameters for all variants
Added Component: Designator=C11(C 0603 / 1608)
Add component. Clean all parameters for all variants
Added Component: Designator=C12(LED 0603(2))
Add component. Clean all parameters for all variants
Added Component: Designator=C13(LED 0603(2))
Add component. Clean all parameters for all variants
Added Component: Designator=C14(LED 0603(2))
Add component. Clean all parameters for all variants
Added Component: Designator=C15(LED 0603(2))
Add component. Clean all parameters for all variants
Added Component: Designator=C16(LED 0603(2))
Add component. Clean all parameters for all variants
Added Component: Designator=D1(MCC-SOD123_V)
Add component. Clean all parameters for all variants
Add component (AddParameter): Name = "Datasheet URL"; Value = "http://www.mccsemi.com/up_pdf/B5817W-B5819W(SOD-123).pdf"; VariantName = "[No Variations]"
Add component (AddParameter): Name = "Datasheet Version"; Value = "Rev. B, 01/2013"; VariantName = "[No Variations]"
Add component (AddParameter): Name = "Manufacturer"; Value = "Micro Commercial Components"; VariantName = "[No Variations]"
Add component (AddParameter): Name = "Manufacturer URL"; Value = "http://www.mccsemi.com/"; VariantName = "[No Variations]"
Add component (AddParameter): Name = "Package Description"; Value = "2-Pin Small Outline Diode, Body 2.7 x 1.6 mm, Height 1.35 mm"; VariantName = "[No Variations]"
Add component (AddParameter): Name = "Package Reference"; Value = "SOD123"; VariantName = "[No Variations]"
Add component (AddParameter): Name = "Package URL"; Value = "http://www.mccsemi.com/up_pdf/1N4448W(SOD-123).pdf"; VariantName = "[No Variations]"
Added Component: Designator=J1(MOLX-105443-1101_V)
Add component. Clean all parameters for all variants
Add component (AddParameter): Name = "Connector Type"; Value = "USB"; VariantName = "[No Variations]"
Add component (AddParameter): Name = "Contact Material"; Value = "Copper"; VariantName = "[No Variations]"
Add component (AddParameter): Name = "Contact Plating"; Value = "Gold"; VariantName = "[No Variations]"
Add component (AddParameter): Name = "Datasheet URL"; Value = "http://www.molex.com/pdm_docs/sd/1054431101_sd.pdf"; VariantName = "[No Variations]"
Add component (AddParameter): Name = "Datasheet Version"; Value = "Rev. G, 01/2012"; VariantName = "[No Variations]"
Add component (AddParameter): Name = "Gender"; Value = "Receptacle"; VariantName = "[No Variations]"
Add component (AddParameter): Name = "IP Rating"; Value = "DustTight"; VariantName = "[No Variations]"
Add component (AddParameter): Name = "Manufacturer"; Value = "Molex"; VariantName = "[No Variations]"
Add component (AddParameter): Name = "Manufacturer URL"; Value = "http://www.molex.com/"; VariantName = "[No Variations]"
Add component (AddParameter): Name = "Mounting Technology"; Value = "SurfaceMount"; VariantName = "[No Variations]"
Add component (AddParameter): Name = "Number of Contacts"; Value = "5"; VariantName = "[No Variations]"
Add component (AddParameter): Name = "Orientation"; Value = "RightAngle"; VariantName = "[No Variations]"
Add component (AddParameter): Name = "Package Description"; Value = "Micro B Receptacle Connector, 5-Leads, Body 7 x 9.3 mm, Pitch 0.65 mm, Height 3.6 mm"; VariantName = "[No Variations]"
Add component (AddParameter): Name = "Package Reference"; Value = "105443-1101"; VariantName = "[No Variations]"
Add component (AddParameter): Name = "Packaging"; Value = "TapeandReel"; VariantName = "[No Variations]"
Add component (AddParameter): Name = "REACH SVHC"; Value = "Unknown"; VariantName = "[No Variations]"
Add component (AddParameter): Name = "RoHSCompliant"; Value = "true"; VariantName = "[No Variations]"
Add component (AddParameter): Name = "Termination"; Value = "SMD/SMT"; VariantName = "[No Variations]"
Added Component: Designator=L1(OLED I2C 0.91)
Add component. Clean all parameters for all variants
Added Component: Designator=P1(MOLX-53261-0271_V)
Add component. Clean all parameters for all variants
Add component (AddParameter): Name = ""; Value = "0532610271"; VariantName = "[No Variations]"
Add component (AddParameter): Name = "Brand"; Value = "Molex"; VariantName = "[No Variations]"
Add component (AddParameter): Name = "Contact Material"; Value = "PhosphorBronze"; VariantName = "[No Variations]"
Add component (AddParameter): Name = "Contact Plating"; Value = "Tin"; VariantName = "[No Variations]"
Add component (AddParameter): Name = "Current - Max"; Value = "1A"; VariantName = "[No Variations]"
Add component (AddParameter): Name = "Current Rating"; Value = "1A"; VariantName = "[No Variations]"
Add component (AddParameter): Name = "Datasheet URL"; Value = "http://www.molex.com/webdocs/datasheets/pdf/en-us/0532610271_PCB_HEADERS.pdf"; VariantName = "[No Variations]"
Add component (AddParameter): Name = "Datasheet Version"; Value = "03/2016"; VariantName = "[No Variations]"
Add component (AddParameter): Name = "Factory Pack Quantity"; Value = "1000"; VariantName = "[No Variations]"
Add component (AddParameter): Name = "Housing Material"; Value = "Thermoplastic"; VariantName = "[No Variations]"
Add component (AddParameter): Name = "Manufacturer"; Value = "Molex"; VariantName = "[No Variations]"
Add component (AddParameter): Name = "Manufacturer URL"; Value = "http://www.molex.com/"; VariantName = "[No Variations]"
Add component (AddParameter): Name = "Mounting Angle"; Value = "Right"; VariantName = "[No Variations]"
Add component (AddParameter): Name = "Mounting Style"; Value = "SMD/SMT"; VariantName = "[No Variations]"
Add component (AddParameter): Name = "Mounting Technology"; Value = "SurfaceMount"; VariantName = "[No Variations]"
Add component (AddParameter): Name = "Number of Positions"; Value = "2"; VariantName = "[No Variations]"
Add component (AddParameter): Name = "Number of Positions / Contacts"; Value = "2"; VariantName = "[No Variations]"
Add component (AddParameter): Name = "Number of Rows"; Value = "1"; VariantName = "[No Variations]"
Add component (AddParameter): Name = "Package Description"; Value = "2-Leads Header, Pitch 1.25 mm, Mated Height 3.4 mm"; VariantName = "[No Variations]"
Add component (AddParameter): Name = "Package Reference"; Value = "53261-0271"; VariantName = "[No Variations]"
Add component (AddParameter): Name = "Package URL"; Value = "http://www.molex.com/pdm_docs/sd/532610271_sd.pdf"; VariantName = "[No Variations]"
Add component (AddParameter): Name = "Package Version"; Value = "Rev. H, 11/2014"; VariantName = "[No Variations]"
Add component (AddParameter): Name = "Packaging"; Value = "Reel"; VariantName = "[No Variations]"
Add component (AddParameter): Name = "Pitch"; Value = "1.25mm"; VariantName = "[No Variations]"
Add component (AddParameter): Name = "Product Category"; Value = "1.25mmConnectors"; VariantName = "[No Variations]"
Add component (AddParameter): Name = "Product Type"; Value = "Headers"; VariantName = "[No Variations]"
Add component (AddParameter): Name = "RoHS"; Value = "Details"; VariantName = "[No Variations]"
Add component (AddParameter): Name = "Series"; Value = "53261"; VariantName = "[No Variations]"
Add component (AddParameter): Name = "Termination Style"; Value = "SMD"; VariantName = "[No Variations]"
Add component (AddParameter): Name = "Tradename"; Value = "PicoBlade"; VariantName = "[No Variations]"
Add component (AddParameter): Name = "Type"; Value = "Shrouded"; VariantName = "[No Variations]"
Add component (AddParameter): Name = "Voltage - Max"; Value = "125V"; VariantName = "[No Variations]"
Add component (AddParameter): Name = "Voltage Rating"; Value = "125V"; VariantName = "[No Variations]"
Added Component: Designator=P2(HDR1X5)
Add component. Clean all parameters for all variants
Add component (AddParameter): Name = "LatestRevisionDate"; Value = "17-Jul-2002"; VariantName = "[No Variations]"
Add component (AddParameter): Name = "LatestRevisionNote"; Value = "Re-released for DXP Platform."; VariantName = "[No Variations]"
Add component (AddParameter): Name = "Publisher"; Value = "Altium Limited"; VariantName = "[No Variations]"
Added Component: Designator=Q1(ONSC-SOT-23-3-318-08_M)
Add component. Clean all parameters for all variants
Add component (AddParameter): Name = "ComponentLink1Description"; Value = "Manufacturer URL"; VariantName = "[No Variations]"
Add component (AddParameter): Name = "ComponentLink1URL"; Value = "http://www.onsemi.com/"; VariantName = "[No Variations]"
Add component (AddParameter): Name = "ComponentLink2Description"; Value = "Datasheet"; VariantName = "[No Variations]"
Add component (AddParameter): Name = "ComponentLink2URL"; Value = "http://www.onsemi.com/pub_link/Collateral/MMBT2222LT1-D.PDF"; VariantName = "[No Variations]"
Add component (AddParameter): Name = "ComponentLink3Description"; Value = "Package Specification"; VariantName = "[No Variations]"
Add component (AddParameter): Name = "ComponentLink3URL"; Value = "http://www.onsemi.com/pub_link/Collateral/MMBT2222LT1-D.PDF"; VariantName = "[No Variations]"
Add component (AddParameter): Name = "DatasheetVersion"; Value = "Rev. 10"; VariantName = "[No Variations]"
Add component (AddParameter): Name = "FT"; Value = "250 MHz"; VariantName = "[No Variations]"
Add component (AddParameter): Name = "HFE Max."; Value = "300"; VariantName = "[No Variations]"
Add component (AddParameter): Name = "HFE Min."; Value = "100"; VariantName = "[No Variations]"
Add component (AddParameter): Name = "IC Continuous"; Value = "0.6 A"; VariantName = "[No Variations]"
Add component (AddParameter): Name = "Manufacturer"; Value = "ON Semiconductor"; VariantName = "[No Variations]"
Add component (AddParameter): Name = "Mounting Technology"; Value = "Surface Mount"; VariantName = "[No Variations]"
Add component (AddParameter): Name = "PackageDescription"; Value = "3-Pin SOT23, Body 2.9 x 1.3 mm, Pitch 0.95 mm"; VariantName = "[No Variations]"
Add component (AddParameter): Name = "PackageReference"; Value = "SOT-23-3"; VariantName = "[No Variations]"
Add component (AddParameter): Name = "PackageVersion"; Value = "Rev. AP"; VariantName = "[No Variations]"
Add component (AddParameter): Name = "Packing"; Value = "Tape and Reel"; VariantName = "[No Variations]"
Add component (AddParameter): Name = "PartNumber"; Value = "MMBT2222LT1G"; VariantName = "[No Variations]"
Add component (AddParameter): Name = "Polarity"; Value = "NPN"; VariantName = "[No Variations]"
Add component (AddParameter): Name = "PTM Max."; Value = "0.225 W"; VariantName = "[No Variations]"
Add component (AddParameter): Name = "RoHS"; Value = "TRUE"; VariantName = "[No Variations]"
Add component (AddParameter): Name = "V(BR) CEO"; Value = "30 V Min."; VariantName = "[No Variations]"
Added Component: Designator=Q2(ONSC-SOT-23-3-318-08_M)
Add component. Clean all parameters for all variants
Add component (AddParameter): Name = "ComponentLink1Description"; Value = "Manufacturer URL"; VariantName = "[No Variations]"
Add component (AddParameter): Name = "ComponentLink1URL"; Value = "http://www.onsemi.com/"; VariantName = "[No Variations]"
Add component (AddParameter): Name = "ComponentLink2Description"; Value = "Datasheet"; VariantName = "[No Variations]"
Add component (AddParameter): Name = "ComponentLink2URL"; Value = "http://www.onsemi.com/pub_link/Collateral/MMBT2222LT1-D.PDF"; VariantName = "[No Variations]"
Add component (AddParameter): Name = "ComponentLink3Description"; Value = "Package Specification"; VariantName = "[No Variations]"
Add component (AddParameter): Name = "ComponentLink3URL"; Value = "http://www.onsemi.com/pub_link/Collateral/MMBT2222LT1-D.PDF"; VariantName = "[No Variations]"
Add component (AddParameter): Name = "DatasheetVersion"; Value = "Rev. 10"; VariantName = "[No Variations]"
Add component (AddParameter): Name = "FT"; Value = "250 MHz"; VariantName = "[No Variations]"
Add component (AddParameter): Name = "HFE Max."; Value = "300"; VariantName = "[No Variations]"
Add component (AddParameter): Name = "HFE Min."; Value = "100"; VariantName = "[No Variations]"
Add component (AddParameter): Name = "IC Continuous"; Value = "0.6 A"; VariantName = "[No Variations]"
Add component (AddParameter): Name = "Manufacturer"; Value = "ON Semiconductor"; VariantName = "[No Variations]"
Add component (AddParameter): Name = "Mounting Technology"; Value = "Surface Mount"; VariantName = "[No Variations]"
Add component (AddParameter): Name = "PackageDescription"; Value = "3-Pin SOT23, Body 2.9 x 1.3 mm, Pitch 0.95 mm"; VariantName = "[No Variations]"
Add component (AddParameter): Name = "PackageReference"; Value = "SOT-23-3"; VariantName = "[No Variations]"
Add component (AddParameter): Name = "PackageVersion"; Value = "Rev. AP"; VariantName = "[No Variations]"
Add component (AddParameter): Name = "Packing"; Value = "Tape and Reel"; VariantName = "[No Variations]"
Add component (AddParameter): Name = "PartNumber"; Value = "MMBT2222LT1G"; VariantName = "[No Variations]"
Add component (AddParameter): Name = "Polarity"; Value = "NPN"; VariantName = "[No Variations]"
Add component (AddParameter): Name = "PTM Max."; Value = "0.225 W"; VariantName = "[No Variations]"
Add component (AddParameter): Name = "RoHS"; Value = "TRUE"; VariantName = "[No Variations]"
Add component (AddParameter): Name = "V(BR) CEO"; Value = "30 V Min."; VariantName = "[No Variations]"
Added Component: Designator=R1(C 0603 / 1608)
Add component. Clean all parameters for all variants
Add component (AddParameter): Name = "LatestRevisionDate"; Value = "17-Jul-2002"; VariantName = "[No Variations]"
Add component (AddParameter): Name = "LatestRevisionNote"; Value = "Re-released for DXP Platform."; VariantName = "[No Variations]"
Add component (AddParameter): Name = "PackageDescription"; Value = "Axial Device, Thru-Hole; 2 Leads; 0.3 in Pin Spacing"; VariantName = "[No Variations]"
Add component (AddParameter): Name = "PackageReference"; Value = "AXIAL-0.3"; VariantName = "[No Variations]"
Add component (AddParameter): Name = "Published"; Value = "8-Jun-2000"; VariantName = "[No Variations]"
Add component (AddParameter): Name = "Publisher"; Value = "Altium Limited"; VariantName = "[No Variations]"
Add component (AddParameter): Name = "Value"; Value = "100k"; VariantName = "[No Variations]"
Added Component: Designator=R2(C 0603 / 1608)
Add component. Clean all parameters for all variants
Add component (AddParameter): Name = "LatestRevisionDate"; Value = "17-Jul-2002"; VariantName = "[No Variations]"
Add component (AddParameter): Name = "LatestRevisionNote"; Value = "Re-released for DXP Platform."; VariantName = "[No Variations]"
Add component (AddParameter): Name = "PackageDescription"; Value = "Axial Device, Thru-Hole; 2 Leads; 0.3 in Pin Spacing"; VariantName = "[No Variations]"
Add component (AddParameter): Name = "PackageReference"; Value = "AXIAL-0.3"; VariantName = "[No Variations]"
Add component (AddParameter): Name = "Published"; Value = "8-Jun-2000"; VariantName = "[No Variations]"
Add component (AddParameter): Name = "Publisher"; Value = "Altium Limited"; VariantName = "[No Variations]"
Add component (AddParameter): Name = "Value"; Value = "10k"; VariantName = "[No Variations]"
Added Component: Designator=R3(C 0603 / 1608)
Add component. Clean all parameters for all variants
Add component (AddParameter): Name = "LatestRevisionDate"; Value = "17-Jul-2002"; VariantName = "[No Variations]"
Add component (AddParameter): Name = "LatestRevisionNote"; Value = "Re-released for DXP Platform."; VariantName = "[No Variations]"
Add component (AddParameter): Name = "PackageDescription"; Value = "Axial Device, Thru-Hole; 2 Leads; 0.3 in Pin Spacing"; VariantName = "[No Variations]"
Add component (AddParameter): Name = "PackageReference"; Value = "AXIAL-0.3"; VariantName = "[No Variations]"
Add component (AddParameter): Name = "Published"; Value = "8-Jun-2000"; VariantName = "[No Variations]"
Add component (AddParameter): Name = "Publisher"; Value = "Altium Limited"; VariantName = "[No Variations]"
Add component (AddParameter): Name = "Value"; Value = "100k"; VariantName = "[No Variations]"
Added Component: Designator=R4(C 0603 / 1608)
Add component. Clean all parameters for all variants
Add component (AddParameter): Name = "LatestRevisionDate"; Value = "17-Jul-2002"; VariantName = "[No Variations]"
Add component (AddParameter): Name = "LatestRevisionNote"; Value = "Re-released for DXP Platform."; VariantName = "[No Variations]"
Add component (AddParameter): Name = "PackageDescription"; Value = "Axial Device, Thru-Hole; 2 Leads; 0.3 in Pin Spacing"; VariantName = "[No Variations]"
Add component (AddParameter): Name = "PackageReference"; Value = "AXIAL-0.3"; VariantName = "[No Variations]"
Add component (AddParameter): Name = "Published"; Value = "8-Jun-2000"; VariantName = "[No Variations]"
Add component (AddParameter): Name = "Publisher"; Value = "Altium Limited"; VariantName = "[No Variations]"
Add component (AddParameter): Name = "Value"; Value = "100k"; VariantName = "[No Variations]"
Added Component: Designator=R5(C 0603 / 1608)
Add component. Clean all parameters for all variants
Add component (AddParameter): Name = "LatestRevisionDate"; Value = "17-Jul-2002"; VariantName = "[No Variations]"
Add component (AddParameter): Name = "LatestRevisionNote"; Value = "Re-released for DXP Platform."; VariantName = "[No Variations]"
Add component (AddParameter): Name = "PackageDescription"; Value = "Axial Device, Thru-Hole; 2 Leads; 0.3 in Pin Spacing"; VariantName = "[No Variations]"
Add component (AddParameter): Name = "PackageReference"; Value = "AXIAL-0.3"; VariantName = "[No Variations]"
Add component (AddParameter): Name = "Published"; Value = "8-Jun-2000"; VariantName = "[No Variations]"
Add component (AddParameter): Name = "Publisher"; Value = "Altium Limited"; VariantName = "[No Variations]"
Add component (AddParameter): Name = "Value"; Value = "10k"; VariantName = "[No Variations]"
Added Component: Designator=R6(C 0603 / 1608)
Add component. Clean all parameters for all variants
Add component (AddParameter): Name = "LatestRevisionDate"; Value = "17-Jul-2002"; VariantName = "[No Variations]"
Add component (AddParameter): Name = "LatestRevisionNote"; Value = "Re-released for DXP Platform."; VariantName = "[No Variations]"
Add component (AddParameter): Name = "PackageDescription"; Value = "Axial Device, Thru-Hole; 2 Leads; 0.3 in Pin Spacing"; VariantName = "[No Variations]"
Add component (AddParameter): Name = "PackageReference"; Value = "AXIAL-0.3"; VariantName = "[No Variations]"
Add component (AddParameter): Name = "Published"; Value = "8-Jun-2000"; VariantName = "[No Variations]"
Add component (AddParameter): Name = "Publisher"; Value = "Altium Limited"; VariantName = "[No Variations]"
Add component (AddParameter): Name = "Value"; Value = "100k"; VariantName = "[No Variations]"
Added Component: Designator=R7(C 0603 / 1608)
Add component. Clean all parameters for all variants
Add component (AddParameter): Name = "LatestRevisionDate"; Value = "17-Jul-2002"; VariantName = "[No Variations]"
Add component (AddParameter): Name = "LatestRevisionNote"; Value = "Re-released for DXP Platform."; VariantName = "[No Variations]"
Add component (AddParameter): Name = "PackageDescription"; Value = "Axial Device, Thru-Hole; 2 Leads; 0.3 in Pin Spacing"; VariantName = "[No Variations]"
Add component (AddParameter): Name = "PackageReference"; Value = "AXIAL-0.3"; VariantName = "[No Variations]"
Add component (AddParameter): Name = "Published"; Value = "8-Jun-2000"; VariantName = "[No Variations]"
Add component (AddParameter): Name = "Publisher"; Value = "Altium Limited"; VariantName = "[No Variations]"
Add component (AddParameter): Name = "Value"; Value = "1k"; VariantName = "[No Variations]"
Added Component: Designator=R8(C 0603 / 1608)
Add component. Clean all parameters for all variants
Add component (AddParameter): Name = "LatestRevisionDate"; Value = "17-Jul-2002"; VariantName = "[No Variations]"
Add component (AddParameter): Name = "LatestRevisionNote"; Value = "Re-released for DXP Platform."; VariantName = "[No Variations]"
Add component (AddParameter): Name = "PackageDescription"; Value = "Axial Device, Thru-Hole; 2 Leads; 0.3 in Pin Spacing"; VariantName = "[No Variations]"
Add component (AddParameter): Name = "PackageReference"; Value = "AXIAL-0.3"; VariantName = "[No Variations]"
Add component (AddParameter): Name = "Published"; Value = "8-Jun-2000"; VariantName = "[No Variations]"
Add component (AddParameter): Name = "Publisher"; Value = "Altium Limited"; VariantName = "[No Variations]"
Add component (AddParameter): Name = "Value"; Value = "10k"; VariantName = "[No Variations]"
Added Component: Designator=R9(C 0603 / 1608)
Add component. Clean all parameters for all variants
Add component (AddParameter): Name = "LatestRevisionDate"; Value = "17-Jul-2002"; VariantName = "[No Variations]"
Add component (AddParameter): Name = "LatestRevisionNote"; Value = "Re-released for DXP Platform."; VariantName = "[No Variations]"
Add component (AddParameter): Name = "PackageDescription"; Value = "Axial Device, Thru-Hole; 2 Leads; 0.3 in Pin Spacing"; VariantName = "[No Variations]"
Add component (AddParameter): Name = "PackageReference"; Value = "AXIAL-0.3"; VariantName = "[No Variations]"
Add component (AddParameter): Name = "Published"; Value = "8-Jun-2000"; VariantName = "[No Variations]"
Add component (AddParameter): Name = "Publisher"; Value = "Altium Limited"; VariantName = "[No Variations]"
Add component (AddParameter): Name = "Value"; Value = "10k"; VariantName = "[No Variations]"
Added Component: Designator=R10(C 0603 / 1608)
Add component. Clean all parameters for all variants
Add component (AddParameter): Name = "LatestRevisionDate"; Value = "17-Jul-2002"; VariantName = "[No Variations]"
Add component (AddParameter): Name = "LatestRevisionNote"; Value = "Re-released for DXP Platform."; VariantName = "[No Variations]"
Add component (AddParameter): Name = "PackageDescription"; Value = "Axial Device, Thru-Hole; 2 Leads; 0.3 in Pin Spacing"; VariantName = "[No Variations]"
Add component (AddParameter): Name = "PackageReference"; Value = "AXIAL-0.3"; VariantName = "[No Variations]"
Add component (AddParameter): Name = "Published"; Value = "8-Jun-2000"; VariantName = "[No Variations]"
Add component (AddParameter): Name = "Publisher"; Value = "Altium Limited"; VariantName = "[No Variations]"
Add component (AddParameter): Name = "Value"; Value = "10k"; VariantName = "[No Variations]"
Added Component: Designator=R11(C 0603 / 1608)
Add component. Clean all parameters for all variants
Add component (AddParameter): Name = "LatestRevisionDate"; Value = "17-Jul-2002"; VariantName = "[No Variations]"
Add component (AddParameter): Name = "LatestRevisionNote"; Value = "Re-released for DXP Platform."; VariantName = "[No Variations]"
Add component (AddParameter): Name = "PackageDescription"; Value = "Axial Device, Thru-Hole; 2 Leads; 0.3 in Pin Spacing"; VariantName = "[No Variations]"
Add component (AddParameter): Name = "PackageReference"; Value = "AXIAL-0.3"; VariantName = "[No Variations]"
Add component (AddParameter): Name = "Published"; Value = "8-Jun-2000"; VariantName = "[No Variations]"
Add component (AddParameter): Name = "Publisher"; Value = "Altium Limited"; VariantName = "[No Variations]"
Add component (AddParameter): Name = "Value"; Value = "4.7k"; VariantName = "[No Variations]"
Added Component: Designator=R12(C 0603 / 1608)
Add component. Clean all parameters for all variants
Add component (AddParameter): Name = "LatestRevisionDate"; Value = "17-Jul-2002"; VariantName = "[No Variations]"
Add component (AddParameter): Name = "LatestRevisionNote"; Value = "Re-released for DXP Platform."; VariantName = "[No Variations]"
Add component (AddParameter): Name = "PackageDescription"; Value = "Axial Device, Thru-Hole; 2 Leads; 0.3 in Pin Spacing"; VariantName = "[No Variations]"
Add component (AddParameter): Name = "PackageReference"; Value = "AXIAL-0.3"; VariantName = "[No Variations]"
Add component (AddParameter): Name = "Published"; Value = "8-Jun-2000"; VariantName = "[No Variations]"
Add component (AddParameter): Name = "Publisher"; Value = "Altium Limited"; VariantName = "[No Variations]"
Add component (AddParameter): Name = "Value"; Value = "4.7k"; VariantName = "[No Variations]"
Added Component: Designator=R13(C 0603 / 1608)
Add component. Clean all parameters for all variants
Add component (AddParameter): Name = "LatestRevisionDate"; Value = "17-Jul-2002"; VariantName = "[No Variations]"
Add component (AddParameter): Name = "LatestRevisionNote"; Value = "Re-released for DXP Platform."; VariantName = "[No Variations]"
Add component (AddParameter): Name = "PackageDescription"; Value = "Axial Device, Thru-Hole; 2 Leads; 0.3 in Pin Spacing"; VariantName = "[No Variations]"
Add component (AddParameter): Name = "PackageReference"; Value = "AXIAL-0.3"; VariantName = "[No Variations]"
Add component (AddParameter): Name = "Published"; Value = "8-Jun-2000"; VariantName = "[No Variations]"
Add component (AddParameter): Name = "Publisher"; Value = "Altium Limited"; VariantName = "[No Variations]"
Add component (AddParameter): Name = "Value"; Value = "20kNC"; VariantName = "[No Variations]"
Added Component: Designator=R14(C 0603 / 1608)
Add component. Clean all parameters for all variants
Add component (AddParameter): Name = "LatestRevisionDate"; Value = "17-Jul-2002"; VariantName = "[No Variations]"
Add component (AddParameter): Name = "LatestRevisionNote"; Value = "Re-released for DXP Platform."; VariantName = "[No Variations]"
Add component (AddParameter): Name = "PackageDescription"; Value = "Axial Device, Thru-Hole; 2 Leads; 0.3 in Pin Spacing"; VariantName = "[No Variations]"
Add component (AddParameter): Name = "PackageReference"; Value = "AXIAL-0.3"; VariantName = "[No Variations]"
Add component (AddParameter): Name = "Published"; Value = "8-Jun-2000"; VariantName = "[No Variations]"
Add component (AddParameter): Name = "Publisher"; Value = "Altium Limited"; VariantName = "[No Variations]"
Add component (AddParameter): Name = "Value"; Value = "1k"; VariantName = "[No Variations]"
Added Component: Designator=R15(C 0603 / 1608)
Add component. Clean all parameters for all variants
Add component (AddParameter): Name = "LatestRevisionDate"; Value = "17-Jul-2002"; VariantName = "[No Variations]"
Add component (AddParameter): Name = "LatestRevisionNote"; Value = "Re-released for DXP Platform."; VariantName = "[No Variations]"
Add component (AddParameter): Name = "PackageDescription"; Value = "Axial Device, Thru-Hole; 2 Leads; 0.3 in Pin Spacing"; VariantName = "[No Variations]"
Add component (AddParameter): Name = "PackageReference"; Value = "AXIAL-0.3"; VariantName = "[No Variations]"
Add component (AddParameter): Name = "Published"; Value = "8-Jun-2000"; VariantName = "[No Variations]"
Add component (AddParameter): Name = "Publisher"; Value = "Altium Limited"; VariantName = "[No Variations]"
Add component (AddParameter): Name = "Value"; Value = "20kNC"; VariantName = "[No Variations]"
Added Component: Designator=R16(C 0603 / 1608)
Add component. Clean all parameters for all variants
Add component (AddParameter): Name = "LatestRevisionDate"; Value = "17-Jul-2002"; VariantName = "[No Variations]"
Add component (AddParameter): Name = "LatestRevisionNote"; Value = "Re-released for DXP Platform."; VariantName = "[No Variations]"
Add component (AddParameter): Name = "PackageDescription"; Value = "Axial Device, Thru-Hole; 2 Leads; 0.3 in Pin Spacing"; VariantName = "[No Variations]"
Add component (AddParameter): Name = "PackageReference"; Value = "AXIAL-0.3"; VariantName = "[No Variations]"
Add component (AddParameter): Name = "Published"; Value = "8-Jun-2000"; VariantName = "[No Variations]"
Add component (AddParameter): Name = "Publisher"; Value = "Altium Limited"; VariantName = "[No Variations]"
Add component (AddParameter): Name = "Value"; Value = "4.7k"; VariantName = "[No Variations]"
Added Component: Designator=R17(C 0603 / 1608)
Add component. Clean all parameters for all variants
Add component (AddParameter): Name = "LatestRevisionDate"; Value = "17-Jul-2002"; VariantName = "[No Variations]"
Add component (AddParameter): Name = "LatestRevisionNote"; Value = "Re-released for DXP Platform."; VariantName = "[No Variations]"
Add component (AddParameter): Name = "PackageDescription"; Value = "Axial Device, Thru-Hole; 2 Leads; 0.3 in Pin Spacing"; VariantName = "[No Variations]"
Add component (AddParameter): Name = "PackageReference"; Value = "AXIAL-0.3"; VariantName = "[No Variations]"
Add component (AddParameter): Name = "Published"; Value = "8-Jun-2000"; VariantName = "[No Variations]"
Add component (AddParameter): Name = "Publisher"; Value = "Altium Limited"; VariantName = "[No Variations]"
Add component (AddParameter): Name = "Value"; Value = "1k"; VariantName = "[No Variations]"
Added Component: Designator=R18(C 0603 / 1608)
Add component. Clean all parameters for all variants
Add component (AddParameter): Name = "LatestRevisionDate"; Value = "17-Jul-2002"; VariantName = "[No Variations]"
Add component (AddParameter): Name = "LatestRevisionNote"; Value = "Re-released for DXP Platform."; VariantName = "[No Variations]"
Add component (AddParameter): Name = "PackageDescription"; Value = "Axial Device, Thru-Hole; 2 Leads; 0.3 in Pin Spacing"; VariantName = "[No Variations]"
Add component (AddParameter): Name = "PackageReference"; Value = "AXIAL-0.3"; VariantName = "[No Variations]"
Add component (AddParameter): Name = "Published"; Value = "8-Jun-2000"; VariantName = "[No Variations]"
Add component (AddParameter): Name = "Publisher"; Value = "Altium Limited"; VariantName = "[No Variations]"
Add component (AddParameter): Name = "Value"; Value = "1k"; VariantName = "[No Variations]"
Added Component: Designator=R19(C 0603 / 1608)
Add component. Clean all parameters for all variants
Add component (AddParameter): Name = "LatestRevisionDate"; Value = "17-Jul-2002"; VariantName = "[No Variations]"
Add component (AddParameter): Name = "LatestRevisionNote"; Value = "Re-released for DXP Platform."; VariantName = "[No Variations]"
Add component (AddParameter): Name = "PackageDescription"; Value = "Axial Device, Thru-Hole; 2 Leads; 0.3 in Pin Spacing"; VariantName = "[No Variations]"
Add component (AddParameter): Name = "PackageReference"; Value = "AXIAL-0.3"; VariantName = "[No Variations]"
Add component (AddParameter): Name = "Published"; Value = "8-Jun-2000"; VariantName = "[No Variations]"
Add component (AddParameter): Name = "Publisher"; Value = "Altium Limited"; VariantName = "[No Variations]"
Add component (AddParameter): Name = "Value"; Value = "1k"; VariantName = "[No Variations]"
Added Component: Designator=R20(C 0603 / 1608)
Add component. Clean all parameters for all variants
Add component (AddParameter): Name = "LatestRevisionDate"; Value = "17-Jul-2002"; VariantName = "[No Variations]"
Add component (AddParameter): Name = "LatestRevisionNote"; Value = "Re-released for DXP Platform."; VariantName = "[No Variations]"
Add component (AddParameter): Name = "PackageDescription"; Value = "Axial Device, Thru-Hole; 2 Leads; 0.3 in Pin Spacing"; VariantName = "[No Variations]"
Add component (AddParameter): Name = "PackageReference"; Value = "AXIAL-0.3"; VariantName = "[No Variations]"
Add component (AddParameter): Name = "Published"; Value = "8-Jun-2000"; VariantName = "[No Variations]"
Add component (AddParameter): Name = "Publisher"; Value = "Altium Limited"; VariantName = "[No Variations]"
Add component (AddParameter): Name = "Value"; Value = "1k"; VariantName = "[No Variations]"
Added Component: Designator=S1(DTSM-6)
Add component. Clean all parameters for all variants
Added Component: Designator=S2(DTSM-6)
Add component. Clean all parameters for all variants
Added Component: Designator=S3(DTSM-6)
Add component. Clean all parameters for all variants
Added Component: Designator=S4(DTSM-6)
Add component. Clean all parameters for all variants
Added Component: Designator=T1(SOT95P237X112-3N)
Add component. Clean all parameters for all variants
Add component (AddParameter): Name = "Author"; Value = "CERN DEM JLC"; VariantName = "[No Variations]"
Add component (AddParameter): Name = "Bonding"; Value = "No"; VariantName = "[No Variations]"
Add component (AddParameter): Name = "Case"; Value = "SOT23-3"; VariantName = "[No Variations]"
Add component (AddParameter): Name = "ComponentHeight"; Value = "1.12mm"; VariantName = "[No Variations]"
Add component (AddParameter): Name = "Component Type"; Value = "Standard"; VariantName = "[No Variations]"
Add component (AddParameter): Name = "CreateDate"; Value = "03/03/2011"; VariantName = "[No Variations]"
Add component (AddParameter): Name = "Device"; Value = "Si2333CDS-T1-GE3"; VariantName = "[No Variations]"
Add component (AddParameter): Name = "HelpURL"; Value = "\\cern.ch\dfs\Applications\Altium\Datasheets\Si2333CDS-T1-GE3.pdf"; VariantName = "[No Variations]"
Add component (AddParameter): Name = "LatestRevisionDate"; Value = "02/05/2011"; VariantName = "[No Variations]"
Add component (AddParameter): Name = "Manufacturer"; Value = "VISHAY SILICONIX"; VariantName = "[No Variations]"
Add component (AddParameter): Name = "Manufacturer Part Number"; Value = "Si2333CDS-T1-GE3"; VariantName = "[No Variations]"
Add component (AddParameter): Name = "Mounted"; Value = "Yes"; VariantName = "[No Variations]"
Add component (AddParameter): Name = "PackageDescription"; Value = "SOT, 0.95mm, pitch; 3 pin,1.30mm W X 2.92mm L X 1.12mm H body, IPC Medium Density"; VariantName = "[No Variations]"
Add component (AddParameter): Name = "Part Description"; Value = "-12V -5.1A P-Channel  TrenchFET® Power MOSFET"; VariantName = "[No Variations]"
Add component (AddParameter): Name = "Part Number"; Value = "Si2333CDS-T1-GE3"; VariantName = "[No Variations]"
Add component (AddParameter): Name = "Pin Count"; Value = "3"; VariantName = "[No Variations]"
Add component (AddParameter): Name = "PressFit"; Value = "No"; VariantName = "[No Variations]"
Add component (AddParameter): Name = "Sense"; Value = "No"; VariantName = "[No Variations]"
Add component (AddParameter): Name = "SMD"; Value = "Yes"; VariantName = "[No Variations]"
Add component (AddParameter): Name = "Socket"; Value = "No"; VariantName = "[No Variations]"
Added Component: Designator=U1(MODULE_ESP32-WROOM-32D)
Add component. Clean all parameters for all variants
Add component (AddParameter): Name = "Availability"; Value = "Warning"; VariantName = "[No Variations]"
Add component (AddParameter): Name = "MF"; Value = "Espressif Systems"; VariantName = "[No Variations]"
Add component (AddParameter): Name = "MP"; Value = "ESP32-WROOM-32D"; VariantName = "[No Variations]"
Add component (AddParameter): Name = "Package"; Value = "Module Espressif Systems"; VariantName = "[No Variations]"
Add component (AddParameter): Name = "Price"; Value = "3.98 USD"; VariantName = "[No Variations]"
Add component (AddParameter): Name = "SnapEDA_Link"; Value = "https://www.snapeda.com/parts/ESP32-WROOM-32D/Espressif%20Systems/view-part/?ref=snap"; VariantName = "[No Variations]"
Add component (AddParameter): Name = "Value"; Value = ""; VariantName = "[No Variations]"
Added Component: Designator=U2(UDFN6 CASE 517DD)
Add component. Clean all parameters for all variants
Added Component: Designator=U3(SOT-23-OT5_M)
Add component. Clean all parameters for all variants
Add component (AddParameter): Name = "Code_IPC"; Value = "SOT23-5"; VariantName = "[No Variations]"
Add component (AddParameter): Name = "DatasheetVersion"; Value = "revE, Sep-2008"; VariantName = "[No Variations]"
Add component (AddParameter): Name = "PackageDescription"; Value = "5-Lead Plastic Small Outline Transistor (OT) [SOT-23]"; VariantName = "[No Variations]"
Add component (AddParameter): Name = "PackageReference"; Value = "SOT-23-OT5"; VariantName = "[No Variations]"
Add component (AddParameter): Name = "PackageVersion"; Value = "revBB, Aug-2009"; VariantName = "[No Variations]"
Added Pin To Net: NetName=CS1 Pin=1-26
Added Pin To Net: NetName=CS1 Pin=P3-1
Added Net: Name=CS1
Added Pin To Net: NetName=CS2 Pin=1-27
Added Pin To Net: NetName=CS2 Pin=P3-2
Added Net: Name=CS2
Added Pin To Net: NetName=CS3 Pin=1-28
Added Pin To Net: NetName=CS3 Pin=P3-3
Added Net: Name=CS3
Added Pin To Net: NetName=CS4 Pin=1-29
Added Pin To Net: NetName=CS4 Pin=P3-4
Added Net: Name=CS4
Added Pin To Net: NetName=CS5 Pin=1-30
Added Pin To Net: NetName=CS5 Pin=P3-5
Added Net: Name=CS5
Added Pin To Net: NetName=CS6 Pin=1-31
Added Pin To Net: NetName=CS6 Pin=P3-6
Added Net: Name=CS6
Added Pin To Net: NetName=CS7 Pin=1-32
Added Pin To Net: NetName=CS7 Pin=P3-7
Added Net: Name=CS7
Added Pin To Net: NetName=CS8 Pin=1-33
Added Pin To Net: NetName=CS8 Pin=P3-8
Added Net: Name=CS8
Added Pin To Net: NetName=CS9 Pin=1-34
Added Pin To Net: NetName=CS9 Pin=P3-9
Added Net: Name=CS9
Added Pin To Net: NetName=CS10 Pin=1-35
Added Pin To Net: NetName=CS10 Pin=P3-10
Added Net: Name=CS10
Added Pin To Net: NetName=CS11 Pin=1-37
Added Pin To Net: NetName=CS11 Pin=P3-11
Added Net: Name=CS11
Added Pin To Net: NetName=CS12 Pin=1-38
Added Pin To Net: NetName=CS12 Pin=P3-12
Added Net: Name=CS12
Added Pin To Net: NetName=CS13 Pin=1-39
Added Pin To Net: NetName=CS13 Pin=P3-13
Added Net: Name=CS13
Added Pin To Net: NetName=CS14 Pin=1-40
Added Pin To Net: NetName=CS14 Pin=P3-14
Added Net: Name=CS14
Added Pin To Net: NetName=CS15 Pin=1-41
Added Pin To Net: NetName=CS15 Pin=P3-15
Added Net: Name=CS15
Added Pin To Net: NetName=CS16 Pin=1-42
Added Pin To Net: NetName=CS16 Pin=P3-16
Added Net: Name=CS16
Added Pin To Net: NetName=CS17 Pin=1-43
Added Pin To Net: NetName=CS17 Pin=P3-17
Added Net: Name=CS17
Added Pin To Net: NetName=CS18 Pin=1-44
Added Pin To Net: NetName=CS18 Pin=P3-18
Added Net: Name=CS18
Added Pin To Net: NetName=CS19 Pin=1-45
Added Pin To Net: NetName=CS19 Pin=P3-19
Added Net: Name=CS19
Added Pin To Net: NetName=CS20 Pin=1-46
Added Pin To Net: NetName=CS20 Pin=P3-20
Added Net: Name=CS20
Added Pin To Net: NetName=CS21 Pin=1-47
Added Pin To Net: NetName=CS21 Pin=P3-21
Added Net: Name=CS21
Added Pin To Net: NetName=CS22 Pin=1-48
Added Pin To Net: NetName=CS22 Pin=P3-22
Added Net: Name=CS22
Added Pin To Net: NetName=CS23 Pin=1-49
Added Pin To Net: NetName=CS23 Pin=P3-23
Added Net: Name=CS23
Added Pin To Net: NetName=CS24 Pin=1-50
Added Pin To Net: NetName=CS24 Pin=P3-24
Added Net: Name=CS24
Added Pin To Net: NetName=CS25 Pin=1-51
Added Pin To Net: NetName=CS25 Pin=P3-25
Added Net: Name=CS25
Added Pin To Net: NetName=CS26 Pin=1-52
Added Pin To Net: NetName=CS26 Pin=P4-1
Added Net: Name=CS26
Added Pin To Net: NetName=CS27 Pin=1-53
Added Pin To Net: NetName=CS27 Pin=P4-2
Added Net: Name=CS27
Added Pin To Net: NetName=CS28 Pin=1-54
Added Pin To Net: NetName=CS28 Pin=P4-3
Added Net: Name=CS28
Added Pin To Net: NetName=CS29 Pin=1-56
Added Pin To Net: NetName=CS29 Pin=P4-4
Added Net: Name=CS29
Added Pin To Net: NetName=CS30 Pin=1-57
Added Pin To Net: NetName=CS30 Pin=P4-5
Added Net: Name=CS30
Added Pin To Net: NetName=CS31 Pin=1-58
Added Pin To Net: NetName=CS31 Pin=P4-6
Added Net: Name=CS31
Added Pin To Net: NetName=CS32 Pin=1-59
Added Pin To Net: NetName=CS32 Pin=P4-7
Added Net: Name=CS32
Added Pin To Net: NetName=CS33 Pin=1-60
Added Pin To Net: NetName=CS33 Pin=P4-8
Added Net: Name=CS33
Added Pin To Net: NetName=CS34 Pin=1-1
Added Pin To Net: NetName=CS34 Pin=P4-9
Added Net: Name=CS34
Added Pin To Net: NetName=CS35 Pin=1-2
Added Pin To Net: NetName=CS35 Pin=P4-10
Added Net: Name=CS35
Added Pin To Net: NetName=CS36 Pin=1-3
Added Pin To Net: NetName=CS36 Pin=P4-11
Added Net: Name=CS36
Added Pin To Net: NetName=CS37 Pin=1-4
Added Pin To Net: NetName=CS37 Pin=P4-12
Added Net: Name=CS37
Added Pin To Net: NetName=CS38 Pin=1-5
Added Pin To Net: NetName=CS38 Pin=P4-13
Added Net: Name=CS38
Added Pin To Net: NetName=CS39 Pin=1-6
Added Pin To Net: NetName=CS39 Pin=P4-14
Added Net: Name=CS39
Added Pin To Net: NetName=D+ Pin=2-5
Added Pin To Net: NetName=D+ Pin=J1-3
Added Net: Name=D+
Added Pin To Net: NetName=D- Pin=2-6
Added Pin To Net: NetName=D- Pin=J1-2
Added Net: Name=D-
Added Pin To Net: NetName=DTR Pin=2-13
Added Pin To Net: NetName=DTR Pin=Q1-2
Added Pin To Net: NetName=DTR Pin=R10-1
Added Net: Name=DTR
Added Pin To Net: NetName=ESP_SW1 Pin=S4-3
Added Pin To Net: NetName=ESP_SW1 Pin=S4-4
Added Pin To Net: NetName=ESP_SW1 Pin=U1-23
Added Net: Name=ESP_SW1
Added Pin To Net: NetName=ESP_SW2 Pin=S3-3
Added Pin To Net: NetName=ESP_SW2 Pin=S3-4
Added Pin To Net: NetName=ESP_SW2 Pin=U1-27
Added Net: Name=ESP_SW2
Added Pin To Net: NetName=ESP_SW3 Pin=S2-3
Added Pin To Net: NetName=ESP_SW3 Pin=S2-4
Added Pin To Net: NetName=ESP_SW3 Pin=U1-28
Added Net: Name=ESP_SW3
Added Pin To Net: NetName=GND Pin=1-8
Added Pin To Net: NetName=GND Pin=1-12
Added Pin To Net: NetName=GND Pin=1-36
Added Pin To Net: NetName=GND Pin=1-55
Added Pin To Net: NetName=GND Pin=2-1
Added Pin To Net: NetName=GND Pin=C1-1
Added Pin To Net: NetName=GND Pin=C2-1
Added Pin To Net: NetName=GND Pin=C3-1
Added Pin To Net: NetName=GND Pin=C4-1
Added Pin To Net: NetName=GND Pin=C5-1
Added Pin To Net: NetName=GND Pin=C6-1
Added Pin To Net: NetName=GND Pin=C7-1
Added Pin To Net: NetName=GND Pin=C9-2
Added Pin To Net: NetName=GND Pin=C10-2
Added Pin To Net: NetName=GND Pin=C11-1
Added Pin To Net: NetName=GND Pin=J1-5
Added Pin To Net: NetName=GND Pin=L1-1
Added Pin To Net: NetName=GND Pin=P1-2
Added Pin To Net: NetName=GND Pin=P2-5
Added Pin To Net: NetName=GND Pin=R1-1
Added Pin To Net: NetName=GND Pin=R2-1
Added Pin To Net: NetName=GND Pin=R4-1
Added Pin To Net: NetName=GND Pin=R5-2
Added Pin To Net: NetName=GND Pin=R6-1
Added Pin To Net: NetName=GND Pin=R7-2
Added Pin To Net: NetName=GND Pin=R11-1
Added Pin To Net: NetName=GND Pin=R17-2
Added Pin To Net: NetName=GND Pin=R18-2
Added Pin To Net: NetName=GND Pin=R19-2
Added Pin To Net: NetName=GND Pin=R20-2
Added Pin To Net: NetName=GND Pin=S1-1
Added Pin To Net: NetName=GND Pin=S1-2
Added Pin To Net: NetName=GND Pin=S2-1
Added Pin To Net: NetName=GND Pin=S2-2
Added Pin To Net: NetName=GND Pin=S3-1
Added Pin To Net: NetName=GND Pin=S3-2
Added Pin To Net: NetName=GND Pin=S4-1
Added Pin To Net: NetName=GND Pin=S4-2
Added Pin To Net: NetName=GND Pin=U1-1
Added Pin To Net: NetName=GND Pin=U1-4
Added Pin To Net: NetName=GND Pin=U1-5
Added Pin To Net: NetName=GND Pin=U1-15
Added Pin To Net: NetName=GND Pin=U1-38
Added Pin To Net: NetName=GND Pin=U1-39
Added Pin To Net: NetName=GND Pin=U2-2
Added Pin To Net: NetName=GND Pin=U3-2
Added Net: Name=GND
Added Pin To Net: NetName=GPIO0 Pin=Q1-3
Added Pin To Net: NetName=GPIO0 Pin=U1-25
Added Net: Name=GPIO0
Added Pin To Net: NetName=LED_1 Pin=C13-1
Added Pin To Net: NetName=LED_1 Pin=U1-26
Added Net: Name=LED_1
Added Pin To Net: NetName=LED_2 Pin=C14-1
Added Pin To Net: NetName=LED_2 Pin=U1-29
Added Net: Name=LED_2
Added Pin To Net: NetName=LED_3 Pin=C15-1
Added Pin To Net: NetName=LED_3 Pin=U1-14
Added Net: Name=LED_3
Added Pin To Net: NetName=LED_4 Pin=C16-1
Added Pin To Net: NetName=LED_4 Pin=U1-16
Added Net: Name=LED_4
Added Pin To Net: NetName=Net1_7 Pin=1-7
Added Pin To Net: NetName=Net1_7 Pin=R1-2
Added Net: Name=Net1_7
Added Pin To Net: NetName=Net1_13 Pin=1-13
Added Pin To Net: NetName=Net1_13 Pin=R2-2
Added Net: Name=Net1_13
Added Pin To Net: NetName=Net3_COM Pin=3-COM
Added Pin To Net: NetName=Net3_COM Pin=U2-1
Added Net: Name=Net3_COM
Added Pin To Net: NetName=Net3_L2 Pin=3-L2
Added Pin To Net: NetName=Net3_L2 Pin=D1-2
Added Pin To Net: NetName=Net3_L2 Pin=T1-2
Added Pin To Net: NetName=Net3_L2 Pin=U2-6
Added Net: Name=Net3_L2
Added Pin To Net: NetName=NetC8_2 Pin=C8-2
Added Pin To Net: NetName=NetC8_2 Pin=R7-1
Added Net: Name=NetC8_2
Added Pin To Net: NetName=NetC12_2 Pin=C12-2
Added Pin To Net: NetName=NetC12_2 Pin=R14-2
Added Net: Name=NetC12_2
Added Pin To Net: NetName=NetQ1_1 Pin=Q1-1
Added Pin To Net: NetName=NetQ1_1 Pin=R9-2
Added Net: Name=NetQ1_1
Added Pin To Net: NetName=NetQ2_1 Pin=Q2-1
Added Pin To Net: NetName=NetQ2_1 Pin=R10-2
Added Net: Name=NetQ2_1
Added Pin To Net: NetName=NetR3_1 Pin=R3-1
Added Pin To Net: NetName=NetR3_1 Pin=R4-2
Added Pin To Net: NetName=NetR3_1 Pin=U1-7
Added Net: Name=NetR3_1
Added Pin To Net: NetName=NetR11_2 Pin=R11-2
Added Pin To Net: NetName=NetR11_2 Pin=U3-5
Added Net: Name=NetR11_2
Added Pin To Net: NetName=NetR14_1 Pin=R14-1
Added Pin To Net: NetName=NetR14_1 Pin=U3-1
Added Net: Name=NetR14_1
Added Pin To Net: NetName=RESET Pin=C10-1
Added Pin To Net: NetName=RESET Pin=Q2-3
Added Pin To Net: NetName=RESET Pin=R8-2
Added Pin To Net: NetName=RESET Pin=S1-3
Added Pin To Net: NetName=RESET Pin=S1-4
Added Pin To Net: NetName=RESET Pin=U1-3
Added Net: Name=RESET
Added Pin To Net: NetName=RTS Pin=2-14
Added Pin To Net: NetName=RTS Pin=Q2-2
Added Pin To Net: NetName=RTS Pin=R9-1
Added Net: Name=RTS
Added Pin To Net: NetName=RX Pin=2-3
Added Pin To Net: NetName=RX Pin=U1-34
Added Net: Name=RX
Added Pin To Net: NetName=SCL_ESP Pin=1-10
Added Pin To Net: NetName=SCL_ESP Pin=L1-3
Added Pin To Net: NetName=SCL_ESP Pin=P2-3
Added Pin To Net: NetName=SCL_ESP Pin=R12-2
Added Pin To Net: NetName=SCL_ESP Pin=R13-2
Added Pin To Net: NetName=SCL_ESP Pin=U1-36
Added Net: Name=SCL_ESP
Added Pin To Net: NetName=SDA_ESP Pin=1-9
Added Pin To Net: NetName=SDA_ESP Pin=L1-4
Added Pin To Net: NetName=SDA_ESP Pin=P2-4
Added Pin To Net: NetName=SDA_ESP Pin=R15-2
Added Pin To Net: NetName=SDA_ESP Pin=R16-2
Added Pin To Net: NetName=SDA_ESP Pin=U1-37
Added Net: Name=SDA_ESP
Added Pin To Net: NetName=SDB Pin=1-11
Added Pin To Net: NetName=SDB Pin=C9-1
Added Pin To Net: NetName=SDB Pin=R6-2
Added Net: Name=SDB
Added Pin To Net: NetName=SW1 Pin=1-16
Added Pin To Net: NetName=SW1 Pin=P5-9
Added Net: Name=SW1
Added Pin To Net: NetName=SW2 Pin=1-17
Added Pin To Net: NetName=SW2 Pin=P5-8
Added Net: Name=SW2
Added Pin To Net: NetName=SW3 Pin=1-18
Added Pin To Net: NetName=SW3 Pin=P5-7
Added Net: Name=SW3
Added Pin To Net: NetName=SW4 Pin=1-19
Added Pin To Net: NetName=SW4 Pin=P5-6
Added Net: Name=SW4
Added Pin To Net: NetName=SW5 Pin=1-20
Added Pin To Net: NetName=SW5 Pin=P5-5
Added Net: Name=SW5
Added Pin To Net: NetName=SW6 Pin=1-21
Added Pin To Net: NetName=SW6 Pin=P5-4
Added Net: Name=SW6
Added Pin To Net: NetName=SW7 Pin=1-22
Added Pin To Net: NetName=SW7 Pin=P5-3
Added Net: Name=SW7
Added Pin To Net: NetName=SW8 Pin=1-23
Added Pin To Net: NetName=SW8 Pin=P5-2
Added Net: Name=SW8
Added Pin To Net: NetName=SW9 Pin=1-24
Added Pin To Net: NetName=SW9 Pin=P5-1
Added Net: Name=SW9
Added Pin To Net: NetName=TX Pin=2-2
Added Pin To Net: NetName=TX Pin=U1-35
Added Net: Name=TX
Added Pin To Net: NetName=Vbat Pin=C11-2
Added Pin To Net: NetName=Vbat Pin=P1-1
Added Pin To Net: NetName=Vbat Pin=R3-2
Added Pin To Net: NetName=Vbat Pin=T1-3
Added Pin To Net: NetName=Vbat Pin=U3-3
Added Net: Name=Vbat
Added Pin To Net: NetName=VBus Pin=C12-1
Added Pin To Net: NetName=VBus Pin=D1-1
Added Pin To Net: NetName=VBus Pin=J1-1
Added Pin To Net: NetName=VBus Pin=R5-1
Added Pin To Net: NetName=VBus Pin=T1-1
Added Pin To Net: NetName=VBus Pin=U3-4
Added Net: Name=VBus
Added Pin To Net: NetName=VCC3V3 Pin=1-14
Added Pin To Net: NetName=VCC3V3 Pin=1-15
Added Pin To Net: NetName=VCC3V3 Pin=1-25
Added Pin To Net: NetName=VCC3V3 Pin=2-4
Added Pin To Net: NetName=VCC3V3 Pin=2-16
Added Pin To Net: NetName=VCC3V3 Pin=C1-2
Added Pin To Net: NetName=VCC3V3 Pin=C2-2
Added Pin To Net: NetName=VCC3V3 Pin=C3-2
Added Pin To Net: NetName=VCC3V3 Pin=C4-2
Added Pin To Net: NetName=VCC3V3 Pin=C5-2
Added Pin To Net: NetName=VCC3V3 Pin=C6-2
Added Pin To Net: NetName=VCC3V3 Pin=C7-2
Added Pin To Net: NetName=VCC3V3 Pin=C8-1
Added Pin To Net: NetName=VCC3V3 Pin=L1-2
Added Pin To Net: NetName=VCC3V3 Pin=P2-2
Added Pin To Net: NetName=VCC3V3 Pin=R8-1
Added Pin To Net: NetName=VCC3V3 Pin=R12-1
Added Pin To Net: NetName=VCC3V3 Pin=R16-1
Added Pin To Net: NetName=VCC3V3 Pin=U1-2
Added Pin To Net: NetName=VCC3V3 Pin=U2-4
Added Pin To Net: NetName=VCC3V3 Pin=U2-5
Added Net: Name=VCC3V3
Added Pin To Net: NetName=VCC5V Pin=P2-1
Added Pin To Net: NetName=VCC5V Pin=R13-1
Added Pin To Net: NetName=VCC5V Pin=R15-1
Added Net: Name=VCC5V
Added Member To Class: ClassName=Sheet2 Member=Component 2 CH340G
Added Member To Class: ClassName=Sheet2 Member=Component 3 Footprint of the VIMEX MSK-12C02 SPDT SMD Switch Created by mzst on 17-Jan-2016
Added Member To Class: ClassName=Sheet2 Member=Component C1 0.1uF
Added Member To Class: ClassName=Sheet2 Member=Component C2 1uF
Added Member To Class: ClassName=Sheet2 Member=Component C3 0.1uF
Added Member To Class: ClassName=Sheet2 Member=Component C4 1uF
Added Member To Class: ClassName=Sheet2 Member=Component C5 0.1uF
Added Member To Class: ClassName=Sheet2 Member=Component C6 1uF
Added Member To Class: ClassName=Sheet2 Member=Component C7 22uF
Added Member To Class: ClassName=Sheet2 Member=Component C8 LED
Added Member To Class: ClassName=Sheet2 Member=Component C9 0.1uF
Added Member To Class: ClassName=Sheet2 Member=Component C10 Capacitor
Added Member To Class: ClassName=Sheet2 Member=Component C11 10uF
Added Member To Class: ClassName=Sheet2 Member=Component C12 LED
Added Member To Class: ClassName=Sheet2 Member=Component C13 LED
Added Member To Class: ClassName=Sheet2 Member=Component C14 LED
Added Member To Class: ClassName=Sheet2 Member=Component C15 LED
Added Member To Class: ClassName=Sheet2 Member=Component C16 LED
Added Member To Class: ClassName=Sheet2 Member=Component D1 B5819W
Added Member To Class: ClassName=Sheet2 Member=Component J1 105443-1101
Added Member To Class: ClassName=Sheet2 Member=Component L1 OLED I2C 0.96' 128X64
Added Member To Class: ClassName=Sheet2 Member=Component P1 53261-0271
Added Member To Class: ClassName=Sheet2 Member=Component P2 Header 5
Added Member To Class: ClassName=Sheet2 Member=Component Q1 MMBT2222LT1G
Added Member To Class: ClassName=Sheet2 Member=Component Q2 MMBT2222LT1G
Added Member To Class: ClassName=Sheet2 Member=Component R1 Res1
Added Member To Class: ClassName=Sheet2 Member=Component R2 Res1
Added Member To Class: ClassName=Sheet2 Member=Component R3 Res1
Added Member To Class: ClassName=Sheet2 Member=Component R4 Res1
Added Member To Class: ClassName=Sheet2 Member=Component R5 Res1
Added Member To Class: ClassName=Sheet2 Member=Component R6 Res1
Added Member To Class: ClassName=Sheet2 Member=Component R7 Res1
Added Member To Class: ClassName=Sheet2 Member=Component R8 Res1
Added Member To Class: ClassName=Sheet2 Member=Component R9 Res1
Added Member To Class: ClassName=Sheet2 Member=Component R10 Res1
Added Member To Class: ClassName=Sheet2 Member=Component R11 Res1
Added Member To Class: ClassName=Sheet2 Member=Component R12 Res1
Added Member To Class: ClassName=Sheet2 Member=Component R13 Res1
Added Member To Class: ClassName=Sheet2 Member=Component R14 Res1
Added Member To Class: ClassName=Sheet2 Member=Component R15 Res1
Added Member To Class: ClassName=Sheet2 Member=Component R16 Res1
Added Member To Class: ClassName=Sheet2 Member=Component R17 Res1
Added Member To Class: ClassName=Sheet2 Member=Component R18 Res1
Added Member To Class: ClassName=Sheet2 Member=Component R19 Res1
Added Member To Class: ClassName=Sheet2 Member=Component R20 Res1
Added Member To Class: ClassName=Sheet2 Member=Component S1 DTSM-6
Added Member To Class: ClassName=Sheet2 Member=Component S2 DTSM-6
Added Member To Class: ClassName=Sheet2 Member=Component S3 DTSM-6
Added Member To Class: ClassName=Sheet2 Member=Component S4 DTSM-6
Added Member To Class: ClassName=Sheet2 Member=Component T1 DMP2045U
Added Member To Class: ClassName=Sheet2 Member=Component U1 ESP32-WROOM-32D
Added Member To Class: ClassName=Sheet2 Member=Component U2 NCP708
Added Member To Class: ClassName=Sheet2 Member=Component U3 MCP73831T-2ADI/OT
