Change Component Designator: Old Designator=C145 New Designator=C1
Change Component Designator: Old Designator=C146 New Designator=C2
Change Component Designator: Old Designator=C147 New Designator=C3
Change Component Designator: Old Designator=C148 New Designator=C6
Change Component Designator: Old Designator=C149 New Designator=C7
Change Component Designator: Old Designator=C150 New Designator=C4
Change Component Designator: Old Designator=C150 New Designator=C5
Change Component Designator: Old Designator=C151 New Designator=C8
Change Component Designator: Old Designator=P3 New Designator=P4
Change Component Designator: Old Designator=P4 New Designator=P5
Change Component Designator: Old Designator=P5 New Designator=P3
Change Component Designator: Old Designator=R2 New Designator=R10
Change Component Designator: Old Designator=R3 New Designator=R11
Change Component Designator: Old Designator=R4 New Designator=R2
Change Component Designator: Old Designator=R5 New Designator=R13
Change Component Designator: Old Designator=R6 New Designator=R12
Change Component Designator: Old Designator=R7 New Designator=R6
Change Component Designator: Old Designator=R9 New Designator=R4
Change Component Designator: Old Designator=R9 New Designator=R7
Change Component Designator: Old Designator=R10 New Designator=R9
Change Component Designator: Old Designator=R11 New Designator=R3
Change Component Designator: Old Designator=R12 New Designator=R5
Change Component Designator: Old Designator=S1 New Designator=S2
Change Component Designator: Old Designator=S2 New Designator=S3
Change Component Designator: Old Designator=S3 New Designator=S4
Change Component Designator: Old Designator=S4 New Designator=S1
Change Component Designator: Old Designator=U2 New Designator=U3
Change Component Designator: Old Designator=U3 New Designator=U2
