PCAD Importer Log
Project : NCP1450ASN27T1G.LibPkg

Section : C:\Users\Afonso Muralha\Documents\GitHub\0603-Led-Matrix\PCB\Control_Board\NCP1450ASN27T1G.lia
    Section : PCB Library - NCP1450ASN27T1G.PcbLib
        Section : Load Messages
            Warning - 1 : Skipping Token NCP1450ASN27T1G On Line 135
            Warning - 1 : Skipping Token attachedSymbol On Line 212
        EndSection

        Section : Import Messages
        EndSection
    EndSection

    Section : SCH Library - NCP1450ASN27T1G.SchLib
        Section : Parsing Messages
            Warning - 1 : Skipping Token padStyleDef On Line 9
            Warning - 1 : Skipping Token multiLayer On Line 84
            Warning - 1 : Skipping Token layerContents On Line 91
            Warning - 1 : Skipping Token layerContents On Line 127
        EndSection

        Section : Generating SCH Library - NCP1450ASN27T1G.SchLib
        EndSection
    EndSection
EndSection
